#
# A fatal error has been detected by the Java Runtime Environment:
#
#  SIGSEGV (0xb) at pc=0x00007fd8db33da68, pid=20079, tid=0x00007fd96255a700
#
# JRE version: Java(TM) SE Runtime Environment (8.0_201-b09) (build 1.8.0_201-b09)
# Java VM: Java HotSpot(TM) 64-Bit Server VM (25.201-b09 mixed mode linux-amd64 compressed oops)
# Problematic frame:
# C  [libnvidia-glcore.so.390.77+0x1145a68]
#
# Failed to write core dump. Core dumps have been disabled. To enable core dumping, try "ulimit -c unlimited" before starting Java again
#
# If you would like to submit a bug report, please visit:
#   http://bugreport.java.com/bugreport/crash.jsp
# The crash happened outside the Java Virtual Machine in native code.
# See problematic frame for where to report the bug.
#

---------------  T H R E A D  ---------------

Current thread (0x00007fd95c00d800):  JavaThread "main" [_thread_in_native, id=20081, stack(0x00007fd96245b000,0x00007fd96255b000)]

siginfo: si_signo: 11 (SIGSEGV), si_code: 1 (SEGV_MAPERR), si_addr: 0x0000000000000000

Registers:
RAX=0x0000000000000000, RBX=0x000000000000004a, RCX=0x00007fd8db34dc30, RDX=0x00000000000fff00
RSP=0x00007fd962557410, RBP=0x00007fd8d8397040, RSI=0x00007fd8d8397000, RDI=0x0000000000000000
R8 =0x0000000000000001, R9 =0x000000000000005d, R10=0x0000000000000001, R11=0x0000000000000246
R12=0x0000000000000000, R13=0x00000000000ffec0, R14=0x0000000000000000, R15=0x00000000000fff00
RIP=0x00007fd8db33da68, EFLAGS=0x0000000000010202, CSGSFS=0x002b000000000033, ERR=0x0000000000000006
  TRAPNO=0x000000000000000e

Top of Stack: (sp=0x00007fd962557410)
0x00007fd962557410:   0000000000000000 000000000000004a
0x00007fd962557420:   00007fd8d8397000 0000000000000000
0x00007fd962557430:   0000000000000111 00007fd8db33fc62
0x00007fd962557440:   0000000000000000 00007fd900000000
0x00007fd962557450:   0000000000000000 00007fd9000003c0
0x00007fd962557460:   00007fd900000111 00007fd900000001
0x00007fd962557470:   00007fd962559490 000000000000004a
0x00007fd962557480:   00007fd900000000 00007fd9d8598b68
0x00007fd962557490:   00007fd962557640 00007fd962557550
0x00007fd9625574a0:   01007fd95c00d800 00007fd962559490
0x00007fd9625574b0:   00017fd962557580 00007fd962559100
0x00007fd9625574c0:   00007fd95c893ca0 00000001013854b1
0x00007fd9625574d0:   00000000409dd000 00007fd95c6345f0
0x00007fd9625574e0:   0000000000000000 0000000160e113ef
0x00007fd9625574f0:   0000000000000111 00000f0000000000
0x00007fd962557500:   0000000affffffff 000003c00000019a
0x00007fd962557510:   0000000700100000 000000076cb09f88
0x00007fd962557520:   00007fd962557588 00007fd8db79cec0
0x00007fd962557530:   00007fd95ce955b0 00007fd8d8397000
0x00007fd962557540:   00000000000fff00 0000011100000001
0x00007fd962557550:   0000000100e00000 00000f40beef0202
0x00007fd962557560:   00000280000003c0 0000000900000001
0x00007fd962557570:   0000000000000009 0000000000000002
0x00007fd962557580:   000002ff000003cf 0000000000000001
0x00007fd962557590:   0000000000000004 0000000000000001
0x00007fd9625575a0:   0000000000000000 0000000000000000
0x00007fd9625575b0:   0000000000000000 0000000000000000
0x00007fd9625575c0:   0000000000000000 0000000000000000
0x00007fd9625575d0:   0000000000000000 0000000000000000
0x00007fd9625575e0:   0000000000000000 0000000000000004
0x00007fd9625575f0:   0000000000000006 0000000000000000
0x00007fd962557600:   0000000000000000 0000000000000000 

Instructions: (pc=0x00007fd8db33da68)
0x00007fd8db33da48:   00 00 66 0f 1f 44 00 00 0f 28 4d 10 49 83 ed 40
0x00007fd8db33da58:   0f 28 55 20 0f 28 5d 30 0f 28 45 00 48 83 c5 40
0x00007fd8db33da68:   41 0f 2b 04 24 41 0f 2b 4c 24 10 41 0f 2b 54 24
0x00007fd8db33da78:   20 41 0f 2b 5c 24 30 49 83 c4 40 49 83 fd 3f 77 

Register to memory mapping:

RAX=0x0000000000000000 is an unknown value
RBX=0x000000000000004a is an unknown value
RCX=0x00007fd8db34dc30: <offset 0x1155c30> in /usr/lib/x86_64-linux-gnu/libnvidia-glcore.so.390.77 at 0x00007fd8da1f8000
RDX=0x00000000000fff00 is an unknown value
RSP=0x00007fd962557410 is pointing into the stack for thread: 0x00007fd95c00d800
RBP=0x00007fd8d8397040 is an unknown value
RSI=0x00007fd8d8397000 is an unknown value
RDI=0x0000000000000000 is an unknown value
R8 =0x0000000000000001 is an unknown value
R9 =0x000000000000005d is an unknown value
R10=0x0000000000000001 is an unknown value
R11=0x0000000000000246 is an unknown value
R12=0x0000000000000000 is an unknown value
R13=0x00000000000ffec0 is an unknown value
R14=0x0000000000000000 is an unknown value
R15=0x00000000000fff00 is an unknown value


Stack: [0x00007fd96245b000,0x00007fd96255b000],  sp=0x00007fd962557410,  free space=1009k
Native frames: (J=compiled Java code, j=interpreted, Vv=VM code, C=native code)
C  [libnvidia-glcore.so.390.77+0x1145a68]

Java frames: (J=compiled Java code, j=interpreted, Vv=VM code)
j  org.lwjgl.opengl.GL11C.nglReadPixels(IIIIIIJ)V+0
j  org.lwjgl.opengl.GL11C.glReadPixels(IIIIIILjava/nio/ByteBuffer;)V+13
j  org.lwjgl.opengl.GL11.glReadPixels(IIIIIILjava/nio/ByteBuffer;)V+10
j  kjr.util.Screenshot.getImage(Ljava/awt/image/BufferedImage;Ljava/nio/ByteBuffer;II)Ljava/awt/image/BufferedImage;+55
j  kjr.util.Screenshot.screenshot(II)V+191
j  TestGame.draw()V+140
j  kjr.base.GameProgram.run()V+37
j  Main.main([Ljava/lang/String;)V+9
v  ~StubRoutines::call_stub

---------------  P R O C E S S  ---------------

Java Threads: ( => current thread )
  0x00007fd910001000 JavaThread "Attach Listener" daemon [_thread_blocked, id=20123, stack(0x00007fd8e009b000,0x00007fd8e019c000)]
  0x00007fd95c333000 JavaThread "Service Thread" daemon [_thread_blocked, id=20111, stack(0x00007fd9241ff000,0x00007fd924300000)]
  0x00007fd95c328000 JavaThread "C1 CompilerThread2" daemon [_thread_blocked, id=20110, stack(0x00007fd93322e000,0x00007fd93332e000)]
  0x00007fd95c326000 JavaThread "C2 CompilerThread1" daemon [_thread_blocked, id=20109, stack(0x00007fd93332f000,0x00007fd93342f000)]
  0x00007fd95c324000 JavaThread "C2 CompilerThread0" daemon [_thread_in_vm, id=20108, stack(0x00007fd933430000,0x00007fd933530000)]
  0x00007fd95c322800 JavaThread "Monitor Ctrl-Break" daemon [_thread_in_native, id=20107, stack(0x00007fd933530000,0x00007fd933631000)]
  0x00007fd95c1c6000 JavaThread "Signal Dispatcher" daemon [_thread_blocked, id=20104, stack(0x00007fd94808a000,0x00007fd94818b000)]
  0x00007fd95c193000 JavaThread "Finalizer" daemon [_thread_blocked, id=20098, stack(0x00007fd94818b000,0x00007fd94828c000)]
  0x00007fd95c190800 JavaThread "Reference Handler" daemon [_thread_blocked, id=20096, stack(0x00007fd94828c000,0x00007fd94838d000)]
=>0x00007fd95c00d800 JavaThread "main" [_thread_in_native, id=20081, stack(0x00007fd96245b000,0x00007fd96255b000)]

Other Threads:
  0x00007fd95c187000 VMThread [stack: 0x00007fd94838e000,0x00007fd94848e000] [id=20094]
  0x00007fd95c336000 WatcherThread [stack: 0x00007fd9240ff000,0x00007fd9241ff000] [id=20112]

VM state:not at safepoint (normal execution)

VM Mutex/Monitor currently owned by a thread: None

heap address: 0x00000006c6000000, size: 4000 MB, Compressed Oops mode: Zero based, Oop shift amount: 3
Narrow klass base: 0x0000000000000000, Narrow klass shift: 3
Compressed class space size: 1073741824 Address: 0x00000007c0000000

Heap:
 PSYoungGen      total 74752K, used 36046K [0x000000076cb00000, 0x0000000771e00000, 0x00000007c0000000)
  eden space 64512K, 55% used [0x000000076cb00000,0x000000076ee339a8,0x0000000770a00000)
  from space 10240K, 0% used [0x0000000771400000,0x0000000771400000,0x0000000771e00000)
  to   space 10240K, 0% used [0x0000000770a00000,0x0000000770a00000,0x0000000771400000)
 ParOldGen       total 171008K, used 0K [0x00000006c6000000, 0x00000006d0700000, 0x000000076cb00000)
  object space 171008K, 0% used [0x00000006c6000000,0x00000006c6000000,0x00000006d0700000)
 Metaspace       used 10989K, capacity 11271K, committed 11520K, reserved 1060864K
  class space    used 912K, capacity 1023K, committed 1024K, reserved 1048576K

Card table byte_map: [0x00007fd94b5d7000,0x00007fd94bda8000] byte_map_base: 0x00007fd947fa7000

Marking Bits: (ParMarkBitMap*) 0x00007fd96190cd80
 Begin Bits: [0x00007fd924300000, 0x00007fd928180000)
 End Bits:   [0x00007fd928180000, 0x00007fd92c000000)

Polling page: 0x00007fd96257c000

CodeCache: size=245760Kb used=3204Kb max_used=3204Kb free=242555Kb
 bounds [0x00007fd94c168000, 0x00007fd94c498000, 0x00007fd95b168000]
 total_blobs=1745 nmethods=773 adapters=886
 compilation: enabled

Compilation events (10 events):
Event: 1.800 Thread 0x00007fd95c328000  765   !   3       java.lang.StringCoding::decode (120 bytes)
Event: 1.804 Thread 0x00007fd95c328000 nmethod 765 0x00007fd94c47a110 code [0x00007fd94c47a460, 0x00007fd94c47be98]
Event: 1.804 Thread 0x00007fd95c328000  766   !   3       java.lang.StringCoding$StringDecoder::decode (179 bytes)
Event: 1.808 Thread 0x00007fd95c328000 nmethod 766 0x00007fd94c47df90 code [0x00007fd94c47e300, 0x00007fd94c47fff8]
Event: 1.817 Thread 0x00007fd95c328000  767       3       java.util.jar.JarFile::getJarEntry (9 bytes)
Event: 1.817 Thread 0x00007fd95c328000 nmethod 767 0x00007fd94c4817d0 code [0x00007fd94c481940, 0x00007fd94c481c48]
Event: 1.817 Thread 0x00007fd95c328000  772       3       java.util.zip.ZipCoder::getBytes (192 bytes)
Event: 1.817 Thread 0x00007fd95c324000  774   !   4       sun.misc.URLClassPath$JarLoader::getResource (85 bytes)
Event: 1.819 Thread 0x00007fd95c328000 nmethod 772 0x00007fd94c481d10 code [0x00007fd94c4820c0, 0x00007fd94c4843d8]
Event: 1.819 Thread 0x00007fd95c328000  773   !   3       java.lang.StringCoding$StringEncoder::encode (179 bytes)

GC Heap History (0 events):
No events

Deoptimization events (1 events):
Event: 0.130 Thread 0x00007fd95c00d800 Uncommon trap: reason=unstable_if action=reinterpret pc=0x00007fd94c2f2970 method=java.lang.String.replace(CC)Ljava/lang/String; @ 26

Classes redefined (0 events):
No events

Internal exceptions (10 events):
Event: 0.076 Thread 0x00007fd95c00d800 Exception <a 'java/lang/NoSuchMethodError': java.lang.Object.lambda$static$0(Ljava/lang/String;)Ljava/lang/Boolean;> (0x000000076d052470) thrown at [/HUDSON/workspace/8-2-build-linux-amd64/jdk8u201/12317/hotspot/src/share/vm/interpreter/linkResolver.cpp, 
Event: 0.085 Thread 0x00007fd95c00d800 Exception <a 'java/lang/NoSuchFieldError': method resolution failed> (0x000000076d0d4848) thrown at [/HUDSON/workspace/8-2-build-linux-amd64/jdk8u201/12317/hotspot/src/share/vm/prims/methodHandles.cpp, line 1167]
Event: 0.086 Thread 0x00007fd95c00d800 Exception <a 'java/lang/NoSuchFieldError': method resolution failed> (0x000000076d0e2720) thrown at [/HUDSON/workspace/8-2-build-linux-amd64/jdk8u201/12317/hotspot/src/share/vm/prims/methodHandles.cpp, line 1167]
Event: 0.118 Thread 0x00007fd95c00d800 Exception <a 'java/security/PrivilegedActionException'> (0x000000076d29f050) thrown at [/HUDSON/workspace/8-2-build-linux-amd64/jdk8u201/12317/hotspot/src/share/vm/prims/jvm.cpp, line 1502]
Event: 0.118 Thread 0x00007fd95c00d800 Exception <a 'java/security/PrivilegedActionException'> (0x000000076d29f260) thrown at [/HUDSON/workspace/8-2-build-linux-amd64/jdk8u201/12317/hotspot/src/share/vm/prims/jvm.cpp, line 1502]
Event: 0.118 Thread 0x00007fd95c00d800 Exception <a 'java/security/PrivilegedActionException'> (0x000000076d2a16c8) thrown at [/HUDSON/workspace/8-2-build-linux-amd64/jdk8u201/12317/hotspot/src/share/vm/prims/jvm.cpp, line 1502]
Event: 0.118 Thread 0x00007fd95c00d800 Exception <a 'java/security/PrivilegedActionException'> (0x000000076d2a18d8) thrown at [/HUDSON/workspace/8-2-build-linux-amd64/jdk8u201/12317/hotspot/src/share/vm/prims/jvm.cpp, line 1502]
Event: 0.231 Thread 0x00007fd95c00d800 Exception <a 'sun/nio/fs/UnixException'> (0x000000076d663690) thrown at [/HUDSON/workspace/8-2-build-linux-amd64/jdk8u201/12317/hotspot/src/share/vm/prims/jni.cpp, line 709]
Event: 1.818 Thread 0x00007fd95c00d800 Exception <a 'java/io/FileNotFoundException'> (0x000000076e8b4ab0) thrown at [/HUDSON/workspace/8-2-build-linux-amd64/jdk8u201/12317/hotspot/src/share/vm/prims/jni.cpp, line 709]
Event: 1.818 Thread 0x00007fd95c00d800 Exception <a 'java/io/FileNotFoundException'> (0x000000076e8b5468) thrown at [/HUDSON/workspace/8-2-build-linux-amd64/jdk8u201/12317/hotspot/src/share/vm/prims/jni.cpp, line 709]

Events (10 events):
Event: 1.816 loading class java/util/ListResourceBundle done
Event: 1.816 loading class sun/awt/resources/awt done
Event: 1.816 loading class sun/awt/resources/awt_en_CA
Event: 1.817 loading class sun/awt/resources/awt_en_CA done
Event: 1.817 loading class java/util/ResourceBundle$Control$1
Event: 1.817 loading class java/util/ResourceBundle$Control$1 done
Event: 1.818 loading class java/awt/Toolkit$3
Event: 1.818 loading class java/awt/Toolkit$3 done
Event: 1.818 loading class java/awt/Toolkit$1
Event: 1.818 loading class java/awt/Toolkit$1 done


Dynamic libraries:
00400000-00401000 r-xp 00000000 103:02 400763                            /usr/lib/jvm/java-8-oracle/bin/java
00600000-00601000 r--p 00000000 103:02 400763                            /usr/lib/jvm/java-8-oracle/bin/java
00601000-00602000 rw-p 00001000 103:02 400763                            /usr/lib/jvm/java-8-oracle/bin/java
022bf000-022e0000 rw-p 00000000 00:00 0                                  [heap]
406af000-406b1000 r-xs 00000000 103:02 11407750                          /tmp/.glmfJpgH (deleted)
409dd000-40a7e000 rw-p 00000000 00:00 0 
6c6000000-6d0700000 rw-p 00000000 00:00 0 
6d0700000-76cb00000 ---p 00000000 00:00 0 
76cb00000-771e00000 rw-p 00000000 00:00 0 
771e00000-7c0000000 ---p 00000000 00:00 0 
7c0000000-7c0100000 rw-p 00000000 00:00 0 
7c0100000-800000000 ---p 00000000 00:00 0 
7fd8c4000000-7fd8c4021000 rw-p 00000000 00:00 0 
7fd8c4021000-7fd8c8000000 ---p 00000000 00:00 0 
7fd8c9749000-7fd8ccffd000 rw-p 00000000 00:00 0 
7fd8d4000000-7fd8d4021000 rw-p 00000000 00:00 0 
7fd8d4021000-7fd8d8000000 ---p 00000000 00:00 0 
7fd8d8397000-7fd8d8597000 rw-s 00000000 00:06 447                        /dev/nvidiactl
7fd8d8597000-7fd8d85d7000 rw-p 00000000 00:00 0 
7fd8d85d7000-7fd8d8797000 ---p 00000000 00:00 0 
7fd8d8797000-7fd8d879c000 r-xp 00000000 103:02 400966                    /usr/lib/x86_64-linux-gnu/libXtst.so.6.1.0
7fd8d879c000-7fd8d899b000 ---p 00005000 103:02 400966                    /usr/lib/x86_64-linux-gnu/libXtst.so.6.1.0
7fd8d899b000-7fd8d899c000 r--p 00004000 103:02 400966                    /usr/lib/x86_64-linux-gnu/libXtst.so.6.1.0
7fd8d899c000-7fd8d899d000 rw-p 00005000 103:02 400966                    /usr/lib/x86_64-linux-gnu/libXtst.so.6.1.0
7fd8d899d000-7fd8d89f0000 r-xp 00000000 103:02 404320                    /usr/lib/jvm/java-8-oracle/jre/lib/amd64/libawt_xawt.so
7fd8d89f0000-7fd8d8bef000 ---p 00053000 103:02 404320                    /usr/lib/jvm/java-8-oracle/jre/lib/amd64/libawt_xawt.so
7fd8d8bef000-7fd8d8bf0000 r--p 00052000 103:02 404320                    /usr/lib/jvm/java-8-oracle/jre/lib/amd64/libawt_xawt.so
7fd8d8bf0000-7fd8d8bf3000 rw-p 00053000 103:02 404320                    /usr/lib/jvm/java-8-oracle/jre/lib/amd64/libawt_xawt.so
7fd8d8bf3000-7fd8d8bf4000 rw-p 00000000 00:00 0 
7fd8d8bf4000-7fd8d8c94000 r-xp 00000000 103:02 404306                    /usr/lib/jvm/java-8-oracle/jre/lib/amd64/libawt.so
7fd8d8c94000-7fd8d8e93000 ---p 000a0000 103:02 404306                    /usr/lib/jvm/java-8-oracle/jre/lib/amd64/libawt.so
7fd8d8e93000-7fd8d8e94000 r--p 0009f000 103:02 404306                    /usr/lib/jvm/java-8-oracle/jre/lib/amd64/libawt.so
7fd8d8e94000-7fd8d8e9f000 rw-p 000a0000 103:02 404306                    /usr/lib/jvm/java-8-oracle/jre/lib/amd64/libawt.so
7fd8d8e9f000-7fd8d8ec4000 rw-p 00000000 00:00 0 
7fd8d8ec4000-7fd8d90c4000 rw-s 00000000 00:06 447                        /dev/nvidiactl
7fd8d90c4000-7fd8d972d000 rw-s 00000000 00:06 447                        /dev/nvidiactl
7fd8d972d000-7fd8d978d000 r-xp 00000000 103:02 11407759                  /tmp/lwjglmatthew/3.2.1-build-12/liblwjgl_stb.so
7fd8d978d000-7fd8d998c000 ---p 00060000 103:02 11407759                  /tmp/lwjglmatthew/3.2.1-build-12/liblwjgl_stb.so
7fd8d998c000-7fd8d998d000 r--p 0005f000 103:02 11407759                  /tmp/lwjglmatthew/3.2.1-build-12/liblwjgl_stb.so
7fd8d998d000-7fd8d998e000 rw-p 00060000 103:02 11407759                  /tmp/lwjglmatthew/3.2.1-build-12/liblwjgl_stb.so
7fd8d998e000-7fd8d998f000 rw-p 00000000 00:00 0 
7fd8d998f000-7fd8d9b8f000 rw-s 00000000 00:06 447                        /dev/nvidiactl
7fd8d9b8f000-7fd8da1f8000 rw-p 00000000 00:00 0 
7fd8da1f8000-7fd8db617000 r-xp 00000000 103:02 396574                    /usr/lib/x86_64-linux-gnu/libnvidia-glcore.so.390.77
7fd8db617000-7fd8db638000 rwxp 0141f000 103:02 396574                    /usr/lib/x86_64-linux-gnu/libnvidia-glcore.so.390.77
7fd8db638000-7fd8dba74000 r-xp 01440000 103:02 396574                    /usr/lib/x86_64-linux-gnu/libnvidia-glcore.so.390.77
7fd8dba74000-7fd8dbc73000 ---p 0187c000 103:02 396574                    /usr/lib/x86_64-linux-gnu/libnvidia-glcore.so.390.77
7fd8dbc73000-7fd8dbfe6000 rw-p 0187b000 103:02 396574                    /usr/lib/x86_64-linux-gnu/libnvidia-glcore.so.390.77
7fd8dbfe6000-7fd8dc000000 rw-p 00000000 00:00 0 
7fd8dc000000-7fd8dc021000 rw-p 00000000 00:00 0 
7fd8dc021000-7fd8e0000000 ---p 00000000 00:00 0 
7fd8e009b000-7fd8e009e000 ---p 00000000 00:00 0 
7fd8e009e000-7fd8e039c000 rw-p 00000000 00:00 0 
7fd8e039c000-7fd8e03dc000 rw-s 00000000 103:02 12321232                  /home/matthew/#12321232 (deleted)
7fd8e03dc000-7fd8e041c000 r-xs 00000000 103:02 12321232                  /home/matthew/#12321232 (deleted)
7fd8e041c000-7fd8e0473000 r-xp 00000000 103:02 11407758                  /tmp/lwjglmatthew/3.2.1-build-12/liblwjgl_opengl.so
7fd8e0473000-7fd8e0672000 ---p 00057000 103:02 11407758                  /tmp/lwjglmatthew/3.2.1-build-12/liblwjgl_opengl.so
7fd8e0672000-7fd8e0673000 r--p 00056000 103:02 11407758                  /tmp/lwjglmatthew/3.2.1-build-12/liblwjgl_opengl.so
7fd8e0673000-7fd8e0674000 rw-p 00057000 103:02 11407758                  /tmp/lwjglmatthew/3.2.1-build-12/liblwjgl_opengl.so
7fd8e0674000-7fd8e06f4000 rw-s 00000000 00:06 447                        /dev/nvidiactl
7fd8e06f4000-7fd8e0774000 rw-s 00000000 00:06 447                        /dev/nvidiactl
7fd8e0774000-7fd8e07f4000 rw-s 00000000 00:06 447                        /dev/nvidiactl
7fd8e07f4000-7fd8e08f4000 rw-s 00000000 00:06 447                        /dev/nvidiactl
7fd8e08f4000-7fd8e0934000 rw-s 00000000 00:06 447                        /dev/nvidiactl
7fd8e0934000-7fd8e0937000 r-xp 00000000 103:02 396578                    /usr/lib/x86_64-linux-gnu/tls/libnvidia-tls.so.390.77
7fd8e0937000-7fd8e0b37000 ---p 00003000 103:02 396578                    /usr/lib/x86_64-linux-gnu/tls/libnvidia-tls.so.390.77
7fd8e0b37000-7fd8e0b38000 rw-p 00003000 103:02 396578                    /usr/lib/x86_64-linux-gnu/tls/libnvidia-tls.so.390.77
7fd8e0b38000-7fd8e0c01000 r-xp 00000000 103:02 396571                    /usr/lib/x86_64-linux-gnu/libGLX_nvidia.so.390.77
7fd8e0c01000-7fd8e0c35000 rwxp 000c9000 103:02 396571                    /usr/lib/x86_64-linux-gnu/libGLX_nvidia.so.390.77
7fd8e0c35000-7fd8e0c49000 r-xp 000fd000 103:02 396571                    /usr/lib/x86_64-linux-gnu/libGLX_nvidia.so.390.77
7fd8e0c49000-7fd8e0e49000 ---p 00111000 103:02 396571                    /usr/lib/x86_64-linux-gnu/libGLX_nvidia.so.390.77
7fd8e0e49000-7fd8e0e6e000 rw-p 00111000 103:02 396571                    /usr/lib/x86_64-linux-gnu/libGLX_nvidia.so.390.77
7fd8e0e6e000-7fd8e0e75000 rw-p 00000000 00:00 0 
7fd8e0e75000-7fd8e0eb7000 r-xp 00000000 103:02 398962                    /usr/lib/x86_64-linux-gnu/libGLdispatch.so.0.0.0
7fd8e0eb7000-7fd8e0ed0000 r-xp 00042000 103:02 398962                    /usr/lib/x86_64-linux-gnu/libGLdispatch.so.0.0.0
7fd8e0ed0000-7fd8e0ee3000 r-xp 0005b000 103:02 398962                    /usr/lib/x86_64-linux-gnu/libGLdispatch.so.0.0.0
7fd8e0ee3000-7fd8e10e2000 ---p 0006e000 103:02 398962                    /usr/lib/x86_64-linux-gnu/libGLdispatch.so.0.0.0
7fd8e10e2000-7fd8e110a000 r--p 0006d000 103:02 398962                    /usr/lib/x86_64-linux-gnu/libGLdispatch.so.0.0.0
7fd8e110a000-7fd8e110b000 rw-p 00095000 103:02 398962                    /usr/lib/x86_64-linux-gnu/libGLdispatch.so.0.0.0
7fd8e110b000-7fd8e112b000 rw-p 00000000 00:00 0 
7fd8e112b000-7fd8e113b000 r-xp 00000000 103:02 398958                    /usr/lib/x86_64-linux-gnu/libGLX.so.0.0.0
7fd8e113b000-7fd8e133a000 ---p 00010000 103:02 398958                    /usr/lib/x86_64-linux-gnu/libGLX.so.0.0.0
7fd8e133a000-7fd8e133b000 r--p 0000f000 103:02 398958                    /usr/lib/x86_64-linux-gnu/libGLX.so.0.0.0
7fd8e133b000-7fd8e133c000 rw-p 00010000 103:02 398958                    /usr/lib/x86_64-linux-gnu/libGLX.so.0.0.0
7fd8e133c000-7fd8e135c000 rw-p 00000000 00:00 0 
7fd8e135c000-7fd8e13a0000 r-xp 00000000 103:02 398956                    /usr/lib/x86_64-linux-gnu/libGL.so.1.0.0
7fd8e13a0000-7fd8e13b9000 r-xp 00044000 103:02 398956                    /usr/lib/x86_64-linux-gnu/libGL.so.1.0.0
7fd8e13b9000-7fd8e13cd000 r-xp 0005d000 103:02 398956                    /usr/lib/x86_64-linux-gnu/libGL.so.1.0.0
7fd8e13cd000-7fd8e15cc000 ---p 00071000 103:02 398956                    /usr/lib/x86_64-linux-gnu/libGL.so.1.0.0
7fd8e15cc000-7fd8e15e6000 r--p 00070000 103:02 398956                    /usr/lib/x86_64-linux-gnu/libGL.so.1.0.0
7fd8e15e6000-7fd8e15e7000 rw-p 0008a000 103:02 398956                    /usr/lib/x86_64-linux-gnu/libGL.so.1.0.0
7fd8e15e7000-7fd8e15e8000 rw-p 00000000 00:00 0 
7fd8e15e8000-7fd8e15e9000 r-xp 00000000 103:02 398879                    /usr/lib/x86_64-linux-gnu/libX11-xcb.so.1.0.0
7fd8e15e9000-7fd8e17e8000 ---p 00001000 103:02 398879                    /usr/lib/x86_64-linux-gnu/libX11-xcb.so.1.0.0
7fd8e17e8000-7fd8e17e9000 r--p 00000000 103:02 398879                    /usr/lib/x86_64-linux-gnu/libX11-xcb.so.1.0.0
7fd8e17e9000-7fd8e17ea000 rw-p 00001000 103:02 398879                    /usr/lib/x86_64-linux-gnu/libX11-xcb.so.1.0.0
7fd8e17ea000-7fd8e17ec000 r-xp 00000000 103:02 400950                    /usr/lib/x86_64-linux-gnu/libXinerama.so.1.0.0
7fd8e17ec000-7fd8e19eb000 ---p 00002000 103:02 400950                    /usr/lib/x86_64-linux-gnu/libXinerama.so.1.0.0
7fd8e19eb000-7fd8e19ec000 r--p 00001000 103:02 400950                    /usr/lib/x86_64-linux-gnu/libXinerama.so.1.0.0
7fd8e19ec000-7fd8e19ed000 rw-p 00002000 103:02 400950                    /usr/lib/x86_64-linux-gnu/libXinerama.so.1.0.0
7fd8e19ed000-7fd8e19f2000 r-xp 00000000 103:02 400942                    /usr/lib/x86_64-linux-gnu/libXfixes.so.3.1.0
7fd8e19f2000-7fd8e1bf1000 ---p 00005000 103:02 400942                    /usr/lib/x86_64-linux-gnu/libXfixes.so.3.1.0
7fd8e1bf1000-7fd8e1bf2000 r--p 00004000 103:02 400942                    /usr/lib/x86_64-linux-gnu/libXfixes.so.3.1.0
7fd8e1bf2000-7fd8e1bf3000 rw-p 00005000 103:02 400942                    /usr/lib/x86_64-linux-gnu/libXfixes.so.3.1.0
7fd8e1bf3000-7fd8e1bfc000 r-xp 00000000 103:02 400934                    /usr/lib/x86_64-linux-gnu/libXcursor.so.1.0.2
7fd8e1bfc000-7fd8e1dfb000 ---p 00009000 103:02 400934                    /usr/lib/x86_64-linux-gnu/libXcursor.so.1.0.2
7fd8e1dfb000-7fd8e1dfc000 r--p 00008000 103:02 400934                    /usr/lib/x86_64-linux-gnu/libXcursor.so.1.0.2
7fd8e1dfc000-7fd8e1dfd000 rw-p 00009000 103:02 400934                    /usr/lib/x86_64-linux-gnu/libXcursor.so.1.0.2
7fd8e1dfd000-7fd8e1e06000 r-xp 00000000 103:02 400960                    /usr/lib/x86_64-linux-gnu/libXrender.so.1.3.0
7fd8e1e06000-7fd8e2005000 ---p 00009000 103:02 400960                    /usr/lib/x86_64-linux-gnu/libXrender.so.1.3.0
7fd8e2005000-7fd8e2006000 r--p 00008000 103:02 400960                    /usr/lib/x86_64-linux-gnu/libXrender.so.1.3.0
7fd8e2006000-7fd8e2007000 rw-p 00009000 103:02 400960                    /usr/lib/x86_64-linux-gnu/libXrender.so.1.3.0
7fd8e2007000-7fd8e2011000 r-xp 00000000 103:02 400958                    /usr/lib/x86_64-linux-gnu/libXrandr.so.2.2.0
7fd8e2011000-7fd8e2210000 ---p 0000a000 103:02 400958                    /usr/lib/x86_64-linux-gnu/libXrandr.so.2.2.0
7fd8e2210000-7fd8e2211000 r--p 00009000 103:02 400958                    /usr/lib/x86_64-linux-gnu/libXrandr.so.2.2.0
7fd8e2211000-7fd8e2212000 rw-p 0000a000 103:02 400958                    /usr/lib/x86_64-linux-gnu/libXrandr.so.2.2.0
7fd8e2212000-7fd8e2221000 r-xp 00000000 103:02 400948                    /usr/lib/x86_64-linux-gnu/libXi.so.6.1.0
7fd8e2221000-7fd8e2420000 ---p 0000f000 103:02 400948                    /usr/lib/x86_64-linux-gnu/libXi.so.6.1.0
7fd8e2420000-7fd8e2421000 r--p 0000e000 103:02 400948                    /usr/lib/x86_64-linux-gnu/libXi.so.6.1.0
7fd8e2421000-7fd8e2422000 rw-p 0000f000 103:02 400948                    /usr/lib/x86_64-linux-gnu/libXi.so.6.1.0
7fd8e2422000-7fd8e2433000 r-xp 00000000 103:02 400940                    /usr/lib/x86_64-linux-gnu/libXext.so.6.4.0
7fd8e2433000-7fd8e2632000 ---p 00011000 103:02 400940                    /usr/lib/x86_64-linux-gnu/libXext.so.6.4.0
7fd8e2632000-7fd8e2633000 r--p 00010000 103:02 400940                    /usr/lib/x86_64-linux-gnu/libXext.so.6.4.0
7fd8e2633000-7fd8e2634000 rw-p 00011000 103:02 400940                    /usr/lib/x86_64-linux-gnu/libXext.so.6.4.0
7fd8e2634000-7fd8e2639000 r-xp 00000000 103:02 400976                    /usr/lib/x86_64-linux-gnu/libXxf86vm.so.1.0.0
7fd8e2639000-7fd8e2838000 ---p 00005000 103:02 400976                    /usr/lib/x86_64-linux-gnu/libXxf86vm.so.1.0.0
7fd8e2838000-7fd8e2839000 r--p 00004000 103:02 400976                    /usr/lib/x86_64-linux-gnu/libXxf86vm.so.1.0.0
7fd8e2839000-7fd8e283a000 rw-p 00005000 103:02 400976                    /usr/lib/x86_64-linux-gnu/libXxf86vm.so.1.0.0
7fd8e283a000-7fd8e296d000 r-xp 00000000 103:02 396205                    /usr/lib/x86_64-linux-gnu/libX11.so.6.3.0
7fd8e296d000-7fd8e2b6d000 ---p 00133000 103:02 396205                    /usr/lib/x86_64-linux-gnu/libX11.so.6.3.0
7fd8e2b6d000-7fd8e2b6e000 r--p 00133000 103:02 396205                    /usr/lib/x86_64-linux-gnu/libX11.so.6.3.0
7fd8e2b6e000-7fd8e2b72000 rw-p 00134000 103:02 396205                    /usr/lib/x86_64-linux-gnu/libX11.so.6.3.0
7fd8e2b72000-7fd8e2bb4000 r-xp 00000000 103:02 11407756                  /tmp/lwjglmatthew/3.2.1-build-12/libglfw.so
7fd8e2bb4000-7fd8e2db3000 ---p 00042000 103:02 11407756                  /tmp/lwjglmatthew/3.2.1-build-12/libglfw.so
7fd8e2db3000-7fd8e2db4000 r--p 00041000 103:02 11407756                  /tmp/lwjglmatthew/3.2.1-build-12/libglfw.so
7fd8e2db4000-7fd8e2db6000 rw-p 00042000 103:02 11407756                  /tmp/lwjglmatthew/3.2.1-build-12/libglfw.so
7fd8e2db6000-7fd8e2dd7000 rw-p 00000000 00:00 0 
7fd8e2dd7000-7fd8e2dd8000 ---p 00000000 00:00 0 
7fd8e2dd8000-7fd8e37ff000 rw-p 00000000 00:00 0 
7fd8e37ff000-7fd8e77ff000 rw-s 00000000 00:05 2438622                    /memfd:pulseaudio (deleted)
7fd8e77ff000-7fd8eb7ff000 rw-s 00000000 00:05 30853                      /memfd:pulseaudio (deleted)
7fd8eb7ff000-7fd8ef7ff000 rw-s 00000000 00:05 2436811                    /memfd:pulseaudio (deleted)
7fd8ef7ff000-7fd8f37ff000 rw-s 00000000 00:05 2436811                    /memfd:pulseaudio (deleted)
7fd8f37ff000-7fd8f3800000 ---p 00000000 00:00 0 
7fd8f3800000-7fd8f4000000 rw-p 00000000 00:00 0 
7fd8f4000000-7fd8f4021000 rw-p 00000000 00:00 0 
7fd8f4021000-7fd8f8000000 ---p 00000000 00:00 0 
7fd8f8000000-7fd8f8021000 rw-p 00000000 00:00 0 
7fd8f8021000-7fd8fc000000 ---p 00000000 00:00 0 
7fd8fc014000-7fd8fc054000 rw-s 00000000 00:06 447                        /dev/nvidiactl
7fd8fc054000-7fd8fc159000 rw-s 00000000 00:06 447                        /dev/nvidiactl
7fd8fc159000-7fd8fc15a000 ---p 00000000 00:00 0 
7fd8fc15a000-7fd8fc35a000 rw-p 00000000 00:00 0 
7fd8fc35a000-7fd8fc36e000 r-xp 00000000 103:02 6689485                   /lib/x86_64-linux-gnu/libgpg-error.so.0.22.0
7fd8fc36e000-7fd8fc56d000 ---p 00014000 103:02 6689485                   /lib/x86_64-linux-gnu/libgpg-error.so.0.22.0
7fd8fc56d000-7fd8fc56e000 r--p 00013000 103:02 6689485                   /lib/x86_64-linux-gnu/libgpg-error.so.0.22.0
7fd8fc56e000-7fd8fc56f000 rw-p 00014000 103:02 6689485                   /lib/x86_64-linux-gnu/libgpg-error.so.0.22.0
7fd8fc56f000-7fd8fc582000 r-xp 00000000 103:02 6689440                   /lib/x86_64-linux-gnu/libbsd.so.0.8.7
7fd8fc582000-7fd8fc781000 ---p 00013000 103:02 6689440                   /lib/x86_64-linux-gnu/libbsd.so.0.8.7
7fd8fc781000-7fd8fc782000 r--p 00012000 103:02 6689440                   /lib/x86_64-linux-gnu/libbsd.so.0.8.7
7fd8fc782000-7fd8fc783000 rw-p 00013000 103:02 6689440                   /lib/x86_64-linux-gnu/libbsd.so.0.8.7
7fd8fc783000-7fd8fc784000 rw-p 00000000 00:00 0 
7fd8fc784000-7fd8fc79b000 r-xp 00000000 103:02 6689583                   /lib/x86_64-linux-gnu/libresolv-2.27.so
7fd8fc79b000-7fd8fc99b000 ---p 00017000 103:02 6689583                   /lib/x86_64-linux-gnu/libresolv-2.27.so
7fd8fc99b000-7fd8fc99c000 r--p 00017000 103:02 6689583                   /lib/x86_64-linux-gnu/libresolv-2.27.so
7fd8fc99c000-7fd8fc99d000 rw-p 00018000 103:02 6689583                   /lib/x86_64-linux-gnu/libresolv-2.27.so
7fd8fc99d000-7fd8fc99f000 rw-p 00000000 00:00 0 
7fd8fc99f000-7fd8fca2c000 r-xp 00000000 103:02 402005                    /usr/lib/x86_64-linux-gnu/libvorbisenc.so.2.0.11
7fd8fca2c000-7fd8fcc2b000 ---p 0008d000 103:02 402005                    /usr/lib/x86_64-linux-gnu/libvorbisenc.so.2.0.11
7fd8fcc2b000-7fd8fcc47000 r--p 0008c000 103:02 402005                    /usr/lib/x86_64-linux-gnu/libvorbisenc.so.2.0.11
7fd8fcc47000-7fd8fcc48000 rw-p 000a8000 103:02 402005                    /usr/lib/x86_64-linux-gnu/libvorbisenc.so.2.0.11
7fd8fcc48000-7fd8fcc72000 r-xp 00000000 103:02 402003                    /usr/lib/x86_64-linux-gnu/libvorbis.so.0.4.8
7fd8fcc72000-7fd8fce71000 ---p 0002a000 103:02 402003                    /usr/lib/x86_64-linux-gnu/libvorbis.so.0.4.8
7fd8fce71000-7fd8fce72000 r--p 00029000 103:02 402003                    /usr/lib/x86_64-linux-gnu/libvorbis.so.0.4.8
7fd8fce72000-7fd8fce73000 rw-p 0002a000 103:02 402003                    /usr/lib/x86_64-linux-gnu/libvorbis.so.0.4.8
7fd8fce73000-7fd8fce7a000 r-xp 00000000 103:02 401710                    /usr/lib/x86_64-linux-gnu/libogg.so.0.8.2
7fd8fce7a000-7fd8fd07a000 ---p 00007000 103:02 401710                    /usr/lib/x86_64-linux-gnu/libogg.so.0.8.2
7fd8fd07a000-7fd8fd07b000 r--p 00007000 103:02 401710                    /usr/lib/x86_64-linux-gnu/libogg.so.0.8.2
7fd8fd07b000-7fd8fd07c000 rw-p 00008000 103:02 401710                    /usr/lib/x86_64-linux-gnu/libogg.so.0.8.2
7fd8fd07c000-7fd8fd0f1000 r-xp 00000000 103:02 400876                    /usr/lib/x86_64-linux-gnu/libFLAC.so.8.3.0
7fd8fd0f1000-7fd8fd2f1000 ---p 00075000 103:02 400876                    /usr/lib/x86_64-linux-gnu/libFLAC.so.8.3.0
7fd8fd2f1000-7fd8fd2f2000 r--p 00075000 103:02 400876                    /usr/lib/x86_64-linux-gnu/libFLAC.so.8.3.0
7fd8fd2f2000-7fd8fd2f3000 rw-p 00076000 103:02 400876                    /usr/lib/x86_64-linux-gnu/libFLAC.so.8.3.0
7fd8fd2f3000-7fd8fd407000 r-xp 00000000 103:02 6689483                   /lib/x86_64-linux-gnu/libgcrypt.so.20.2.1
7fd8fd407000-7fd8fd606000 ---p 00114000 103:02 6689483                   /lib/x86_64-linux-gnu/libgcrypt.so.20.2.1
7fd8fd606000-7fd8fd608000 r--p 00113000 103:02 6689483                   /lib/x86_64-linux-gnu/libgcrypt.so.20.2.1
7fd8fd608000-7fd8fd60d000 rw-p 00115000 103:02 6689483                   /lib/x86_64-linux-gnu/libgcrypt.so.20.2.1
7fd8fd60d000-7fd8fd60e000 rw-p 00000000 00:00 0 
7fd8fd60e000-7fd8fd629000 r-xp 00000000 103:02 401622                    /usr/lib/x86_64-linux-gnu/liblz4.so.1.7.1
7fd8fd629000-7fd8fd828000 ---p 0001b000 103:02 401622                    /usr/lib/x86_64-linux-gnu/liblz4.so.1.7.1
7fd8fd828000-7fd8fd829000 r--p 0001a000 103:02 401622                    /usr/lib/x86_64-linux-gnu/liblz4.so.1.7.1
7fd8fd829000-7fd8fd82a000 rw-p 0001b000 103:02 401622                    /usr/lib/x86_64-linux-gnu/liblz4.so.1.7.1
7fd8fd82a000-7fd8fd84e000 r-xp 00000000 103:02 6689504                   /lib/x86_64-linux-gnu/liblzma.so.5.2.2
7fd8fd84e000-7fd8fda4e000 ---p 00024000 103:02 6689504                   /lib/x86_64-linux-gnu/liblzma.so.5.2.2
7fd8fda4e000-7fd8fda4f000 r--p 00024000 103:02 6689504                   /lib/x86_64-linux-gnu/liblzma.so.5.2.2
7fd8fda4f000-7fd8fda50000 rw-p 00025000 103:02 6689504                   /lib/x86_64-linux-gnu/liblzma.so.5.2.2
7fd8fda50000-7fd8fda55000 r-xp 00000000 103:02 400938                    /usr/lib/x86_64-linux-gnu/libXdmcp.so.6.0.0
7fd8fda55000-7fd8fdc54000 ---p 00005000 103:02 400938                    /usr/lib/x86_64-linux-gnu/libXdmcp.so.6.0.0
7fd8fdc54000-7fd8fdc55000 r--p 00004000 103:02 400938                    /usr/lib/x86_64-linux-gnu/libXdmcp.so.6.0.0
7fd8fdc55000-7fd8fdc56000 rw-p 00005000 103:02 400938                    /usr/lib/x86_64-linux-gnu/libXdmcp.so.6.0.0
7fd8fdc56000-7fd8fdc58000 r-xp 00000000 103:02 400927                    /usr/lib/x86_64-linux-gnu/libXau.so.6.0.0
7fd8fdc58000-7fd8fde58000 ---p 00002000 103:02 400927                    /usr/lib/x86_64-linux-gnu/libXau.so.6.0.0
7fd8fde58000-7fd8fde59000 r--p 00002000 103:02 400927                    /usr/lib/x86_64-linux-gnu/libXau.so.6.0.0
7fd8fde59000-7fd8fde5a000 rw-p 00003000 103:02 400927                    /usr/lib/x86_64-linux-gnu/libXau.so.6.0.0
7fd8fde5a000-7fd8fde5f000 r-xp 00000000 103:02 401009                    /usr/lib/x86_64-linux-gnu/libasyncns.so.0.3.1
7fd8fde5f000-7fd8fe05e000 ---p 00005000 103:02 401009                    /usr/lib/x86_64-linux-gnu/libasyncns.so.0.3.1
7fd8fe05e000-7fd8fe05f000 r--p 00004000 103:02 401009                    /usr/lib/x86_64-linux-gnu/libasyncns.so.0.3.1
7fd8fe05f000-7fd8fe060000 rw-p 00005000 103:02 401009                    /usr/lib/x86_64-linux-gnu/libasyncns.so.0.3.1
7fd8fe060000-7fd8fe0d4000 r-xp 00000000 103:02 401888                    /usr/lib/x86_64-linux-gnu/libsndfile.so.1.0.28
7fd8fe0d4000-7fd8fe2d3000 ---p 00074000 103:02 401888                    /usr/lib/x86_64-linux-gnu/libsndfile.so.1.0.28
7fd8fe2d3000-7fd8fe2d6000 r--p 00073000 103:02 401888                    /usr/lib/x86_64-linux-gnu/libsndfile.so.1.0.28
7fd8fe2d6000-7fd8fe2d7000 rw-p 00076000 103:02 401888                    /usr/lib/x86_64-linux-gnu/libsndfile.so.1.0.28
7fd8fe2d7000-7fd8fe2d9000 rw-p 00000000 00:00 0 
7fd8fe2d9000-7fd8fe2e1000 r-xp 00000000 103:02 6689614                   /lib/x86_64-linux-gnu/libwrap.so.0.7.6
7fd8fe2e1000-7fd8fe4e1000 ---p 00008000 103:02 6689614                   /lib/x86_64-linux-gnu/libwrap.so.0.7.6
7fd8fe4e1000-7fd8fe4e2000 r--p 00008000 103:02 6689614                   /lib/x86_64-linux-gnu/libwrap.so.0.7.6
7fd8fe4e2000-7fd8fe4e3000 rw-p 00009000 103:02 6689614                   /lib/x86_64-linux-gnu/libwrap.so.0.7.6
7fd8fe4e3000-7fd8fe563000 r-xp 00000000 103:02 6685887                   /lib/x86_64-linux-gnu/libsystemd.so.0.21.0
7fd8fe563000-7fd8fe762000 ---p 00080000 103:02 6685887                   /lib/x86_64-linux-gnu/libsystemd.so.0.21.0
7fd8fe762000-7fd8fe765000 r--p 0007f000 103:02 6685887                   /lib/x86_64-linux-gnu/libsystemd.so.0.21.0
7fd8fe765000-7fd8fe766000 rw-p 00082000 103:02 6685887                   /lib/x86_64-linux-gnu/libsystemd.so.0.21.0
7fd8fe766000-7fd8fe767000 rw-p 00000000 00:00 0 
7fd8fe767000-7fd8fe78d000 r-xp 00000000 103:02 402092                    /usr/lib/x86_64-linux-gnu/libxcb.so.1.1.0
7fd8fe78d000-7fd8fe98d000 ---p 00026000 103:02 402092                    /usr/lib/x86_64-linux-gnu/libxcb.so.1.1.0
7fd8fe98d000-7fd8fe98e000 r--p 00026000 103:02 402092                    /usr/lib/x86_64-linux-gnu/libxcb.so.1.1.0
7fd8fe98e000-7fd8fe98f000 rw-p 00027000 103:02 402092                    /usr/lib/x86_64-linux-gnu/libxcb.so.1.1.0
7fd8fe98f000-7fd8fe9da000 r-xp 00000000 103:02 6689459                   /lib/x86_64-linux-gnu/libdbus-1.so.3.19.4
7fd8fe9da000-7fd8febda000 ---p 0004b000 103:02 6689459                   /lib/x86_64-linux-gnu/libdbus-1.so.3.19.4
7fd8febda000-7fd8febdb000 r--p 0004b000 103:02 6689459                   /lib/x86_64-linux-gnu/libdbus-1.so.3.19.4
7fd8febdb000-7fd8febdc000 rw-p 0004c000 103:02 6689459                   /lib/x86_64-linux-gnu/libdbus-1.so.3.19.4
7fd8febdc000-7fd8fec58000 r-xp 00000000 103:02 659497                    /usr/lib/x86_64-linux-gnu/pulseaudio/libpulsecommon-11.1.so
7fd8fec58000-7fd8fee57000 ---p 0007c000 103:02 659497                    /usr/lib/x86_64-linux-gnu/pulseaudio/libpulsecommon-11.1.so
7fd8fee57000-7fd8fee59000 r--p 0007b000 103:02 659497                    /usr/lib/x86_64-linux-gnu/pulseaudio/libpulsecommon-11.1.so
7fd8fee59000-7fd8fee5a000 rw-p 0007d000 103:02 659497                    /usr/lib/x86_64-linux-gnu/pulseaudio/libpulsecommon-11.1.so
7fd8fee5a000-7fd8feea8000 r-xp 00000000 103:02 401797                    /usr/lib/x86_64-linux-gnu/libpulse.so.0.20.2
7fd8feea8000-7fd8ff0a7000 ---p 0004e000 103:02 401797                    /usr/lib/x86_64-linux-gnu/libpulse.so.0.20.2
7fd8ff0a7000-7fd8ff0a9000 r--p 0004d000 103:02 401797                    /usr/lib/x86_64-linux-gnu/libpulse.so.0.20.2
7fd8ff0a9000-7fd8ff0aa000 rw-p 0004f000 103:02 401797                    /usr/lib/x86_64-linux-gnu/libpulse.so.0.20.2
7fd8ff0aa000-7fd8ff0c1000 r-xp 00000000 103:02 6684678                   /lib/x86_64-linux-gnu/libgcc_s.so.1
7fd8ff0c1000-7fd8ff2c0000 ---p 00017000 103:02 6684678                   /lib/x86_64-linux-gnu/libgcc_s.so.1
7fd8ff2c0000-7fd8ff2c1000 r--p 00016000 103:02 6684678                   /lib/x86_64-linux-gnu/libgcc_s.so.1
7fd8ff2c1000-7fd8ff2c2000 rw-p 00017000 103:02 6684678                   /lib/x86_64-linux-gnu/libgcc_s.so.1
7fd8ff2c2000-7fd8ff43b000 r-xp 00000000 103:02 396199                    /usr/lib/x86_64-linux-gnu/libstdc++.so.6.0.25
7fd8ff43b000-7fd8ff63b000 ---p 00179000 103:02 396199                    /usr/lib/x86_64-linux-gnu/libstdc++.so.6.0.25
7fd8ff63b000-7fd8ff645000 r--p 00179000 103:02 396199                    /usr/lib/x86_64-linux-gnu/libstdc++.so.6.0.25
7fd8ff645000-7fd8ff647000 rw-p 00183000 103:02 396199                    /usr/lib/x86_64-linux-gnu/libstdc++.so.6.0.25
7fd8ff647000-7fd8ff64b000 rw-p 00000000 00:00 0 
7fd8ff64b000-7fd8ff68f000 r-xp 00000000 103:02 401566                    /usr/lib/x86_64-linux-gnu/libjack.so.0.1.0
7fd8ff68f000-7fd8ff88f000 ---p 00044000 103:02 401566                    /usr/lib/x86_64-linux-gnu/libjack.so.0.1.0
7fd8ff88f000-7fd8ff891000 r--p 00044000 103:02 401566                    /usr/lib/x86_64-linux-gnu/libjack.so.0.1.0
7fd8ff891000-7fd8ff892000 rw-p 00046000 103:02 401566                    /usr/lib/x86_64-linux-gnu/libjack.so.0.1.0
7fd8ff892000-7fd8ff987000 r-xp 00000000 103:02 11407755                  /tmp/lwjglmatthew/3.2.1-build-12/libopenal.so
7fd8ff987000-7fd8ffb86000 ---p 000f5000 103:02 11407755                  /tmp/lwjglmatthew/3.2.1-build-12/libopenal.so
7fd8ffb86000-7fd8ffb8a000 r--p 000f4000 103:02 11407755                  /tmp/lwjglmatthew/3.2.1-build-12/libopenal.so
7fd8ffb8a000-7fd8ffb8b000 rw-p 000f8000 103:02 11407755                  /tmp/lwjglmatthew/3.2.1-build-12/libopenal.so
7fd8ffb8b000-7fd8ffb90000 rw-p 00000000 00:00 0 
7fd8ffb90000-7fd8ffbed000 r-xp 00000000 103:02 11407754                  /tmp/lwjglmatthew/3.2.1-build-12/liblwjgl.so
7fd8ffbed000-7fd8ffdec000 ---p 0005d000 103:02 11407754                  /tmp/lwjglmatthew/3.2.1-build-12/liblwjgl.so
7fd8ffdec000-7fd8ffded000 r--p 0005c000 103:02 11407754                  /tmp/lwjglmatthew/3.2.1-build-12/liblwjgl.so
7fd8ffded000-7fd8ffdee000 rw-p 0005d000 103:02 11407754                  /tmp/lwjglmatthew/3.2.1-build-12/liblwjgl.so
7fd8ffdee000-7fd8ffdff000 r-xp 00000000 103:02 404316                    /usr/lib/jvm/java-8-oracle/jre/lib/amd64/libnio.so
7fd8ffdff000-7fd8ffffe000 ---p 00011000 103:02 404316                    /usr/lib/jvm/java-8-oracle/jre/lib/amd64/libnio.so
7fd8ffffe000-7fd8fffff000 r--p 00010000 103:02 404316                    /usr/lib/jvm/java-8-oracle/jre/lib/amd64/libnio.so
7fd8fffff000-7fd900000000 rw-p 00011000 103:02 404316                    /usr/lib/jvm/java-8-oracle/jre/lib/amd64/libnio.so
7fd900000000-7fd90020c000 rw-p 00000000 00:00 0 
7fd90020c000-7fd904000000 ---p 00000000 00:00 0 
7fd904000000-7fd904021000 rw-p 00000000 00:00 0 
7fd904021000-7fd908000000 ---p 00000000 00:00 0 
7fd908000000-7fd908174000 rw-p 00000000 00:00 0 
7fd908174000-7fd90c000000 ---p 00000000 00:00 0 
7fd90c000000-7fd90c1e0000 rw-p 00000000 00:00 0 
7fd90c1e0000-7fd910000000 ---p 00000000 00:00 0 
7fd910000000-7fd910021000 rw-p 00000000 00:00 0 
7fd910021000-7fd914000000 ---p 00000000 00:00 0 
7fd914000000-7fd914021000 rw-p 00000000 00:00 0 
7fd914021000-7fd918000000 ---p 00000000 00:00 0 
7fd918000000-7fd918021000 rw-p 00000000 00:00 0 
7fd918021000-7fd91c000000 ---p 00000000 00:00 0 
7fd91c000000-7fd91c021000 rw-p 00000000 00:00 0 
7fd91c021000-7fd920000000 ---p 00000000 00:00 0 
7fd920000000-7fd920021000 rw-p 00000000 00:00 0 
7fd920021000-7fd924000000 ---p 00000000 00:00 0 
7fd92400a000-7fd92401d000 rw-s 00000000 00:06 447                        /dev/nvidiactl
7fd92401d000-7fd92403d000 rw-s 00000000 00:06 447                        /dev/nvidiactl
7fd92403d000-7fd92407d000 rw-s 00000000 00:06 447                        /dev/nvidiactl
7fd92407d000-7fd92407e000 ---p 00000000 00:00 0 
7fd92407e000-7fd9240fe000 rw-p 00000000 00:00 0 
7fd9240fe000-7fd9240ff000 ---p 00000000 00:00 0 
7fd9240ff000-7fd9241ff000 rw-p 00000000 00:00 0 
7fd9241ff000-7fd924202000 ---p 00000000 00:00 0 
7fd924202000-7fd92c000000 rw-p 00000000 00:00 0 
7fd92c000000-7fd92c021000 rw-p 00000000 00:00 0 
7fd92c021000-7fd930000000 ---p 00000000 00:00 0 
7fd930003000-7fd930004000 r-xp 00000000 00:00 0 
7fd930004000-7fd930014000 rw-s 00000000 00:06 448                        /dev/nvidia0
7fd930014000-7fd933015000 rw-p 00000000 00:00 0 
7fd933015000-7fd93302b000 r-xp 00000000 103:02 404313                    /usr/lib/jvm/java-8-oracle/jre/lib/amd64/libnet.so
7fd93302b000-7fd93322b000 ---p 00016000 103:02 404313                    /usr/lib/jvm/java-8-oracle/jre/lib/amd64/libnet.so
7fd93322b000-7fd93322c000 r--p 00016000 103:02 404313                    /usr/lib/jvm/java-8-oracle/jre/lib/amd64/libnet.so
7fd93322c000-7fd93322d000 rw-p 00017000 103:02 404313                    /usr/lib/jvm/java-8-oracle/jre/lib/amd64/libnet.so
7fd93322d000-7fd93322e000 ---p 00000000 00:00 0 
7fd93322e000-7fd933231000 ---p 00000000 00:00 0 
7fd933231000-7fd93332e000 rw-p 00000000 00:00 0 
7fd93332e000-7fd93332f000 ---p 00000000 00:00 0 
7fd93332f000-7fd933332000 ---p 00000000 00:00 0 
7fd933332000-7fd93342f000 rw-p 00000000 00:00 0 
7fd93342f000-7fd933430000 ---p 00000000 00:00 0 
7fd933430000-7fd933433000 ---p 00000000 00:00 0 
7fd933433000-7fd933530000 rw-p 00000000 00:00 0 
7fd933530000-7fd933533000 ---p 00000000 00:00 0 
7fd933533000-7fd933631000 rw-p 00000000 00:00 0 
7fd933631000-7fd934000000 r--p 00000000 103:02 399885                    /usr/lib/locale/locale-archive
7fd934000000-7fd934021000 rw-p 00000000 00:00 0 
7fd934021000-7fd938000000 ---p 00000000 00:00 0 
7fd938000000-7fd938021000 rw-p 00000000 00:00 0 
7fd938021000-7fd93c000000 ---p 00000000 00:00 0 
7fd93c000000-7fd93c021000 rw-p 00000000 00:00 0 
7fd93c021000-7fd940000000 ---p 00000000 00:00 0 
7fd940000000-7fd940021000 rw-p 00000000 00:00 0 
7fd940021000-7fd944000000 ---p 00000000 00:00 0 
7fd944000000-7fd944021000 rw-p 00000000 00:00 0 
7fd944021000-7fd948000000 ---p 00000000 00:00 0 
7fd948000000-7fd948003000 r-xp 00000000 00:00 0 
7fd948003000-7fd948005000 rw-s 00000000 103:02 11407750                  /tmp/.glmfJpgH (deleted)
7fd948005000-7fd948006000 rw-s 00000000 00:06 447                        /dev/nvidiactl
7fd948006000-7fd94800a000 rw-s 00000000 00:06 447                        /dev/nvidiactl
7fd94800a000-7fd94800b000 rw-s 00000000 00:06 448                        /dev/nvidia0
7fd94800b000-7fd94800c000 rw-s 00000000 00:06 448                        /dev/nvidia0
7fd94800c000-7fd94802c000 rw-s 00000000 00:06 447                        /dev/nvidiactl
7fd94802c000-7fd94802d000 rw-s 00000000 00:06 448                        /dev/nvidia0
7fd948048000-7fd94804d000 r--s 002f9000 103:02 404094                    /usr/lib/jvm/java-8-oracle/jre/lib/charsets.jar
7fd94804d000-7fd94804e000 rw-s 00000000 00:06 447                        /dev/nvidiactl
7fd94804e000-7fd94804f000 rw-s 00000000 00:06 447                        /dev/nvidiactl
7fd94804f000-7fd948050000 r--p 00000000 103:02 1447614                   /usr/share/locale-langpack/en_CA/LC_MESSAGES/pulseaudio.mo
7fd948050000-7fd948057000 r--s 00000000 103:02 658125                    /usr/lib/x86_64-linux-gnu/gconv/gconv-modules.cache
7fd948057000-7fd948059000 r--s 0001a000 103:02 13118938                  /home/matthew/Desktop/Intellij/lib/idea_rt.jar
7fd948059000-7fd94805a000 r--s 0006e000 103:02 13119998                  /home/matthew/Desktop/KJR/lib/lwjgl/lwjgl-stb-natives-windows.jar
7fd94805a000-7fd94805b000 r--s 0002e000 103:02 13119997                  /home/matthew/Desktop/KJR/lib/lwjgl/lwjgl-stb-natives-macos.jar
7fd94805b000-7fd94805c000 r--s 00030000 103:02 13119996                  /home/matthew/Desktop/KJR/lib/lwjgl/lwjgl-stb-natives-linux.jar
7fd94805c000-7fd94805e000 r--s 00018000 103:02 13119999                  /home/matthew/Desktop/KJR/lib/lwjgl/lwjgl-stb.jar
7fd94805e000-7fd94805f000 r--s 00029000 103:02 13119994                  /home/matthew/Desktop/KJR/lib/lwjgl/lwjgl-opengl-natives-windows.jar
7fd94805f000-7fd948060000 r--s 00009000 103:02 13119993                  /home/matthew/Desktop/KJR/lib/lwjgl/lwjgl-opengl-natives-macos.jar
7fd948060000-7fd948061000 r--s 00012000 103:02 13119992                  /home/matthew/Desktop/KJR/lib/lwjgl/lwjgl-opengl-natives-linux.jar
7fd948061000-7fd94806c000 r--s 000d9000 103:02 13119995                  /home/matthew/Desktop/KJR/lib/lwjgl/lwjgl-opengl.jar
7fd94806c000-7fd94806d000 r--s 0013f000 103:02 13119990                  /home/matthew/Desktop/KJR/lib/lwjgl/lwjgl-openal-natives-windows.jar
7fd94806d000-7fd94806e000 r--s 00080000 103:02 13119989                  /home/matthew/Desktop/KJR/lib/lwjgl/lwjgl-openal-natives-macos.jar
7fd94806e000-7fd94806f000 r--s 00090000 103:02 13119988                  /home/matthew/Desktop/KJR/lib/lwjgl/lwjgl-openal-natives-linux.jar
7fd94806f000-7fd948071000 r--s 00012000 103:02 13119991                  /home/matthew/Desktop/KJR/lib/lwjgl/lwjgl-openal.jar
7fd948071000-7fd948072000 r--s 0003e000 103:02 13119987                  /home/matthew/Desktop/KJR/lib/lwjgl/lwjgl-natives-windows.jar
7fd948072000-7fd948073000 r--s 00009000 103:02 13119986                  /home/matthew/Desktop/KJR/lib/lwjgl/lwjgl-natives-macos.jar
7fd948073000-7fd948077000 r--s 00019000 103:02 13119984                  /home/matthew/Desktop/KJR/lib/lwjgl/lwjgl-glfw.jar
7fd948077000-7fd94808a000 r--s 00345000 103:02 404134                    /usr/lib/jvm/java-8-oracle/jre/lib/resources.jar
7fd94808a000-7fd94808d000 ---p 00000000 00:00 0 
7fd94808d000-7fd94818b000 rw-p 00000000 00:00 0 
7fd94818b000-7fd94818e000 ---p 00000000 00:00 0 
7fd94818e000-7fd94828c000 rw-p 00000000 00:00 0 
7fd94828c000-7fd94828f000 ---p 00000000 00:00 0 
7fd94828f000-7fd94838d000 rw-p 00000000 00:00 0 
7fd94838d000-7fd94838e000 ---p 00000000 00:00 0 
7fd94838e000-7fd9499f2000 rw-p 00000000 00:00 0 
7fd9499f2000-7fd949bcc000 r--s 03d6f000 103:02 404096                    /usr/lib/jvm/java-8-oracle/jre/lib/rt.jar
7fd949bcc000-7fd94ab9c000 rw-p 00000000 00:00 0 
7fd94ab9c000-7fd94ab9d000 ---p 00000000 00:00 0 
7fd94ab9d000-7fd94ac9d000 rw-p 00000000 00:00 0 
7fd94ac9d000-7fd94ac9e000 ---p 00000000 00:00 0 
7fd94ac9e000-7fd94ad9e000 rw-p 00000000 00:00 0 
7fd94ad9e000-7fd94ad9f000 ---p 00000000 00:00 0 
7fd94ad9f000-7fd94ae9f000 rw-p 00000000 00:00 0 
7fd94ae9f000-7fd94aea0000 ---p 00000000 00:00 0 
7fd94aea0000-7fd94afa0000 rw-p 00000000 00:00 0 
7fd94afa0000-7fd94afa1000 ---p 00000000 00:00 0 
7fd94afa1000-7fd94b0f5000 rw-p 00000000 00:00 0 
7fd94b0f5000-7fd94b5d7000 ---p 00000000 00:00 0 
7fd94b5d7000-7fd94b62b000 rw-p 00000000 00:00 0 
7fd94b62b000-7fd94bb0c000 ---p 00000000 00:00 0 
7fd94bb0c000-7fd94bb36000 rw-p 00000000 00:00 0 
7fd94bb36000-7fd94bda7000 ---p 00000000 00:00 0 
7fd94bda7000-7fd94bdb5000 rw-p 00000000 00:00 0 
7fd94bdb5000-7fd94c168000 ---p 00000000 00:00 0 
7fd94c168000-7fd94c498000 rwxp 00000000 00:00 0 
7fd94c498000-7fd95b168000 ---p 00000000 00:00 0 
7fd95b168000-7fd95b183000 r-xp 00000000 103:02 404309                    /usr/lib/jvm/java-8-oracle/jre/lib/amd64/libzip.so
7fd95b183000-7fd95b382000 ---p 0001b000 103:02 404309                    /usr/lib/jvm/java-8-oracle/jre/lib/amd64/libzip.so
7fd95b382000-7fd95b383000 r--p 0001a000 103:02 404309                    /usr/lib/jvm/java-8-oracle/jre/lib/amd64/libzip.so
7fd95b383000-7fd95b384000 rw-p 0001b000 103:02 404309                    /usr/lib/jvm/java-8-oracle/jre/lib/amd64/libzip.so
7fd95b384000-7fd95b38f000 r-xp 00000000 103:02 6689534                   /lib/x86_64-linux-gnu/libnss_files-2.27.so
7fd95b38f000-7fd95b58e000 ---p 0000b000 103:02 6689534                   /lib/x86_64-linux-gnu/libnss_files-2.27.so
7fd95b58e000-7fd95b58f000 r--p 0000a000 103:02 6689534                   /lib/x86_64-linux-gnu/libnss_files-2.27.so
7fd95b58f000-7fd95b590000 rw-p 0000b000 103:02 6689534                   /lib/x86_64-linux-gnu/libnss_files-2.27.so
7fd95b590000-7fd95b596000 rw-p 00000000 00:00 0 
7fd95b596000-7fd95b5ad000 r-xp 00000000 103:02 6689528                   /lib/x86_64-linux-gnu/libnsl-2.27.so
7fd95b5ad000-7fd95b7ac000 ---p 00017000 103:02 6689528                   /lib/x86_64-linux-gnu/libnsl-2.27.so
7fd95b7ac000-7fd95b7ad000 r--p 00016000 103:02 6689528                   /lib/x86_64-linux-gnu/libnsl-2.27.so
7fd95b7ad000-7fd95b7ae000 rw-p 00017000 103:02 6689528                   /lib/x86_64-linux-gnu/libnsl-2.27.so
7fd95b7ae000-7fd95b7b0000 rw-p 00000000 00:00 0 
7fd95b7b0000-7fd95b7bb000 r-xp 00000000 103:02 6689545                   /lib/x86_64-linux-gnu/libnss_nis-2.27.so
7fd95b7bb000-7fd95b9ba000 ---p 0000b000 103:02 6689545                   /lib/x86_64-linux-gnu/libnss_nis-2.27.so
7fd95b9ba000-7fd95b9bb000 r--p 0000a000 103:02 6689545                   /lib/x86_64-linux-gnu/libnss_nis-2.27.so
7fd95b9bb000-7fd95b9bc000 rw-p 0000b000 103:02 6689545                   /lib/x86_64-linux-gnu/libnss_nis-2.27.so
7fd95b9bc000-7fd95b9c4000 r-xp 00000000 103:02 6689530                   /lib/x86_64-linux-gnu/libnss_compat-2.27.so
7fd95b9c4000-7fd95bbc4000 ---p 00008000 103:02 6689530                   /lib/x86_64-linux-gnu/libnss_compat-2.27.so
7fd95bbc4000-7fd95bbc5000 r--p 00008000 103:02 6689530                   /lib/x86_64-linux-gnu/libnss_compat-2.27.so
7fd95bbc5000-7fd95bbc6000 rw-p 00009000 103:02 6689530                   /lib/x86_64-linux-gnu/libnss_compat-2.27.so
7fd95bbc6000-7fd95bbd0000 r-xp 00000000 103:02 404318                    /usr/lib/jvm/java-8-oracle/jre/lib/amd64/libinstrument.so
7fd95bbd0000-7fd95bdcf000 ---p 0000a000 103:02 404318                    /usr/lib/jvm/java-8-oracle/jre/lib/amd64/libinstrument.so
7fd95bdcf000-7fd95bdd0000 r--p 00009000 103:02 404318                    /usr/lib/jvm/java-8-oracle/jre/lib/amd64/libinstrument.so
7fd95bdd0000-7fd95bdd1000 rw-p 0000a000 103:02 404318                    /usr/lib/jvm/java-8-oracle/jre/lib/amd64/libinstrument.so
7fd95bdd1000-7fd95bdfd000 r-xp 00000000 103:02 404303                    /usr/lib/jvm/java-8-oracle/jre/lib/amd64/libjava.so
7fd95bdfd000-7fd95bffd000 ---p 0002c000 103:02 404303                    /usr/lib/jvm/java-8-oracle/jre/lib/amd64/libjava.so
7fd95bffd000-7fd95bffe000 r--p 0002c000 103:02 404303                    /usr/lib/jvm/java-8-oracle/jre/lib/amd64/libjava.so
7fd95bffe000-7fd95c000000 rw-p 0002d000 103:02 404303                    /usr/lib/jvm/java-8-oracle/jre/lib/amd64/libjava.so
7fd95c000000-7fd95cfff000 rw-p 00000000 00:00 0 
7fd95cfff000-7fd960000000 ---p 00000000 00:00 0 
7fd960000000-7fd960001000 r--s 00015000 103:02 13119985                  /home/matthew/Desktop/KJR/lib/lwjgl/lwjgl-natives-linux.jar
7fd960001000-7fd960002000 r--s 00040000 103:02 13119982                  /home/matthew/Desktop/KJR/lib/lwjgl/lwjgl-glfw-natives-windows.jar
7fd960002000-7fd960015000 r--s 000d6000 103:02 404038                    /usr/lib/jvm/java-8-oracle/jre/lib/plugin.jar
7fd960015000-7fd96008b000 rw-p 00000000 00:00 0 
7fd96008b000-7fd96008c000 ---p 00000000 00:00 0 
7fd96008c000-7fd96018c000 rw-p 00000000 00:00 0 
7fd96018c000-7fd960199000 r-xp 00000000 103:02 404308                    /usr/lib/jvm/java-8-oracle/jre/lib/amd64/libverify.so
7fd960199000-7fd960398000 ---p 0000d000 103:02 404308                    /usr/lib/jvm/java-8-oracle/jre/lib/amd64/libverify.so
7fd960398000-7fd96039a000 r--p 0000c000 103:02 404308                    /usr/lib/jvm/java-8-oracle/jre/lib/amd64/libverify.so
7fd96039a000-7fd96039b000 rw-p 0000e000 103:02 404308                    /usr/lib/jvm/java-8-oracle/jre/lib/amd64/libverify.so
7fd96039b000-7fd9603a2000 r-xp 00000000 103:02 6689585                   /lib/x86_64-linux-gnu/librt-2.27.so
7fd9603a2000-7fd9605a1000 ---p 00007000 103:02 6689585                   /lib/x86_64-linux-gnu/librt-2.27.so
7fd9605a1000-7fd9605a2000 r--p 00006000 103:02 6689585                   /lib/x86_64-linux-gnu/librt-2.27.so
7fd9605a2000-7fd9605a3000 rw-p 00007000 103:02 6689585                   /lib/x86_64-linux-gnu/librt-2.27.so
7fd9605a3000-7fd960740000 r-xp 00000000 103:02 6689507                   /lib/x86_64-linux-gnu/libm-2.27.so
7fd960740000-7fd96093f000 ---p 0019d000 103:02 6689507                   /lib/x86_64-linux-gnu/libm-2.27.so
7fd96093f000-7fd960940000 r--p 0019c000 103:02 6689507                   /lib/x86_64-linux-gnu/libm-2.27.so
7fd960940000-7fd960941000 rw-p 0019d000 103:02 6689507                   /lib/x86_64-linux-gnu/libm-2.27.so
7fd960941000-7fd961629000 r-xp 00000000 103:02 404285                    /usr/lib/jvm/java-8-oracle/jre/lib/amd64/server/libjvm.so
7fd961629000-7fd961828000 ---p 00ce8000 103:02 404285                    /usr/lib/jvm/java-8-oracle/jre/lib/amd64/server/libjvm.so
7fd961828000-7fd9618be000 r--p 00ce7000 103:02 404285                    /usr/lib/jvm/java-8-oracle/jre/lib/amd64/server/libjvm.so
7fd9618be000-7fd9618ef000 rw-p 00d7d000 103:02 404285                    /usr/lib/jvm/java-8-oracle/jre/lib/amd64/server/libjvm.so
7fd9618ef000-7fd96192a000 rw-p 00000000 00:00 0 
7fd96192a000-7fd961b11000 r-xp 00000000 103:02 6689444                   /lib/x86_64-linux-gnu/libc-2.27.so
7fd961b11000-7fd961d11000 ---p 001e7000 103:02 6689444                   /lib/x86_64-linux-gnu/libc-2.27.so
7fd961d11000-7fd961d15000 r--p 001e7000 103:02 6689444                   /lib/x86_64-linux-gnu/libc-2.27.so
7fd961d15000-7fd961d17000 rw-p 001eb000 103:02 6689444                   /lib/x86_64-linux-gnu/libc-2.27.so
7fd961d17000-7fd961d1b000 rw-p 00000000 00:00 0 
7fd961d1b000-7fd961d1e000 r-xp 00000000 103:02 6689467                   /lib/x86_64-linux-gnu/libdl-2.27.so
7fd961d1e000-7fd961f1d000 ---p 00003000 103:02 6689467                   /lib/x86_64-linux-gnu/libdl-2.27.so
7fd961f1d000-7fd961f1e000 r--p 00002000 103:02 6689467                   /lib/x86_64-linux-gnu/libdl-2.27.so
7fd961f1e000-7fd961f1f000 rw-p 00003000 103:02 6689467                   /lib/x86_64-linux-gnu/libdl-2.27.so
7fd961f1f000-7fd961f36000 r-xp 00000000 103:02 403958                    /usr/lib/jvm/java-8-oracle/lib/amd64/jli/libjli.so
7fd961f36000-7fd962135000 ---p 00017000 103:02 403958                    /usr/lib/jvm/java-8-oracle/lib/amd64/jli/libjli.so
7fd962135000-7fd962136000 r--p 00016000 103:02 403958                    /usr/lib/jvm/java-8-oracle/lib/amd64/jli/libjli.so
7fd962136000-7fd962137000 rw-p 00017000 103:02 403958                    /usr/lib/jvm/java-8-oracle/lib/amd64/jli/libjli.so
7fd962137000-7fd962151000 r-xp 00000000 103:02 6689577                   /lib/x86_64-linux-gnu/libpthread-2.27.so
7fd962151000-7fd962350000 ---p 0001a000 103:02 6689577                   /lib/x86_64-linux-gnu/libpthread-2.27.so
7fd962350000-7fd962351000 r--p 00019000 103:02 6689577                   /lib/x86_64-linux-gnu/libpthread-2.27.so
7fd962351000-7fd962352000 rw-p 0001a000 103:02 6689577                   /lib/x86_64-linux-gnu/libpthread-2.27.so
7fd962352000-7fd962356000 rw-p 00000000 00:00 0 
7fd962356000-7fd96237d000 r-xp 00000000 103:02 6689416                   /lib/x86_64-linux-gnu/ld-2.27.so
7fd96237d000-7fd96237e000 r--s 0000f000 103:02 13119981                  /home/matthew/Desktop/KJR/lib/lwjgl/lwjgl-glfw-natives-macos.jar
7fd96237e000-7fd96237f000 r--s 00026000 103:02 13119980                  /home/matthew/Desktop/KJR/lib/lwjgl/lwjgl-glfw-natives-linux.jar
7fd96237f000-7fd962380000 r--s 00484000 103:02 13119978                  /home/matthew/Desktop/KJR/lib/lwjgl/lwjgl-assimp-natives-windows.jar
7fd962380000-7fd962381000 r--s 002eb000 103:02 13119977                  /home/matthew/Desktop/KJR/lib/lwjgl/lwjgl-assimp-natives-macos.jar
7fd962381000-7fd962383000 r--s 003f1000 103:02 13119975                  /home/matthew/Desktop/KJR/lib/lwjgl/lwjgl-assimp-natives-linux.jar
7fd962383000-7fd962386000 r--s 00030000 103:02 13119979                  /home/matthew/Desktop/KJR/lib/lwjgl/lwjgl-assimp.jar
7fd962386000-7fd96238b000 r--s 00049000 103:02 13120000                  /home/matthew/Desktop/KJR/lib/lwjgl/lwjgl.jar
7fd96238b000-7fd96238c000 r--s 00000000 103:02 404020                    /usr/lib/jvm/java-8-oracle/jre/lib/management-agent.jar
7fd96238c000-7fd962390000 r--s 000a1000 103:02 404153                    /usr/lib/jvm/java-8-oracle/jre/lib/jsse.jar
7fd962390000-7fd962395000 r--s 00084000 103:02 404013                    /usr/lib/jvm/java-8-oracle/jre/lib/jfr.jar
7fd962395000-7fd9623b0000 r--s 0020c000 103:02 404014                    /usr/lib/jvm/java-8-oracle/jre/lib/deploy.jar
7fd9623b0000-7fd96245a000 rw-p 00000000 00:00 0 
7fd96245a000-7fd96245b000 ---p 00000000 00:00 0 
7fd96245b000-7fd96245e000 ---p 00000000 00:00 0 
7fd96245e000-7fd96255f000 rw-p 00000000 00:00 0 
7fd96255f000-7fd962561000 r--s 00007000 103:02 404331                    /usr/lib/jvm/java-8-oracle/jre/lib/jfxswt.jar
7fd962561000-7fd962564000 r--s 0001a000 103:02 404329                    /usr/lib/jvm/java-8-oracle/jre/lib/jce.jar
7fd962564000-7fd96256e000 r--s 0006e000 103:02 404023                    /usr/lib/jvm/java-8-oracle/jre/lib/javaws.jar
7fd96256e000-7fd962573000 r--s 002f9000 103:02 404094                    /usr/lib/jvm/java-8-oracle/jre/lib/charsets.jar
7fd962573000-7fd96257b000 rw-s 00000000 103:02 11407700                  /tmp/hsperfdata_matthew/20079
7fd96257b000-7fd96257c000 rw-p 00000000 00:00 0 
7fd96257c000-7fd96257d000 r--p 00000000 00:00 0 
7fd96257d000-7fd96257e000 r--p 00027000 103:02 6689416                   /lib/x86_64-linux-gnu/ld-2.27.so
7fd96257e000-7fd96257f000 rw-p 00028000 103:02 6689416                   /lib/x86_64-linux-gnu/ld-2.27.so
7fd96257f000-7fd962580000 rw-p 00000000 00:00 0 
7ffd62b6c000-7ffd62b8e000 rw-p 00000000 00:00 0                          [stack]
7ffd62b9f000-7ffd62ba2000 r--p 00000000 00:00 0                          [vvar]
7ffd62ba2000-7ffd62ba4000 r-xp 00000000 00:00 0                          [vdso]
ffffffffff600000-ffffffffff601000 r-xp 00000000 00:00 0                  [vsyscall]

VM Arguments:
jvm_args: -Dvisualvm.id=8059375512134 -javaagent:/home/matthew/Desktop/Intellij/lib/idea_rt.jar=33963:/home/matthew/Desktop/Intellij/bin -Dfile.encoding=UTF-8 
java_command: Main
java_class_path (initial): /usr/lib/jvm/java-8-oracle/jre/lib/charsets.jar:/usr/lib/jvm/java-8-oracle/jre/lib/deploy.jar:/usr/lib/jvm/java-8-oracle/jre/lib/ext/cldrdata.jar:/usr/lib/jvm/java-8-oracle/jre/lib/ext/dnsns.jar:/usr/lib/jvm/java-8-oracle/jre/lib/ext/jaccess.jar:/usr/lib/jvm/java-8-oracle/jre/lib/ext/jfxrt.jar:/usr/lib/jvm/java-8-oracle/jre/lib/ext/localedata.jar:/usr/lib/jvm/java-8-oracle/jre/lib/ext/nashorn.jar:/usr/lib/jvm/java-8-oracle/jre/lib/ext/sunec.jar:/usr/lib/jvm/java-8-oracle/jre/lib/ext/sunjce_provider.jar:/usr/lib/jvm/java-8-oracle/jre/lib/ext/sunpkcs11.jar:/usr/lib/jvm/java-8-oracle/jre/lib/ext/zipfs.jar:/usr/lib/jvm/java-8-oracle/jre/lib/javaws.jar:/usr/lib/jvm/java-8-oracle/jre/lib/jce.jar:/usr/lib/jvm/java-8-oracle/jre/lib/jfr.jar:/usr/lib/jvm/java-8-oracle/jre/lib/jfxswt.jar:/usr/lib/jvm/java-8-oracle/jre/lib/jsse.jar:/usr/lib/jvm/java-8-oracle/jre/lib/management-agent.jar:/usr/lib/jvm/java-8-oracle/jre/lib/plugin.jar:/usr/lib/jvm/java-8-oracle/jre/lib/resources.jar:/usr/lib/jvm/java-8-oracle/jre/lib/rt.jar:/home/matthew/Desktop/KJR/out/production/KJR:/home/matthew/Desktop/KJR/lib/lwjgl/lwjgl.jar:/home/matthew/Desktop/KJR/lib/lwjgl/lwjgl-assimp.jar:/home/matthew/Desktop/KJR/lib/lwjgl/lwjgl-assimp-natives-linux.jar:/home/matthew/Desktop/KJR/lib/lwjgl/lwjgl-assimp-natives-macos.jar:/home/matthew/Desktop/KJR/lib/lwjgl/lwjgl-assimp-natives-windows.jar:/home/matthew/Desktop/KJR/lib/lwjgl/lwjgl-glfw.jar:/home/matthew/Desktop/KJR/lib/lwjgl/lwjgl-glfw-natives-linux.jar:/home/matthew/Desktop/KJR/lib/lwjgl/lwjgl-glfw-natives-macos.jar:/home/matthew/Desktop/KJR/lib/lwjgl/lwjgl-glfw-natives-windows.jar:/home/matthew/Desktop/KJR/lib/lwjgl/lwjgl-natives-linux.jar:/home/matthew/Desktop/KJR/lib/lwjgl/lwjgl-natives-macos.jar:/home/matthew/Desktop/KJR/lib/lwjgl/lwjgl-natives-windows.jar:/home/matthew/Desktop/KJR/lib/lwjgl/lwjgl-openal.jar:/home/matthew/Desktop/KJR/lib/lwjgl/lwjgl-openal-natives-linux.jar:/home/matthew/Desktop/KJR/lib/lwjgl/lwjgl-openal-
Launcher Type: SUN_STANDARD

Environment Variables:
JAVA_HOME=/usr/lib/jvm/java-8-oracle
PATH=/usr/local/sbin:/usr/local/bin:/usr/sbin:/usr/bin:/sbin:/bin:/usr/games:/usr/local/games:/snap/bin:/usr/lib/jvm/java-8-oracle/bin:/usr/lib/jvm/java-8-oracle/db/bin:/usr/lib/jvm/java-8-oracle/jre/bin
USERNAME=matthew
SHELL=/bin/bash
DISPLAY=:1

Signal Handlers:
SIGSEGV: [libjvm.so+0xad3e60], sa_mask[0]=11111111011111111101111111111110, sa_flags=SA_RESTART|SA_SIGINFO
SIGBUS: [libjvm.so+0xad3e60], sa_mask[0]=11111111011111111101111111111110, sa_flags=SA_RESTART|SA_SIGINFO
SIGFPE: [libjvm.so+0x90b880], sa_mask[0]=11111111011111111101111111111110, sa_flags=SA_RESTART|SA_SIGINFO
SIGPIPE: [libjvm.so+0x90b880], sa_mask[0]=11111111011111111101111111111110, sa_flags=SA_RESTART|SA_SIGINFO
SIGXFSZ: [libjvm.so+0x90b880], sa_mask[0]=11111111011111111101111111111110, sa_flags=SA_RESTART|SA_SIGINFO
SIGILL: [libjvm.so+0x90b880], sa_mask[0]=11111111011111111101111111111110, sa_flags=SA_RESTART|SA_SIGINFO
SIGUSR1: SIG_DFL, sa_mask[0]=00000000000000000000000000000000, sa_flags=none
SIGUSR2: [libjvm.so+0x90b750], sa_mask[0]=00100000000000000000000000000000, sa_flags=SA_RESTART|SA_SIGINFO
SIGHUP: [libjvm.so+0x90bd70], sa_mask[0]=11111111011111111101111111111110, sa_flags=SA_RESTART|SA_SIGINFO
SIGINT: [libjvm.so+0x90bd70], sa_mask[0]=11111111011111111101111111111110, sa_flags=SA_RESTART|SA_SIGINFO
SIGTERM: [libjvm.so+0x90bd70], sa_mask[0]=11111111011111111101111111111110, sa_flags=SA_RESTART|SA_SIGINFO
SIGQUIT: [libjvm.so+0x90bd70], sa_mask[0]=11111111011111111101111111111110, sa_flags=SA_RESTART|SA_SIGINFO


---------------  S Y S T E M  ---------------

OS:DISTRIB_ID=Ubuntu
DISTRIB_RELEASE=18.04
DISTRIB_CODENAME=bionic
DISTRIB_DESCRIPTION="Ubuntu 18.04.2 LTS"

uname:Linux 4.15.0-45-generic #48-Ubuntu SMP Tue Jan 29 16:28:13 UTC 2019 x86_64
libc:glibc 2.27 NPTL 2.27 
rlimit: STACK 8192k, CORE 0k, NPROC 63568, NOFILE 1048576, AS infinity
load average:1.41 1.16 1.23

/proc/meminfo:
MemTotal:       16383468 kB
MemFree:         6701380 kB
MemAvailable:    9901932 kB
Buffers:          129056 kB
Cached:          3453304 kB
SwapCached:            0 kB
Active:          6675348 kB
Inactive:        2451140 kB
Active(anon):    5419680 kB
Inactive(anon):   324080 kB
Active(file):    1255668 kB
Inactive(file):  2127060 kB
Unevictable:          16 kB
Mlocked:              16 kB
SwapTotal:       2097148 kB
SwapFree:        2097148 kB
Dirty:             10676 kB
Writeback:             0 kB
AnonPages:       5544144 kB
Mapped:           975852 kB
Shmem:            341736 kB
Slab:             234484 kB
SReclaimable:     149112 kB
SUnreclaim:        85372 kB
KernelStack:       19216 kB
PageTables:        71720 kB
NFS_Unstable:          0 kB
Bounce:                0 kB
WritebackTmp:          0 kB
CommitLimit:    10288880 kB
Committed_AS:   13866140 kB
VmallocTotal:   34359738367 kB
VmallocUsed:           0 kB
VmallocChunk:          0 kB
HardwareCorrupted:     0 kB
AnonHugePages:         0 kB
ShmemHugePages:        0 kB
ShmemPmdMapped:        0 kB
CmaTotal:              0 kB
CmaFree:               0 kB
HugePages_Total:       0
HugePages_Free:        0
HugePages_Rsvd:        0
HugePages_Surp:        0
Hugepagesize:       2048 kB
DirectMap4k:      425004 kB
DirectMap2M:    10020864 kB
DirectMap1G:     6291456 kB

container (cgroup) information:
container_type: cgroupv1
cpu_cpuset_cpus: 0-5
cpu_memory_nodes: 0
active_processor_count: 6
cpu_quota: -1
cpu_period: 100000
cpu_shares: -1
memory_limit_in_bytes: -1
memory_and_swap_limit_in_bytes: -2
memory_soft_limit_in_bytes: -1
memory_usage_in_bytes: 9345679360
memory_max_usage_in_bytes: 0


CPU:total 6 (initial active 6) (6 cores per cpu, 1 threads per core) family 6 model 158 stepping 10, cmov, cx8, fxsr, mmx, sse, sse2, sse3, ssse3, sse4.1, sse4.2, popcnt, avx, avx2, aes, clmul, erms, 3dnowpref, lzcnt, tsc, tscinvbit, bmi1, bmi2, adx

/proc/cpuinfo:
processor	: 0
vendor_id	: GenuineIntel
cpu family	: 6
model		: 158
model name	: Intel(R) Core(TM) i5-8400 CPU @ 2.80GHz
stepping	: 10
microcode	: 0x96
cpu MHz		: 2692.683
cache size	: 9216 KB
physical id	: 0
siblings	: 6
core id		: 0
cpu cores	: 6
apicid		: 0
initial apicid	: 0
fpu		: yes
fpu_exception	: yes
cpuid level	: 22
wp		: yes
flags		: fpu vme de pse tsc msr pae mce cx8 apic sep mtrr pge mca cmov pat pse36 clflush dts acpi mmx fxsr sse sse2 ss ht tm pbe syscall nx pdpe1gb rdtscp lm constant_tsc art arch_perfmon pebs bts rep_good nopl xtopology nonstop_tsc cpuid aperfmperf tsc_known_freq pni pclmulqdq dtes64 monitor ds_cpl vmx est tm2 ssse3 sdbg fma cx16 xtpr pdcm pcid sse4_1 sse4_2 x2apic movbe popcnt tsc_deadline_timer aes xsave avx f16c rdrand lahf_lm abm 3dnowprefetch cpuid_fault invpcid_single pti ssbd ibrs ibpb stibp tpr_shadow vnmi flexpriority ept vpid fsgsbase tsc_adjust bmi1 avx2 smep bmi2 erms invpcid mpx rdseed adx smap clflushopt intel_pt xsaveopt xsavec xgetbv1 xsaves dtherm ida arat pln pts hwp hwp_notify hwp_act_window hwp_epp flush_l1d
bugs		: cpu_meltdown spectre_v1 spectre_v2 spec_store_bypass l1tf
bogomips	: 5616.00
clflush size	: 64
cache_alignment	: 64
address sizes	: 39 bits physical, 48 bits virtual
power management:

processor	: 1
vendor_id	: GenuineIntel
cpu family	: 6
model		: 158
model name	: Intel(R) Core(TM) i5-8400 CPU @ 2.80GHz
stepping	: 10
microcode	: 0x96
cpu MHz		: 2743.748
cache size	: 9216 KB
physical id	: 0
siblings	: 6
core id		: 1
cpu cores	: 6
apicid		: 2
initial apicid	: 2
fpu		: yes
fpu_exception	: yes
cpuid level	: 22
wp		: yes
flags		: fpu vme de pse tsc msr pae mce cx8 apic sep mtrr pge mca cmov pat pse36 clflush dts acpi mmx fxsr sse sse2 ss ht tm pbe syscall nx pdpe1gb rdtscp lm constant_tsc art arch_perfmon pebs bts rep_good nopl xtopology nonstop_tsc cpuid aperfmperf tsc_known_freq pni pclmulqdq dtes64 monitor ds_cpl vmx est tm2 ssse3 sdbg fma cx16 xtpr pdcm pcid sse4_1 sse4_2 x2apic movbe popcnt tsc_deadline_timer aes xsave avx f16c rdrand lahf_lm abm 3dnowprefetch cpuid_fault invpcid_single pti ssbd ibrs ibpb stibp tpr_shadow vnmi flexpriority ept vpid fsgsbase tsc_adjust bmi1 avx2 smep bmi2 erms invpcid mpx rdseed adx smap clflushopt intel_pt xsaveopt xsavec xgetbv1 xsaves dtherm ida arat pln pts hwp hwp_notify hwp_act_window hwp_epp flush_l1d
bugs		: cpu_meltdown spectre_v1 spectre_v2 spec_store_bypass l1tf
bogomips	: 5616.00
clflush size	: 64
cache_alignment	: 64
address sizes	: 39 bits physical, 48 bits virtual
power management:

processor	: 2
vendor_id	: GenuineIntel
cpu family	: 6
model		: 158
model name	: Intel(R) Core(TM) i5-8400 CPU @ 2.80GHz
stepping	: 10
microcode	: 0x96
cpu MHz		: 2770.654
cache size	: 9216 KB
physical id	: 0
siblings	: 6
core id		: 2
cpu cores	: 6
apicid		: 4
initial apicid	: 4
fpu		: yes
fpu_exception	: yes
cpuid level	: 22
wp		: yes
flags		: fpu vme de pse tsc msr pae mce cx8 apic sep mtrr pge mca cmov pat pse36 clflush dts acpi mmx fxsr sse sse2 ss ht tm pbe syscall nx pdpe1gb rdtscp lm constant_tsc art arch_perfmon pebs bts rep_good nopl xtopology nonstop_tsc cpuid aperfmperf tsc_known_freq pni pclmulqdq dtes64 monitor ds_cpl vmx est tm2 ssse3 sdbg fma cx16 xtpr pdcm pcid sse4_1 sse4_2 x2apic movbe popcnt tsc_deadline_timer aes xsave avx f16c rdrand lahf_lm abm 3dnowprefetch cpuid_fault invpcid_single pti ssbd ibrs ibpb stibp tpr_shadow vnmi flexpriority ept vpid fsgsbase tsc_adjust bmi1 avx2 smep bmi2 erms invpcid mpx rdseed adx smap clflushopt intel_pt xsaveopt xsavec xgetbv1 xsaves dtherm ida arat pln pts hwp hwp_notify hwp_act_window hwp_epp flush_l1d
bugs		: cpu_meltdown spectre_v1 spectre_v2 spec_store_bypass l1tf
bogomips	: 5616.00
clflush size	: 64
cache_alignment	: 64
address sizes	: 39 bits physical, 48 bits virtual
power management:

processor	: 3
vendor_id	: GenuineIntel
cpu family	: 6
model		: 158
model name	: Intel(R) Core(TM) i5-8400 CPU @ 2.80GHz
stepping	: 10
microcode	: 0x96
cpu MHz		: 2835.977
cache size	: 9216 KB
physical id	: 0
siblings	: 6
core id		: 3
cpu cores	: 6
apicid		: 6
initial apicid	: 6
fpu		: yes
fpu_exception	: yes
cpuid level	: 22
wp		: yes
flags		: fpu vme de pse tsc msr pae mce cx8 apic sep mtrr pge mca cmov pat pse36 clflush dts acpi mmx fxsr sse sse2 ss ht tm pbe syscall nx pdpe1gb rdtscp lm constant_tsc art arch_perfmon pebs bts rep_good nopl xtopology nonstop_tsc cpuid aperfmperf tsc_known_freq pni pclmulqdq dtes64 monitor ds_cpl vmx est tm2 ssse3 sdbg fma cx16 xtpr pdcm pcid sse4_1 sse4_2 x2apic movbe popcnt tsc_deadline_timer aes xsave avx f16c rdrand lahf_lm abm 3dnowprefetch cpuid_fault invpcid_single pti ssbd ibrs ibpb stibp tpr_shadow vnmi flexpriority ept vpid fsgsbase tsc_adjust bmi1 avx2 smep bmi2 erms invpcid mpx rdseed adx smap clflushopt intel_pt xsaveopt xsavec xgetbv1 xsaves dtherm ida arat pln pts hwp hwp_notify hwp_act_window hwp_epp flush_l1d
bugs		: cpu_meltdown spectre_v1 spectre_v2 spec_store_bypass l1tf
bogomips	: 5616.00
clflush size	: 64
cache_alignment	: 64
address sizes	: 39 bits physical, 48 bits virtual
power management:

processor	: 4
vendor_id	: GenuineIntel
cpu family	: 6
model		: 158
model name	: Intel(R) Core(TM) i5-8400 CPU @ 2.80GHz
stepping	: 10
microcode	: 0x96
cpu MHz		: 3006.051
cache size	: 9216 KB
physical id	: 0
siblings	: 6
core id		: 4
cpu cores	: 6
apicid		: 8
initial apicid	: 8
fpu		: yes
fpu_exception	: yes
cpuid level	: 22
wp		: yes
flags		: fpu vme de pse tsc msr pae mce cx8 apic sep mtrr pge mca cmov pat pse36 clflush dts acpi mmx fxsr sse sse2 ss ht tm pbe syscall nx pdpe1gb rdtscp lm constant_tsc art arch_perfmon pebs bts rep_good nopl xtopology nonstop_tsc cpuid aperfmperf tsc_known_freq pni pclmulqdq dtes64 monitor ds_cpl vmx est tm2 ssse3 sdbg fma cx16 xtpr pdcm pcid sse4_1 sse4_2 x2apic movbe popcnt tsc_deadline_timer aes xsave avx f16c rdrand lahf_lm abm 3dnowprefetch cpuid_fault invpcid_single pti ssbd ibrs ibpb stibp tpr_shadow vnmi flexpriority ept vpid fsgsbase tsc_adjust bmi1 avx2 smep bmi2 erms invpcid mpx rdseed adx smap clflushopt intel_pt xsaveopt xsavec xgetbv1 xsaves dtherm ida arat pln pts hwp hwp_notify hwp_act_window hwp_epp flush_l1d
bugs		: cpu_meltdown spectre_v1 spectre_v2 spec_store_bypass l1tf
bogomips	: 5616.00
clflush size	: 64
cache_alignment	: 64
address sizes	: 39 bits physical, 48 bits virtual
power management:

processor	: 5
vendor_id	: GenuineIntel
cpu family	: 6
model		: 158
model name	: Intel(R) Core(TM) i5-8400 CPU @ 2.80GHz
stepping	: 10
microcode	: 0x96
cpu MHz		: 2625.097
cache size	: 9216 KB
physical id	: 0
siblings	: 6
core id		: 5
cpu cores	: 6
apicid		: 10
initial apicid	: 10
fpu		: yes
fpu_exception	: yes
cpuid level	: 22
wp		: yes
flags		: fpu vme de pse tsc msr pae mce cx8 apic sep mtrr pge mca cmov pat pse36 clflush dts acpi mmx fxsr sse sse2 ss ht tm pbe syscall nx pdpe1gb rdtscp lm constant_tsc art arch_perfmon pebs bts rep_good nopl xtopology nonstop_tsc cpuid aperfmperf tsc_known_freq pni pclmulqdq dtes64 monitor ds_cpl vmx est tm2 ssse3 sdbg fma cx16 xtpr pdcm pcid sse4_1 sse4_2 x2apic movbe popcnt tsc_deadline_timer aes xsave avx f16c rdrand lahf_lm abm 3dnowprefetch cpuid_fault invpcid_single pti ssbd ibrs ibpb stibp tpr_shadow vnmi flexpriority ept vpid fsgsbase tsc_adjust bmi1 avx2 smep bmi2 erms invpcid mpx rdseed adx smap clflushopt intel_pt xsaveopt xsavec xgetbv1 xsaves dtherm ida arat pln pts hwp hwp_notify hwp_act_window hwp_epp flush_l1d
bugs		: cpu_meltdown spectre_v1 spectre_v2 spec_store_bypass l1tf
bogomips	: 5616.00
clflush size	: 64
cache_alignment	: 64
address sizes	: 39 bits physical, 48 bits virtual
power management:



Memory: 4k page, physical 16383468k(6700636k free), swap 2097148k(2097148k free)

vm_info: Java HotSpot(TM) 64-Bit Server VM (25.201-b09) for linux-amd64 JRE (1.8.0_201-b09), built on Dec 15 2018 11:35:59 by "java_re" with gcc 7.3.0

time: Mon Feb 25 23:25:28 2019
timezone: PST
elapsed time: 1 seconds (0d 0h 0m 1s)

