#
# A fatal error has been detected by the Java Runtime Environment:
#
#  SIGSEGV (0xb) at pc=0x00007fbe11437a68, pid=19826, tid=0x00007fbe97d6d700
#
# JRE version: Java(TM) SE Runtime Environment (8.0_201-b09) (build 1.8.0_201-b09)
# Java VM: Java HotSpot(TM) 64-Bit Server VM (25.201-b09 mixed mode linux-amd64 compressed oops)
# Problematic frame:
# C  [libnvidia-glcore.so.390.77+0x1145a68]
#
# Failed to write core dump. Core dumps have been disabled. To enable core dumping, try "ulimit -c unlimited" before starting Java again
#
# If you would like to submit a bug report, please visit:
#   http://bugreport.java.com/bugreport/crash.jsp
# The crash happened outside the Java Virtual Machine in native code.
# See problematic frame for where to report the bug.
#

---------------  T H R E A D  ---------------

Current thread (0x00007fbe9000d800):  JavaThread "main" [_thread_in_native, id=19830, stack(0x00007fbe97c6e000,0x00007fbe97d6e000)]

siginfo: si_signo: 11 (SIGSEGV), si_code: 1 (SEGV_MAPERR), si_addr: 0x0000000000000000

Registers:
RAX=0x0000000000000000, RBX=0x000000000000004a, RCX=0x00007fbe11447c30, RDX=0x00000000000fff00
RSP=0x00007fbe97d6a410, RBP=0x00007fbe06752040, RSI=0x00007fbe06752000, RDI=0x0000000000000000
R8 =0x0000000000000001, R9 =0x000000000000005d, R10=0x0000000000000001, R11=0x0000000000000246
R12=0x0000000000000000, R13=0x00000000000ffec0, R14=0x0000000000000000, R15=0x00000000000fff00
RIP=0x00007fbe11437a68, EFLAGS=0x0000000000010202, CSGSFS=0x002b000000000033, ERR=0x0000000000000006
  TRAPNO=0x000000000000000e

Top of Stack: (sp=0x00007fbe97d6a410)
0x00007fbe97d6a410:   0000000000000000 000000000000004a
0x00007fbe97d6a420:   00007fbe06752000 0000000000000000
0x00007fbe97d6a430:   0000000000000111 00007fbe11439c62
0x00007fbe97d6a440:   0000000000000000 00007fbe00000000
0x00007fbe97d6a450:   0000000000000000 00007fbe000003c0
0x00007fbe97d6a460:   00007fbe00000111 00007fbe00000001
0x00007fbe97d6a470:   00007fbe97d6c490 000000000000004a
0x00007fbe97d6a480:   00007fbe00000000 00007fbe0bd43540
0x00007fbe97d6a490:   00007fbe97d6a640 00007fbe97d6a550
0x00007fbe97d6a4a0:   01007fbe9000d800 00007fbe97d6c490
0x00007fbe97d6a4b0:   00017fbe97d6a580 00007fbe97d6c100
0x00007fbe97d6a4c0:   00007fbe908837c0 0000000101d6ac30
0x00007fbe97d6a4d0:   0000000040068000 00007fbe906240e0
0x00007fbe97d6a4e0:   0000000000000000 00000001966243ef
0x00007fbe97d6a4f0:   0000000000000111 00000f0000000000
0x00007fbe97d6a500:   0000000affffffff 000003c00000019a
0x00007fbe97d6a510:   0000000700100000 000000076cb09f88
0x00007fbe97d6a520:   00007fbe97d6a588 00007fbe11896ec0
0x00007fbe97d6a530:   00007fbe90e6f930 00007fbe06752000
0x00007fbe97d6a540:   00000000000fff00 0000011100000001
0x00007fbe97d6a550:   0000000100e00000 00000f40beef0202
0x00007fbe97d6a560:   00000280000003c0 0000000900000001
0x00007fbe97d6a570:   0000000000000009 0000000000000002
0x00007fbe97d6a580:   000002ff000003cf 0000000000000001
0x00007fbe97d6a590:   0000000000000004 0000000000000001
0x00007fbe97d6a5a0:   0000000000000000 0000000000000000
0x00007fbe97d6a5b0:   0000000000000000 0000000000000000
0x00007fbe97d6a5c0:   0000000000000000 0000000000000000
0x00007fbe97d6a5d0:   0000000000000000 0000000000000000
0x00007fbe97d6a5e0:   0000000000000000 0000000000000004
0x00007fbe97d6a5f0:   0000000000000006 0000000000000000
0x00007fbe97d6a600:   0000000000000000 0000000000000000 

Instructions: (pc=0x00007fbe11437a68)
0x00007fbe11437a48:   00 00 66 0f 1f 44 00 00 0f 28 4d 10 49 83 ed 40
0x00007fbe11437a58:   0f 28 55 20 0f 28 5d 30 0f 28 45 00 48 83 c5 40
0x00007fbe11437a68:   41 0f 2b 04 24 41 0f 2b 4c 24 10 41 0f 2b 54 24
0x00007fbe11437a78:   20 41 0f 2b 5c 24 30 49 83 c4 40 49 83 fd 3f 77 

Register to memory mapping:

RAX=0x0000000000000000 is an unknown value
RBX=0x000000000000004a is an unknown value
RCX=0x00007fbe11447c30: <offset 0x1155c30> in /usr/lib/x86_64-linux-gnu/libnvidia-glcore.so.390.77 at 0x00007fbe102f2000
RDX=0x00000000000fff00 is an unknown value
RSP=0x00007fbe97d6a410 is pointing into the stack for thread: 0x00007fbe9000d800
RBP=0x00007fbe06752040 is an unknown value
RSI=0x00007fbe06752000 is an unknown value
RDI=0x0000000000000000 is an unknown value
R8 =0x0000000000000001 is an unknown value
R9 =0x000000000000005d is an unknown value
R10=0x0000000000000001 is an unknown value
R11=0x0000000000000246 is an unknown value
R12=0x0000000000000000 is an unknown value
R13=0x00000000000ffec0 is an unknown value
R14=0x0000000000000000 is an unknown value
R15=0x00000000000fff00 is an unknown value


Stack: [0x00007fbe97c6e000,0x00007fbe97d6e000],  sp=0x00007fbe97d6a410,  free space=1009k
Native frames: (J=compiled Java code, j=interpreted, Vv=VM code, C=native code)
C  [libnvidia-glcore.so.390.77+0x1145a68]

Java frames: (J=compiled Java code, j=interpreted, Vv=VM code)
j  org.lwjgl.opengl.GL11C.nglReadPixels(IIIIIIJ)V+0
j  org.lwjgl.opengl.GL11C.glReadPixels(IIIIIILjava/nio/ByteBuffer;)V+13
j  org.lwjgl.opengl.GL11.glReadPixels(IIIIIILjava/nio/ByteBuffer;)V+10
j  kjr.util.Screenshot.getImage(Ljava/awt/image/BufferedImage;Ljava/nio/ByteBuffer;II)Ljava/awt/image/BufferedImage;+55
j  kjr.util.Screenshot.screenshot(II)V+191
j  TestGame.draw()V+131
j  kjr.base.GameProgram.run()V+37
j  Main.main([Ljava/lang/String;)V+9
v  ~StubRoutines::call_stub

---------------  P R O C E S S  ---------------

Java Threads: ( => current thread )
  0x00007fbe48001000 JavaThread "Attach Listener" daemon [_thread_blocked, id=19873, stack(0x00007fbe0af9c000,0x00007fbe0b09d000)]
  0x00007fbe90333000 JavaThread "Service Thread" daemon [_thread_blocked, id=19862, stack(0x00007fbe6872c000,0x00007fbe6882d000)]
  0x00007fbe90328000 JavaThread "C1 CompilerThread2" daemon [_thread_blocked, id=19861, stack(0x00007fbe68a46000,0x00007fbe68b46000)]
  0x00007fbe90326000 JavaThread "C2 CompilerThread1" daemon [_thread_blocked, id=19860, stack(0x00007fbe68b47000,0x00007fbe68c47000)]
  0x00007fbe90324000 JavaThread "C2 CompilerThread0" daemon [_thread_blocked, id=19859, stack(0x00007fbe68c48000,0x00007fbe68d48000)]
  0x00007fbe90322800 JavaThread "Monitor Ctrl-Break" daemon [_thread_in_native, id=19858, stack(0x00007fbe68d48000,0x00007fbe68e49000)]
  0x00007fbe901c6000 JavaThread "Signal Dispatcher" daemon [_thread_blocked, id=19856, stack(0x00007fbe68e49000,0x00007fbe68f4a000)]
  0x00007fbe90193000 JavaThread "Finalizer" daemon [_thread_blocked, id=19849, stack(0x00007fbe69919000,0x00007fbe69a1a000)]
  0x00007fbe90190800 JavaThread "Reference Handler" daemon [_thread_blocked, id=19847, stack(0x00007fbe69a1a000,0x00007fbe69b1b000)]
=>0x00007fbe9000d800 JavaThread "main" [_thread_in_native, id=19830, stack(0x00007fbe97c6e000,0x00007fbe97d6e000)]

Other Threads:
  0x00007fbe90187000 VMThread [stack: 0x00007fbe69b1c000,0x00007fbe69c1c000] [id=19845]
  0x00007fbe90335800 WatcherThread [stack: 0x00007fbe6862c000,0x00007fbe6872c000] [id=19863]

VM state:not at safepoint (normal execution)

VM Mutex/Monitor currently owned by a thread: None

heap address: 0x00000006c6000000, size: 4000 MB, Compressed Oops mode: Zero based, Oop shift amount: 3
Narrow klass base: 0x0000000000000000, Narrow klass shift: 3
Compressed class space size: 1073741824 Address: 0x00000007c0000000

Heap:
 PSYoungGen      total 74752K, used 34658K [0x000000076cb00000, 0x0000000771e00000, 0x00000007c0000000)
  eden space 64512K, 53% used [0x000000076cb00000,0x000000076ecd8a28,0x0000000770a00000)
  from space 10240K, 0% used [0x0000000771400000,0x0000000771400000,0x0000000771e00000)
  to   space 10240K, 0% used [0x0000000770a00000,0x0000000770a00000,0x0000000771400000)
 ParOldGen       total 171008K, used 0K [0x00000006c6000000, 0x00000006d0700000, 0x000000076cb00000)
  object space 171008K, 0% used [0x00000006c6000000,0x00000006c6000000,0x00000006d0700000)
 Metaspace       used 10862K, capacity 11107K, committed 11264K, reserved 1058816K
  class space    used 903K, capacity 991K, committed 1024K, reserved 1048576K

Card table byte_map: [0x00007fbe8082f000,0x00007fbe81000000] byte_map_base: 0x00007fbe7d1ff000

Marking Bits: (ParMarkBitMap*) 0x00007fbe9711fd80
 Begin Bits: [0x00007fbe5c300000, 0x00007fbe60180000)
 End Bits:   [0x00007fbe60180000, 0x00007fbe64000000)

Polling page: 0x00007fbe97d8f000

CodeCache: size=245760Kb used=3100Kb max_used=3100Kb free=242659Kb
 bounds [0x00007fbe81000000, 0x00007fbe81310000, 0x00007fbe90000000]
 total_blobs=1707 nmethods=735 adapters=886
 compilation: enabled

Compilation events (10 events):
Event: 1.096 Thread 0x00007fbe90328000  731       3       sun.util.calendar.ZoneInfoFile$Checksum::update (39 bytes)
Event: 1.096 Thread 0x00007fbe90328000 nmethod 731 0x00007fbe81301090 code [0x00007fbe81301200, 0x00007fbe81301510]
Event: 1.096 Thread 0x00007fbe90328000  732       1       java.util.HashMap::afterNodeInsertion (1 bytes)
Event: 1.096 Thread 0x00007fbe90328000 nmethod 732 0x00007fbe81300dd0 code [0x00007fbe81300f20, 0x00007fbe81301030]
Event: 1.099 Thread 0x00007fbe90328000  734       3       java.lang.StringCoding::safeTrim (24 bytes)
Event: 1.099 Thread 0x00007fbe90328000 nmethod 734 0x00007fbe81300150 code [0x00007fbe813002e0, 0x00007fbe813007a8]
Event: 1.099 Thread 0x00007fbe90328000  733       1       java.nio.charset.Charset::name (5 bytes)
Event: 1.099 Thread 0x00007fbe90328000 nmethod 733 0x00007fbe812ffe90 code [0x00007fbe812fffe0, 0x00007fbe813000f0]
Event: 1.099 Thread 0x00007fbe90328000  735   !   3       java.lang.StringCoding::decode (120 bytes)
Event: 1.100 Thread 0x00007fbe90328000 nmethod 735 0x00007fbe81303590 code [0x00007fbe813038e0, 0x00007fbe81305318]

GC Heap History (0 events):
No events

Deoptimization events (1 events):
Event: 0.138 Thread 0x00007fbe9000d800 Uncommon trap: reason=unstable_if action=reinterpret pc=0x00007fbe8117e670 method=java.lang.String.replace(CC)Ljava/lang/String; @ 26

Classes redefined (0 events):
No events

Internal exceptions (10 events):
Event: 0.081 Thread 0x00007fbe9000d800 Exception <a 'java/lang/NoSuchMethodError': java.lang.Object.lambda$static$0(Ljava/lang/String;)Ljava/lang/Boolean;> (0x000000076d052470) thrown at [/HUDSON/workspace/8-2-build-linux-amd64/jdk8u201/12317/hotspot/src/share/vm/interpreter/linkResolver.cpp, 
Event: 0.090 Thread 0x00007fbe9000d800 Exception <a 'java/lang/NoSuchFieldError': method resolution failed> (0x000000076d0d4848) thrown at [/HUDSON/workspace/8-2-build-linux-amd64/jdk8u201/12317/hotspot/src/share/vm/prims/methodHandles.cpp, line 1167]
Event: 0.091 Thread 0x00007fbe9000d800 Exception <a 'java/lang/NoSuchFieldError': method resolution failed> (0x000000076d0e2720) thrown at [/HUDSON/workspace/8-2-build-linux-amd64/jdk8u201/12317/hotspot/src/share/vm/prims/methodHandles.cpp, line 1167]
Event: 0.126 Thread 0x00007fbe9000d800 Exception <a 'java/security/PrivilegedActionException'> (0x000000076d29f050) thrown at [/HUDSON/workspace/8-2-build-linux-amd64/jdk8u201/12317/hotspot/src/share/vm/prims/jvm.cpp, line 1502]
Event: 0.126 Thread 0x00007fbe9000d800 Exception <a 'java/security/PrivilegedActionException'> (0x000000076d29f260) thrown at [/HUDSON/workspace/8-2-build-linux-amd64/jdk8u201/12317/hotspot/src/share/vm/prims/jvm.cpp, line 1502]
Event: 0.126 Thread 0x00007fbe9000d800 Exception <a 'java/security/PrivilegedActionException'> (0x000000076d2a16c8) thrown at [/HUDSON/workspace/8-2-build-linux-amd64/jdk8u201/12317/hotspot/src/share/vm/prims/jvm.cpp, line 1502]
Event: 0.126 Thread 0x00007fbe9000d800 Exception <a 'java/security/PrivilegedActionException'> (0x000000076d2a18d8) thrown at [/HUDSON/workspace/8-2-build-linux-amd64/jdk8u201/12317/hotspot/src/share/vm/prims/jvm.cpp, line 1502]
Event: 0.251 Thread 0x00007fbe9000d800 Exception <a 'sun/nio/fs/UnixException'> (0x000000076d663690) thrown at [/HUDSON/workspace/8-2-build-linux-amd64/jdk8u201/12317/hotspot/src/share/vm/prims/jni.cpp, line 709]
Event: 1.104 Thread 0x00007fbe9000d800 Exception <a 'java/io/FileNotFoundException'> (0x000000076e7a9348) thrown at [/HUDSON/workspace/8-2-build-linux-amd64/jdk8u201/12317/hotspot/src/share/vm/prims/jni.cpp, line 709]
Event: 1.104 Thread 0x00007fbe9000d800 Exception <a 'java/io/FileNotFoundException'> (0x000000076e7a9d00) thrown at [/HUDSON/workspace/8-2-build-linux-amd64/jdk8u201/12317/hotspot/src/share/vm/prims/jni.cpp, line 709]

Events (10 events):
Event: 1.103 loading class java/util/ListResourceBundle done
Event: 1.103 loading class sun/awt/resources/awt done
Event: 1.103 loading class sun/awt/resources/awt_en_CA
Event: 1.103 loading class sun/awt/resources/awt_en_CA done
Event: 1.103 loading class java/util/ResourceBundle$Control$1
Event: 1.103 loading class java/util/ResourceBundle$Control$1 done
Event: 1.104 loading class java/awt/Toolkit$3
Event: 1.104 loading class java/awt/Toolkit$3 done
Event: 1.104 loading class java/awt/Toolkit$1
Event: 1.104 loading class java/awt/Toolkit$1 done


Dynamic libraries:
00400000-00401000 r-xp 00000000 103:02 400763                            /usr/lib/jvm/java-8-oracle/bin/java
00600000-00601000 r--p 00000000 103:02 400763                            /usr/lib/jvm/java-8-oracle/bin/java
00601000-00602000 rw-p 00001000 103:02 400763                            /usr/lib/jvm/java-8-oracle/bin/java
023bf000-023e0000 rw-p 00000000 00:00 0                                  [heap]
40068000-40109000 rw-p 00000000 00:00 0 
41a85000-41a87000 r-xs 00000000 103:02 11407750                          /tmp/.glitOzQ4 (deleted)
6c6000000-6d0700000 rw-p 00000000 00:00 0 
6d0700000-76cb00000 ---p 00000000 00:00 0 
76cb00000-771e00000 rw-p 00000000 00:00 0 
771e00000-7c0000000 ---p 00000000 00:00 0 
7c0000000-7c0100000 rw-p 00000000 00:00 0 
7c0100000-800000000 ---p 00000000 00:00 0 
7fbdfc000000-7fbdfc021000 rw-p 00000000 00:00 0 
7fbdfc021000-7fbe00000000 ---p 00000000 00:00 0 
7fbe06752000-7fbe06952000 rw-s 00000000 00:06 447                        /dev/nvidiactl
7fbe06952000-7fbe06957000 r-xp 00000000 103:02 400966                    /usr/lib/x86_64-linux-gnu/libXtst.so.6.1.0
7fbe06957000-7fbe06b56000 ---p 00005000 103:02 400966                    /usr/lib/x86_64-linux-gnu/libXtst.so.6.1.0
7fbe06b56000-7fbe06b57000 r--p 00004000 103:02 400966                    /usr/lib/x86_64-linux-gnu/libXtst.so.6.1.0
7fbe06b57000-7fbe06b58000 rw-p 00005000 103:02 400966                    /usr/lib/x86_64-linux-gnu/libXtst.so.6.1.0
7fbe06b58000-7fbe06bab000 r-xp 00000000 103:02 404320                    /usr/lib/jvm/java-8-oracle/jre/lib/amd64/libawt_xawt.so
7fbe06bab000-7fbe06daa000 ---p 00053000 103:02 404320                    /usr/lib/jvm/java-8-oracle/jre/lib/amd64/libawt_xawt.so
7fbe06daa000-7fbe06dab000 r--p 00052000 103:02 404320                    /usr/lib/jvm/java-8-oracle/jre/lib/amd64/libawt_xawt.so
7fbe06dab000-7fbe06dae000 rw-p 00053000 103:02 404320                    /usr/lib/jvm/java-8-oracle/jre/lib/amd64/libawt_xawt.so
7fbe06dae000-7fbe06daf000 rw-p 00000000 00:00 0 
7fbe06daf000-7fbe06e4f000 r-xp 00000000 103:02 404306                    /usr/lib/jvm/java-8-oracle/jre/lib/amd64/libawt.so
7fbe06e4f000-7fbe0704e000 ---p 000a0000 103:02 404306                    /usr/lib/jvm/java-8-oracle/jre/lib/amd64/libawt.so
7fbe0704e000-7fbe0704f000 r--p 0009f000 103:02 404306                    /usr/lib/jvm/java-8-oracle/jre/lib/amd64/libawt.so
7fbe0704f000-7fbe0705a000 rw-p 000a0000 103:02 404306                    /usr/lib/jvm/java-8-oracle/jre/lib/amd64/libawt.so
7fbe0705a000-7fbe0707f000 rw-p 00000000 00:00 0 
7fbe0707f000-7fbe076e8000 rw-s 00000000 00:06 447                        /dev/nvidiactl
7fbe076e8000-7fbe0af9c000 rw-p 00000000 00:00 0 
7fbe0af9c000-7fbe0af9f000 ---p 00000000 00:00 0 
7fbe0af9f000-7fbe0b09d000 rw-p 00000000 00:00 0 
7fbe0b09d000-7fbe0b0fd000 r-xp 00000000 103:02 11407759                  /tmp/lwjglmatthew/3.2.1-build-12/liblwjgl_stb.so
7fbe0b0fd000-7fbe0b2fc000 ---p 00060000 103:02 11407759                  /tmp/lwjglmatthew/3.2.1-build-12/liblwjgl_stb.so
7fbe0b2fc000-7fbe0b2fd000 r--p 0005f000 103:02 11407759                  /tmp/lwjglmatthew/3.2.1-build-12/liblwjgl_stb.so
7fbe0b2fd000-7fbe0b2fe000 rw-p 00060000 103:02 11407759                  /tmp/lwjglmatthew/3.2.1-build-12/liblwjgl_stb.so
7fbe0b2fe000-7fbe0b2ff000 rw-p 00000000 00:00 0 
7fbe0b2ff000-7fbe0b4ff000 rw-s 00000000 00:06 447                        /dev/nvidiactl
7fbe0b4ff000-7fbe0bd68000 rw-p 00000000 00:00 0 
7fbe0bd68000-7fbe0bda8000 rw-s 00000000 103:02 12327306                  /home/matthew/#12327306 (deleted)
7fbe0bda8000-7fbe0bdff000 r-xp 00000000 103:02 11407758                  /tmp/lwjglmatthew/3.2.1-build-12/liblwjgl_opengl.so
7fbe0bdff000-7fbe0bffe000 ---p 00057000 103:02 11407758                  /tmp/lwjglmatthew/3.2.1-build-12/liblwjgl_opengl.so
7fbe0bffe000-7fbe0bfff000 r--p 00056000 103:02 11407758                  /tmp/lwjglmatthew/3.2.1-build-12/liblwjgl_opengl.so
7fbe0bfff000-7fbe0c000000 rw-p 00057000 103:02 11407758                  /tmp/lwjglmatthew/3.2.1-build-12/liblwjgl_opengl.so
7fbe0c000000-7fbe0c021000 rw-p 00000000 00:00 0 
7fbe0c021000-7fbe10000000 ---p 00000000 00:00 0 
7fbe10032000-7fbe10072000 r-xs 00000000 103:02 12327306                  /home/matthew/#12327306 (deleted)
7fbe10072000-7fbe100f2000 rw-s 00000000 00:06 447                        /dev/nvidiactl
7fbe100f2000-7fbe10172000 rw-s 00000000 00:06 447                        /dev/nvidiactl
7fbe10172000-7fbe101f2000 rw-s 00000000 00:06 447                        /dev/nvidiactl
7fbe101f2000-7fbe102f2000 rw-s 00000000 00:06 447                        /dev/nvidiactl
7fbe102f2000-7fbe11711000 r-xp 00000000 103:02 396574                    /usr/lib/x86_64-linux-gnu/libnvidia-glcore.so.390.77
7fbe11711000-7fbe11732000 rwxp 0141f000 103:02 396574                    /usr/lib/x86_64-linux-gnu/libnvidia-glcore.so.390.77
7fbe11732000-7fbe11b6e000 r-xp 01440000 103:02 396574                    /usr/lib/x86_64-linux-gnu/libnvidia-glcore.so.390.77
7fbe11b6e000-7fbe11d6d000 ---p 0187c000 103:02 396574                    /usr/lib/x86_64-linux-gnu/libnvidia-glcore.so.390.77
7fbe11d6d000-7fbe120e0000 rw-p 0187b000 103:02 396574                    /usr/lib/x86_64-linux-gnu/libnvidia-glcore.so.390.77
7fbe120e0000-7fbe120fa000 rw-p 00000000 00:00 0 
7fbe120fa000-7fbe120fd000 r-xp 00000000 103:02 396578                    /usr/lib/x86_64-linux-gnu/tls/libnvidia-tls.so.390.77
7fbe120fd000-7fbe122fd000 ---p 00003000 103:02 396578                    /usr/lib/x86_64-linux-gnu/tls/libnvidia-tls.so.390.77
7fbe122fd000-7fbe122fe000 rw-p 00003000 103:02 396578                    /usr/lib/x86_64-linux-gnu/tls/libnvidia-tls.so.390.77
7fbe122fe000-7fbe123c7000 r-xp 00000000 103:02 396571                    /usr/lib/x86_64-linux-gnu/libGLX_nvidia.so.390.77
7fbe123c7000-7fbe123fb000 rwxp 000c9000 103:02 396571                    /usr/lib/x86_64-linux-gnu/libGLX_nvidia.so.390.77
7fbe123fb000-7fbe1240f000 r-xp 000fd000 103:02 396571                    /usr/lib/x86_64-linux-gnu/libGLX_nvidia.so.390.77
7fbe1240f000-7fbe1260f000 ---p 00111000 103:02 396571                    /usr/lib/x86_64-linux-gnu/libGLX_nvidia.so.390.77
7fbe1260f000-7fbe12634000 rw-p 00111000 103:02 396571                    /usr/lib/x86_64-linux-gnu/libGLX_nvidia.so.390.77
7fbe12634000-7fbe1263b000 rw-p 00000000 00:00 0 
7fbe1263b000-7fbe1267d000 r-xp 00000000 103:02 398962                    /usr/lib/x86_64-linux-gnu/libGLdispatch.so.0.0.0
7fbe1267d000-7fbe12696000 r-xp 00042000 103:02 398962                    /usr/lib/x86_64-linux-gnu/libGLdispatch.so.0.0.0
7fbe12696000-7fbe126a9000 r-xp 0005b000 103:02 398962                    /usr/lib/x86_64-linux-gnu/libGLdispatch.so.0.0.0
7fbe126a9000-7fbe128a8000 ---p 0006e000 103:02 398962                    /usr/lib/x86_64-linux-gnu/libGLdispatch.so.0.0.0
7fbe128a8000-7fbe128d0000 r--p 0006d000 103:02 398962                    /usr/lib/x86_64-linux-gnu/libGLdispatch.so.0.0.0
7fbe128d0000-7fbe128d1000 rw-p 00095000 103:02 398962                    /usr/lib/x86_64-linux-gnu/libGLdispatch.so.0.0.0
7fbe128d1000-7fbe128f1000 rw-p 00000000 00:00 0 
7fbe128f1000-7fbe12901000 r-xp 00000000 103:02 398958                    /usr/lib/x86_64-linux-gnu/libGLX.so.0.0.0
7fbe12901000-7fbe12b00000 ---p 00010000 103:02 398958                    /usr/lib/x86_64-linux-gnu/libGLX.so.0.0.0
7fbe12b00000-7fbe12b01000 r--p 0000f000 103:02 398958                    /usr/lib/x86_64-linux-gnu/libGLX.so.0.0.0
7fbe12b01000-7fbe12b02000 rw-p 00010000 103:02 398958                    /usr/lib/x86_64-linux-gnu/libGLX.so.0.0.0
7fbe12b02000-7fbe12b22000 rw-p 00000000 00:00 0 
7fbe12b22000-7fbe12b66000 r-xp 00000000 103:02 398956                    /usr/lib/x86_64-linux-gnu/libGL.so.1.0.0
7fbe12b66000-7fbe12b7f000 r-xp 00044000 103:02 398956                    /usr/lib/x86_64-linux-gnu/libGL.so.1.0.0
7fbe12b7f000-7fbe12b93000 r-xp 0005d000 103:02 398956                    /usr/lib/x86_64-linux-gnu/libGL.so.1.0.0
7fbe12b93000-7fbe12d92000 ---p 00071000 103:02 398956                    /usr/lib/x86_64-linux-gnu/libGL.so.1.0.0
7fbe12d92000-7fbe12dac000 r--p 00070000 103:02 398956                    /usr/lib/x86_64-linux-gnu/libGL.so.1.0.0
7fbe12dac000-7fbe12dad000 rw-p 0008a000 103:02 398956                    /usr/lib/x86_64-linux-gnu/libGL.so.1.0.0
7fbe12dad000-7fbe12dae000 rw-p 00000000 00:00 0 
7fbe12dae000-7fbe12daf000 r-xp 00000000 103:02 398879                    /usr/lib/x86_64-linux-gnu/libX11-xcb.so.1.0.0
7fbe12daf000-7fbe12fae000 ---p 00001000 103:02 398879                    /usr/lib/x86_64-linux-gnu/libX11-xcb.so.1.0.0
7fbe12fae000-7fbe12faf000 r--p 00000000 103:02 398879                    /usr/lib/x86_64-linux-gnu/libX11-xcb.so.1.0.0
7fbe12faf000-7fbe12fb0000 rw-p 00001000 103:02 398879                    /usr/lib/x86_64-linux-gnu/libX11-xcb.so.1.0.0
7fbe12fb0000-7fbe12fb2000 r-xp 00000000 103:02 400950                    /usr/lib/x86_64-linux-gnu/libXinerama.so.1.0.0
7fbe12fb2000-7fbe131b1000 ---p 00002000 103:02 400950                    /usr/lib/x86_64-linux-gnu/libXinerama.so.1.0.0
7fbe131b1000-7fbe131b2000 r--p 00001000 103:02 400950                    /usr/lib/x86_64-linux-gnu/libXinerama.so.1.0.0
7fbe131b2000-7fbe131b3000 rw-p 00002000 103:02 400950                    /usr/lib/x86_64-linux-gnu/libXinerama.so.1.0.0
7fbe131b3000-7fbe131b8000 r-xp 00000000 103:02 400942                    /usr/lib/x86_64-linux-gnu/libXfixes.so.3.1.0
7fbe131b8000-7fbe133b7000 ---p 00005000 103:02 400942                    /usr/lib/x86_64-linux-gnu/libXfixes.so.3.1.0
7fbe133b7000-7fbe133b8000 r--p 00004000 103:02 400942                    /usr/lib/x86_64-linux-gnu/libXfixes.so.3.1.0
7fbe133b8000-7fbe133b9000 rw-p 00005000 103:02 400942                    /usr/lib/x86_64-linux-gnu/libXfixes.so.3.1.0
7fbe133b9000-7fbe133c2000 r-xp 00000000 103:02 400934                    /usr/lib/x86_64-linux-gnu/libXcursor.so.1.0.2
7fbe133c2000-7fbe135c1000 ---p 00009000 103:02 400934                    /usr/lib/x86_64-linux-gnu/libXcursor.so.1.0.2
7fbe135c1000-7fbe135c2000 r--p 00008000 103:02 400934                    /usr/lib/x86_64-linux-gnu/libXcursor.so.1.0.2
7fbe135c2000-7fbe135c3000 rw-p 00009000 103:02 400934                    /usr/lib/x86_64-linux-gnu/libXcursor.so.1.0.2
7fbe135c3000-7fbe135cc000 r-xp 00000000 103:02 400960                    /usr/lib/x86_64-linux-gnu/libXrender.so.1.3.0
7fbe135cc000-7fbe137cb000 ---p 00009000 103:02 400960                    /usr/lib/x86_64-linux-gnu/libXrender.so.1.3.0
7fbe137cb000-7fbe137cc000 r--p 00008000 103:02 400960                    /usr/lib/x86_64-linux-gnu/libXrender.so.1.3.0
7fbe137cc000-7fbe137cd000 rw-p 00009000 103:02 400960                    /usr/lib/x86_64-linux-gnu/libXrender.so.1.3.0
7fbe137cd000-7fbe137d7000 r-xp 00000000 103:02 400958                    /usr/lib/x86_64-linux-gnu/libXrandr.so.2.2.0
7fbe137d7000-7fbe139d6000 ---p 0000a000 103:02 400958                    /usr/lib/x86_64-linux-gnu/libXrandr.so.2.2.0
7fbe139d6000-7fbe139d7000 r--p 00009000 103:02 400958                    /usr/lib/x86_64-linux-gnu/libXrandr.so.2.2.0
7fbe139d7000-7fbe139d8000 rw-p 0000a000 103:02 400958                    /usr/lib/x86_64-linux-gnu/libXrandr.so.2.2.0
7fbe139d8000-7fbe139e7000 r-xp 00000000 103:02 400948                    /usr/lib/x86_64-linux-gnu/libXi.so.6.1.0
7fbe139e7000-7fbe13be6000 ---p 0000f000 103:02 400948                    /usr/lib/x86_64-linux-gnu/libXi.so.6.1.0
7fbe13be6000-7fbe13be7000 r--p 0000e000 103:02 400948                    /usr/lib/x86_64-linux-gnu/libXi.so.6.1.0
7fbe13be7000-7fbe13be8000 rw-p 0000f000 103:02 400948                    /usr/lib/x86_64-linux-gnu/libXi.so.6.1.0
7fbe13be8000-7fbe13bf9000 r-xp 00000000 103:02 400940                    /usr/lib/x86_64-linux-gnu/libXext.so.6.4.0
7fbe13bf9000-7fbe13df8000 ---p 00011000 103:02 400940                    /usr/lib/x86_64-linux-gnu/libXext.so.6.4.0
7fbe13df8000-7fbe13df9000 r--p 00010000 103:02 400940                    /usr/lib/x86_64-linux-gnu/libXext.so.6.4.0
7fbe13df9000-7fbe13dfa000 rw-p 00011000 103:02 400940                    /usr/lib/x86_64-linux-gnu/libXext.so.6.4.0
7fbe13dfa000-7fbe13dff000 r-xp 00000000 103:02 400976                    /usr/lib/x86_64-linux-gnu/libXxf86vm.so.1.0.0
7fbe13dff000-7fbe13ffe000 ---p 00005000 103:02 400976                    /usr/lib/x86_64-linux-gnu/libXxf86vm.so.1.0.0
7fbe13ffe000-7fbe13fff000 r--p 00004000 103:02 400976                    /usr/lib/x86_64-linux-gnu/libXxf86vm.so.1.0.0
7fbe13fff000-7fbe14000000 rw-p 00005000 103:02 400976                    /usr/lib/x86_64-linux-gnu/libXxf86vm.so.1.0.0
7fbe14000000-7fbe14021000 rw-p 00000000 00:00 0 
7fbe14021000-7fbe18000000 ---p 00000000 00:00 0 
7fbe18004000-7fbe18137000 r-xp 00000000 103:02 396205                    /usr/lib/x86_64-linux-gnu/libX11.so.6.3.0
7fbe18137000-7fbe18337000 ---p 00133000 103:02 396205                    /usr/lib/x86_64-linux-gnu/libX11.so.6.3.0
7fbe18337000-7fbe18338000 r--p 00133000 103:02 396205                    /usr/lib/x86_64-linux-gnu/libX11.so.6.3.0
7fbe18338000-7fbe1833c000 rw-p 00134000 103:02 396205                    /usr/lib/x86_64-linux-gnu/libX11.so.6.3.0
7fbe1833c000-7fbe1837e000 r-xp 00000000 103:02 11407756                  /tmp/lwjglmatthew/3.2.1-build-12/libglfw.so
7fbe1837e000-7fbe1857d000 ---p 00042000 103:02 11407756                  /tmp/lwjglmatthew/3.2.1-build-12/libglfw.so
7fbe1857d000-7fbe1857e000 r--p 00041000 103:02 11407756                  /tmp/lwjglmatthew/3.2.1-build-12/libglfw.so
7fbe1857e000-7fbe18580000 rw-p 00042000 103:02 11407756                  /tmp/lwjglmatthew/3.2.1-build-12/libglfw.so
7fbe18580000-7fbe185a1000 rw-p 00000000 00:00 0 
7fbe185a1000-7fbe185a2000 ---p 00000000 00:00 0 
7fbe185a2000-7fbe18fc9000 rw-p 00000000 00:00 0 
7fbe18fc9000-7fbe18fca000 ---p 00000000 00:00 0 
7fbe18fca000-7fbe191ca000 rw-p 00000000 00:00 0 
7fbe191ca000-7fbe1d1ca000 rw-s 00000000 00:05 2407142                    /memfd:pulseaudio (deleted)
7fbe1d1ca000-7fbe211ca000 rw-s 00000000 00:05 30853                      /memfd:pulseaudio (deleted)
7fbe211ca000-7fbe251ca000 rw-s 00000000 00:05 2408628                    /memfd:pulseaudio (deleted)
7fbe251ca000-7fbe291ca000 rw-s 00000000 00:05 2408628                    /memfd:pulseaudio (deleted)
7fbe291ca000-7fbe291cb000 ---p 00000000 00:00 0 
7fbe291cb000-7fbe299cb000 rw-p 00000000 00:00 0 
7fbe299cb000-7fbe299df000 r-xp 00000000 103:02 6689485                   /lib/x86_64-linux-gnu/libgpg-error.so.0.22.0
7fbe299df000-7fbe29bde000 ---p 00014000 103:02 6689485                   /lib/x86_64-linux-gnu/libgpg-error.so.0.22.0
7fbe29bde000-7fbe29bdf000 r--p 00013000 103:02 6689485                   /lib/x86_64-linux-gnu/libgpg-error.so.0.22.0
7fbe29bdf000-7fbe29be0000 rw-p 00014000 103:02 6689485                   /lib/x86_64-linux-gnu/libgpg-error.so.0.22.0
7fbe29be0000-7fbe29bf3000 r-xp 00000000 103:02 6689440                   /lib/x86_64-linux-gnu/libbsd.so.0.8.7
7fbe29bf3000-7fbe29df2000 ---p 00013000 103:02 6689440                   /lib/x86_64-linux-gnu/libbsd.so.0.8.7
7fbe29df2000-7fbe29df3000 r--p 00012000 103:02 6689440                   /lib/x86_64-linux-gnu/libbsd.so.0.8.7
7fbe29df3000-7fbe29df4000 rw-p 00013000 103:02 6689440                   /lib/x86_64-linux-gnu/libbsd.so.0.8.7
7fbe29df4000-7fbe29df5000 rw-p 00000000 00:00 0 
7fbe29df5000-7fbe29e0c000 r-xp 00000000 103:02 6689583                   /lib/x86_64-linux-gnu/libresolv-2.27.so
7fbe29e0c000-7fbe2a00c000 ---p 00017000 103:02 6689583                   /lib/x86_64-linux-gnu/libresolv-2.27.so
7fbe2a00c000-7fbe2a00d000 r--p 00017000 103:02 6689583                   /lib/x86_64-linux-gnu/libresolv-2.27.so
7fbe2a00d000-7fbe2a00e000 rw-p 00018000 103:02 6689583                   /lib/x86_64-linux-gnu/libresolv-2.27.so
7fbe2a00e000-7fbe2a010000 rw-p 00000000 00:00 0 
7fbe2a010000-7fbe2a09d000 r-xp 00000000 103:02 402005                    /usr/lib/x86_64-linux-gnu/libvorbisenc.so.2.0.11
7fbe2a09d000-7fbe2a29c000 ---p 0008d000 103:02 402005                    /usr/lib/x86_64-linux-gnu/libvorbisenc.so.2.0.11
7fbe2a29c000-7fbe2a2b8000 r--p 0008c000 103:02 402005                    /usr/lib/x86_64-linux-gnu/libvorbisenc.so.2.0.11
7fbe2a2b8000-7fbe2a2b9000 rw-p 000a8000 103:02 402005                    /usr/lib/x86_64-linux-gnu/libvorbisenc.so.2.0.11
7fbe2a2b9000-7fbe2a2e3000 r-xp 00000000 103:02 402003                    /usr/lib/x86_64-linux-gnu/libvorbis.so.0.4.8
7fbe2a2e3000-7fbe2a4e2000 ---p 0002a000 103:02 402003                    /usr/lib/x86_64-linux-gnu/libvorbis.so.0.4.8
7fbe2a4e2000-7fbe2a4e3000 r--p 00029000 103:02 402003                    /usr/lib/x86_64-linux-gnu/libvorbis.so.0.4.8
7fbe2a4e3000-7fbe2a4e4000 rw-p 0002a000 103:02 402003                    /usr/lib/x86_64-linux-gnu/libvorbis.so.0.4.8
7fbe2a4e4000-7fbe2a4eb000 r-xp 00000000 103:02 401710                    /usr/lib/x86_64-linux-gnu/libogg.so.0.8.2
7fbe2a4eb000-7fbe2a6eb000 ---p 00007000 103:02 401710                    /usr/lib/x86_64-linux-gnu/libogg.so.0.8.2
7fbe2a6eb000-7fbe2a6ec000 r--p 00007000 103:02 401710                    /usr/lib/x86_64-linux-gnu/libogg.so.0.8.2
7fbe2a6ec000-7fbe2a6ed000 rw-p 00008000 103:02 401710                    /usr/lib/x86_64-linux-gnu/libogg.so.0.8.2
7fbe2a6ed000-7fbe2a762000 r-xp 00000000 103:02 400876                    /usr/lib/x86_64-linux-gnu/libFLAC.so.8.3.0
7fbe2a762000-7fbe2a962000 ---p 00075000 103:02 400876                    /usr/lib/x86_64-linux-gnu/libFLAC.so.8.3.0
7fbe2a962000-7fbe2a963000 r--p 00075000 103:02 400876                    /usr/lib/x86_64-linux-gnu/libFLAC.so.8.3.0
7fbe2a963000-7fbe2a964000 rw-p 00076000 103:02 400876                    /usr/lib/x86_64-linux-gnu/libFLAC.so.8.3.0
7fbe2a964000-7fbe2aa78000 r-xp 00000000 103:02 6689483                   /lib/x86_64-linux-gnu/libgcrypt.so.20.2.1
7fbe2aa78000-7fbe2ac77000 ---p 00114000 103:02 6689483                   /lib/x86_64-linux-gnu/libgcrypt.so.20.2.1
7fbe2ac77000-7fbe2ac79000 r--p 00113000 103:02 6689483                   /lib/x86_64-linux-gnu/libgcrypt.so.20.2.1
7fbe2ac79000-7fbe2ac7e000 rw-p 00115000 103:02 6689483                   /lib/x86_64-linux-gnu/libgcrypt.so.20.2.1
7fbe2ac7e000-7fbe2ac7f000 rw-p 00000000 00:00 0 
7fbe2ac7f000-7fbe2ac9a000 r-xp 00000000 103:02 401622                    /usr/lib/x86_64-linux-gnu/liblz4.so.1.7.1
7fbe2ac9a000-7fbe2ae99000 ---p 0001b000 103:02 401622                    /usr/lib/x86_64-linux-gnu/liblz4.so.1.7.1
7fbe2ae99000-7fbe2ae9a000 r--p 0001a000 103:02 401622                    /usr/lib/x86_64-linux-gnu/liblz4.so.1.7.1
7fbe2ae9a000-7fbe2ae9b000 rw-p 0001b000 103:02 401622                    /usr/lib/x86_64-linux-gnu/liblz4.so.1.7.1
7fbe2ae9b000-7fbe2aebf000 r-xp 00000000 103:02 6689504                   /lib/x86_64-linux-gnu/liblzma.so.5.2.2
7fbe2aebf000-7fbe2b0bf000 ---p 00024000 103:02 6689504                   /lib/x86_64-linux-gnu/liblzma.so.5.2.2
7fbe2b0bf000-7fbe2b0c0000 r--p 00024000 103:02 6689504                   /lib/x86_64-linux-gnu/liblzma.so.5.2.2
7fbe2b0c0000-7fbe2b0c1000 rw-p 00025000 103:02 6689504                   /lib/x86_64-linux-gnu/liblzma.so.5.2.2
7fbe2b0c1000-7fbe2b0c6000 r-xp 00000000 103:02 400938                    /usr/lib/x86_64-linux-gnu/libXdmcp.so.6.0.0
7fbe2b0c6000-7fbe2b2c5000 ---p 00005000 103:02 400938                    /usr/lib/x86_64-linux-gnu/libXdmcp.so.6.0.0
7fbe2b2c5000-7fbe2b2c6000 r--p 00004000 103:02 400938                    /usr/lib/x86_64-linux-gnu/libXdmcp.so.6.0.0
7fbe2b2c6000-7fbe2b2c7000 rw-p 00005000 103:02 400938                    /usr/lib/x86_64-linux-gnu/libXdmcp.so.6.0.0
7fbe2b2c7000-7fbe2b2c9000 r-xp 00000000 103:02 400927                    /usr/lib/x86_64-linux-gnu/libXau.so.6.0.0
7fbe2b2c9000-7fbe2b4c9000 ---p 00002000 103:02 400927                    /usr/lib/x86_64-linux-gnu/libXau.so.6.0.0
7fbe2b4c9000-7fbe2b4ca000 r--p 00002000 103:02 400927                    /usr/lib/x86_64-linux-gnu/libXau.so.6.0.0
7fbe2b4ca000-7fbe2b4cb000 rw-p 00003000 103:02 400927                    /usr/lib/x86_64-linux-gnu/libXau.so.6.0.0
7fbe2b4cb000-7fbe2b4d0000 r-xp 00000000 103:02 401009                    /usr/lib/x86_64-linux-gnu/libasyncns.so.0.3.1
7fbe2b4d0000-7fbe2b6cf000 ---p 00005000 103:02 401009                    /usr/lib/x86_64-linux-gnu/libasyncns.so.0.3.1
7fbe2b6cf000-7fbe2b6d0000 r--p 00004000 103:02 401009                    /usr/lib/x86_64-linux-gnu/libasyncns.so.0.3.1
7fbe2b6d0000-7fbe2b6d1000 rw-p 00005000 103:02 401009                    /usr/lib/x86_64-linux-gnu/libasyncns.so.0.3.1
7fbe2b6d1000-7fbe2b745000 r-xp 00000000 103:02 401888                    /usr/lib/x86_64-linux-gnu/libsndfile.so.1.0.28
7fbe2b745000-7fbe2b944000 ---p 00074000 103:02 401888                    /usr/lib/x86_64-linux-gnu/libsndfile.so.1.0.28
7fbe2b944000-7fbe2b947000 r--p 00073000 103:02 401888                    /usr/lib/x86_64-linux-gnu/libsndfile.so.1.0.28
7fbe2b947000-7fbe2b948000 rw-p 00076000 103:02 401888                    /usr/lib/x86_64-linux-gnu/libsndfile.so.1.0.28
7fbe2b948000-7fbe2b94a000 rw-p 00000000 00:00 0 
7fbe2b94a000-7fbe2b952000 r-xp 00000000 103:02 6689614                   /lib/x86_64-linux-gnu/libwrap.so.0.7.6
7fbe2b952000-7fbe2bb52000 ---p 00008000 103:02 6689614                   /lib/x86_64-linux-gnu/libwrap.so.0.7.6
7fbe2bb52000-7fbe2bb53000 r--p 00008000 103:02 6689614                   /lib/x86_64-linux-gnu/libwrap.so.0.7.6
7fbe2bb53000-7fbe2bb54000 rw-p 00009000 103:02 6689614                   /lib/x86_64-linux-gnu/libwrap.so.0.7.6
7fbe2bb54000-7fbe2bbd4000 r-xp 00000000 103:02 6685887                   /lib/x86_64-linux-gnu/libsystemd.so.0.21.0
7fbe2bbd4000-7fbe2bdd3000 ---p 00080000 103:02 6685887                   /lib/x86_64-linux-gnu/libsystemd.so.0.21.0
7fbe2bdd3000-7fbe2bdd6000 r--p 0007f000 103:02 6685887                   /lib/x86_64-linux-gnu/libsystemd.so.0.21.0
7fbe2bdd6000-7fbe2bdd7000 rw-p 00082000 103:02 6685887                   /lib/x86_64-linux-gnu/libsystemd.so.0.21.0
7fbe2bdd7000-7fbe2bdd8000 rw-p 00000000 00:00 0 
7fbe2bdd8000-7fbe2bdfe000 r-xp 00000000 103:02 402092                    /usr/lib/x86_64-linux-gnu/libxcb.so.1.1.0
7fbe2bdfe000-7fbe2bffe000 ---p 00026000 103:02 402092                    /usr/lib/x86_64-linux-gnu/libxcb.so.1.1.0
7fbe2bffe000-7fbe2bfff000 r--p 00026000 103:02 402092                    /usr/lib/x86_64-linux-gnu/libxcb.so.1.1.0
7fbe2bfff000-7fbe2c000000 rw-p 00027000 103:02 402092                    /usr/lib/x86_64-linux-gnu/libxcb.so.1.1.0
7fbe2c000000-7fbe2c021000 rw-p 00000000 00:00 0 
7fbe2c021000-7fbe30000000 ---p 00000000 00:00 0 
7fbe30000000-7fbe30021000 rw-p 00000000 00:00 0 
7fbe30021000-7fbe34000000 ---p 00000000 00:00 0 
7fbe34000000-7fbe34021000 rw-p 00000000 00:00 0 
7fbe34021000-7fbe38000000 ---p 00000000 00:00 0 
7fbe38000000-7fbe38221000 rw-p 00000000 00:00 0 
7fbe38221000-7fbe3c000000 ---p 00000000 00:00 0 
7fbe3c029000-7fbe3c03c000 rw-s 00000000 00:06 447                        /dev/nvidiactl
7fbe3c03c000-7fbe3c07c000 rw-s 00000000 00:06 447                        /dev/nvidiactl
7fbe3c07c000-7fbe3c0bc000 rw-s 00000000 00:06 447                        /dev/nvidiactl
7fbe3c0bc000-7fbe3c0fc000 rw-s 00000000 00:06 447                        /dev/nvidiactl
7fbe3c0fc000-7fbe3c147000 r-xp 00000000 103:02 6689459                   /lib/x86_64-linux-gnu/libdbus-1.so.3.19.4
7fbe3c147000-7fbe3c347000 ---p 0004b000 103:02 6689459                   /lib/x86_64-linux-gnu/libdbus-1.so.3.19.4
7fbe3c347000-7fbe3c348000 r--p 0004b000 103:02 6689459                   /lib/x86_64-linux-gnu/libdbus-1.so.3.19.4
7fbe3c348000-7fbe3c349000 rw-p 0004c000 103:02 6689459                   /lib/x86_64-linux-gnu/libdbus-1.so.3.19.4
7fbe3c349000-7fbe3c3c5000 r-xp 00000000 103:02 659497                    /usr/lib/x86_64-linux-gnu/pulseaudio/libpulsecommon-11.1.so
7fbe3c3c5000-7fbe3c5c4000 ---p 0007c000 103:02 659497                    /usr/lib/x86_64-linux-gnu/pulseaudio/libpulsecommon-11.1.so
7fbe3c5c4000-7fbe3c5c6000 r--p 0007b000 103:02 659497                    /usr/lib/x86_64-linux-gnu/pulseaudio/libpulsecommon-11.1.so
7fbe3c5c6000-7fbe3c5c7000 rw-p 0007d000 103:02 659497                    /usr/lib/x86_64-linux-gnu/pulseaudio/libpulsecommon-11.1.so
7fbe3c5c7000-7fbe3c615000 r-xp 00000000 103:02 401797                    /usr/lib/x86_64-linux-gnu/libpulse.so.0.20.2
7fbe3c615000-7fbe3c814000 ---p 0004e000 103:02 401797                    /usr/lib/x86_64-linux-gnu/libpulse.so.0.20.2
7fbe3c814000-7fbe3c816000 r--p 0004d000 103:02 401797                    /usr/lib/x86_64-linux-gnu/libpulse.so.0.20.2
7fbe3c816000-7fbe3c817000 rw-p 0004f000 103:02 401797                    /usr/lib/x86_64-linux-gnu/libpulse.so.0.20.2
7fbe3c817000-7fbe3c82e000 r-xp 00000000 103:02 6684678                   /lib/x86_64-linux-gnu/libgcc_s.so.1
7fbe3c82e000-7fbe3ca2d000 ---p 00017000 103:02 6684678                   /lib/x86_64-linux-gnu/libgcc_s.so.1
7fbe3ca2d000-7fbe3ca2e000 r--p 00016000 103:02 6684678                   /lib/x86_64-linux-gnu/libgcc_s.so.1
7fbe3ca2e000-7fbe3ca2f000 rw-p 00017000 103:02 6684678                   /lib/x86_64-linux-gnu/libgcc_s.so.1
7fbe3ca2f000-7fbe3cba8000 r-xp 00000000 103:02 396199                    /usr/lib/x86_64-linux-gnu/libstdc++.so.6.0.25
7fbe3cba8000-7fbe3cda8000 ---p 00179000 103:02 396199                    /usr/lib/x86_64-linux-gnu/libstdc++.so.6.0.25
7fbe3cda8000-7fbe3cdb2000 r--p 00179000 103:02 396199                    /usr/lib/x86_64-linux-gnu/libstdc++.so.6.0.25
7fbe3cdb2000-7fbe3cdb4000 rw-p 00183000 103:02 396199                    /usr/lib/x86_64-linux-gnu/libstdc++.so.6.0.25
7fbe3cdb4000-7fbe3cdb8000 rw-p 00000000 00:00 0 
7fbe3cdb8000-7fbe3cdfc000 r-xp 00000000 103:02 401566                    /usr/lib/x86_64-linux-gnu/libjack.so.0.1.0
7fbe3cdfc000-7fbe3cffc000 ---p 00044000 103:02 401566                    /usr/lib/x86_64-linux-gnu/libjack.so.0.1.0
7fbe3cffc000-7fbe3cffe000 r--p 00044000 103:02 401566                    /usr/lib/x86_64-linux-gnu/libjack.so.0.1.0
7fbe3cffe000-7fbe3cfff000 rw-p 00046000 103:02 401566                    /usr/lib/x86_64-linux-gnu/libjack.so.0.1.0
7fbe3cfff000-7fbe40000000 rw-p 00000000 00:00 0 
7fbe40000000-7fbe4020e000 rw-p 00000000 00:00 0 
7fbe4020e000-7fbe44000000 ---p 00000000 00:00 0 
7fbe44000000-7fbe4412f000 rw-p 00000000 00:00 0 
7fbe4412f000-7fbe48000000 ---p 00000000 00:00 0 
7fbe48000000-7fbe48021000 rw-p 00000000 00:00 0 
7fbe48021000-7fbe4c000000 ---p 00000000 00:00 0 
7fbe4c000000-7fbe4c021000 rw-p 00000000 00:00 0 
7fbe4c021000-7fbe50000000 ---p 00000000 00:00 0 
7fbe50000000-7fbe50021000 rw-p 00000000 00:00 0 
7fbe50021000-7fbe54000000 ---p 00000000 00:00 0 
7fbe54000000-7fbe54021000 rw-p 00000000 00:00 0 
7fbe54021000-7fbe58000000 ---p 00000000 00:00 0 
7fbe58000000-7fbe58021000 rw-p 00000000 00:00 0 
7fbe58021000-7fbe5c000000 ---p 00000000 00:00 0 
7fbe5c001000-7fbe5c002000 r-xp 00000000 00:00 0 
7fbe5c002000-7fbe5c0f7000 r-xp 00000000 103:02 11407755                  /tmp/lwjglmatthew/3.2.1-build-12/libopenal.so
7fbe5c0f7000-7fbe5c2f6000 ---p 000f5000 103:02 11407755                  /tmp/lwjglmatthew/3.2.1-build-12/libopenal.so
7fbe5c2f6000-7fbe5c2fa000 r--p 000f4000 103:02 11407755                  /tmp/lwjglmatthew/3.2.1-build-12/libopenal.so
7fbe5c2fa000-7fbe5c2fb000 rw-p 000f8000 103:02 11407755                  /tmp/lwjglmatthew/3.2.1-build-12/libopenal.so
7fbe5c2fb000-7fbe64000000 rw-p 00000000 00:00 0 
7fbe64000000-7fbe64021000 rw-p 00000000 00:00 0 
7fbe64021000-7fbe68000000 ---p 00000000 00:00 0 
7fbe68000000-7fbe68003000 r-xp 00000000 00:00 0 
7fbe68003000-7fbe68005000 rw-s 00000000 103:02 11407750                  /tmp/.glitOzQ4 (deleted)
7fbe68005000-7fbe68015000 rw-s 00000000 00:06 448                        /dev/nvidia0
7fbe68015000-7fbe68035000 rw-s 00000000 00:06 447                        /dev/nvidiactl
7fbe68035000-7fbe6813a000 rw-s 00000000 00:06 447                        /dev/nvidiactl
7fbe6813a000-7fbe6813b000 ---p 00000000 00:00 0 
7fbe6813b000-7fbe681bb000 rw-p 00000000 00:00 0 
7fbe681bb000-7fbe68218000 r-xp 00000000 103:02 11407754                  /tmp/lwjglmatthew/3.2.1-build-12/liblwjgl.so
7fbe68218000-7fbe68417000 ---p 0005d000 103:02 11407754                  /tmp/lwjglmatthew/3.2.1-build-12/liblwjgl.so
7fbe68417000-7fbe68418000 r--p 0005c000 103:02 11407754                  /tmp/lwjglmatthew/3.2.1-build-12/liblwjgl.so
7fbe68418000-7fbe68419000 rw-p 0005d000 103:02 11407754                  /tmp/lwjglmatthew/3.2.1-build-12/liblwjgl.so
7fbe68419000-7fbe6842a000 r-xp 00000000 103:02 404316                    /usr/lib/jvm/java-8-oracle/jre/lib/amd64/libnio.so
7fbe6842a000-7fbe68629000 ---p 00011000 103:02 404316                    /usr/lib/jvm/java-8-oracle/jre/lib/amd64/libnio.so
7fbe68629000-7fbe6862a000 r--p 00010000 103:02 404316                    /usr/lib/jvm/java-8-oracle/jre/lib/amd64/libnio.so
7fbe6862a000-7fbe6862b000 rw-p 00011000 103:02 404316                    /usr/lib/jvm/java-8-oracle/jre/lib/amd64/libnio.so
7fbe6862b000-7fbe6862c000 ---p 00000000 00:00 0 
7fbe6862c000-7fbe6872c000 rw-p 00000000 00:00 0 
7fbe6872c000-7fbe6872f000 ---p 00000000 00:00 0 
7fbe6872f000-7fbe6882d000 rw-p 00000000 00:00 0 
7fbe6882d000-7fbe68843000 r-xp 00000000 103:02 404313                    /usr/lib/jvm/java-8-oracle/jre/lib/amd64/libnet.so
7fbe68843000-7fbe68a43000 ---p 00016000 103:02 404313                    /usr/lib/jvm/java-8-oracle/jre/lib/amd64/libnet.so
7fbe68a43000-7fbe68a44000 r--p 00016000 103:02 404313                    /usr/lib/jvm/java-8-oracle/jre/lib/amd64/libnet.so
7fbe68a44000-7fbe68a45000 rw-p 00017000 103:02 404313                    /usr/lib/jvm/java-8-oracle/jre/lib/amd64/libnet.so
7fbe68a45000-7fbe68a46000 ---p 00000000 00:00 0 
7fbe68a46000-7fbe68a49000 ---p 00000000 00:00 0 
7fbe68a49000-7fbe68b46000 rw-p 00000000 00:00 0 
7fbe68b46000-7fbe68b47000 ---p 00000000 00:00 0 
7fbe68b47000-7fbe68b4a000 ---p 00000000 00:00 0 
7fbe68b4a000-7fbe68c47000 rw-p 00000000 00:00 0 
7fbe68c47000-7fbe68c48000 ---p 00000000 00:00 0 
7fbe68c48000-7fbe68c4b000 ---p 00000000 00:00 0 
7fbe68c4b000-7fbe68d48000 rw-p 00000000 00:00 0 
7fbe68d48000-7fbe68d4b000 ---p 00000000 00:00 0 
7fbe68d4b000-7fbe68e49000 rw-p 00000000 00:00 0 
7fbe68e49000-7fbe68e4c000 ---p 00000000 00:00 0 
7fbe68e4c000-7fbe68f4a000 rw-p 00000000 00:00 0 
7fbe68f4a000-7fbe69919000 r--p 00000000 103:02 399885                    /usr/lib/locale/locale-archive
7fbe69919000-7fbe6991c000 ---p 00000000 00:00 0 
7fbe6991c000-7fbe69a1a000 rw-p 00000000 00:00 0 
7fbe69a1a000-7fbe69a1d000 ---p 00000000 00:00 0 
7fbe69a1d000-7fbe69b1b000 rw-p 00000000 00:00 0 
7fbe69b1b000-7fbe69b1c000 ---p 00000000 00:00 0 
7fbe69b1c000-7fbe6c000000 rw-p 00000000 00:00 0 
7fbe6c000000-7fbe6c021000 rw-p 00000000 00:00 0 
7fbe6c021000-7fbe70000000 ---p 00000000 00:00 0 
7fbe70000000-7fbe70021000 rw-p 00000000 00:00 0 
7fbe70021000-7fbe74000000 ---p 00000000 00:00 0 
7fbe74000000-7fbe74021000 rw-p 00000000 00:00 0 
7fbe74021000-7fbe78000000 ---p 00000000 00:00 0 
7fbe78000000-7fbe78021000 rw-p 00000000 00:00 0 
7fbe78021000-7fbe7c000000 ---p 00000000 00:00 0 
7fbe7c000000-7fbe7c021000 rw-p 00000000 00:00 0 
7fbe7c021000-7fbe80000000 ---p 00000000 00:00 0 
7fbe80000000-7fbe80001000 rw-s 00000000 00:06 447                        /dev/nvidiactl
7fbe80001000-7fbe80005000 rw-s 00000000 00:06 447                        /dev/nvidiactl
7fbe80005000-7fbe80006000 rw-s 00000000 00:06 448                        /dev/nvidia0
7fbe80006000-7fbe80007000 rw-s 00000000 00:06 448                        /dev/nvidia0
7fbe80007000-7fbe80027000 rw-s 00000000 00:06 447                        /dev/nvidiactl
7fbe80027000-7fbe80028000 rw-s 00000000 00:06 448                        /dev/nvidia0
7fbe80043000-7fbe80048000 r--s 002f9000 103:02 404094                    /usr/lib/jvm/java-8-oracle/jre/lib/charsets.jar
7fbe80048000-7fbe80049000 rw-s 00000000 00:06 447                        /dev/nvidiactl
7fbe80049000-7fbe8004a000 rw-s 00000000 00:06 447                        /dev/nvidiactl
7fbe8004a000-7fbe8004b000 r--p 00000000 103:02 1447614                   /usr/share/locale-langpack/en_CA/LC_MESSAGES/pulseaudio.mo
7fbe8004b000-7fbe80052000 r--s 00000000 103:02 658125                    /usr/lib/x86_64-linux-gnu/gconv/gconv-modules.cache
7fbe80052000-7fbe80054000 r--s 0001a000 103:02 13118938                  /home/matthew/Desktop/Intellij/lib/idea_rt.jar
7fbe80054000-7fbe80055000 r--s 0006e000 103:02 13119998                  /home/matthew/Desktop/KJR/lib/lwjgl/lwjgl-stb-natives-windows.jar
7fbe80055000-7fbe80056000 r--s 0002e000 103:02 13119997                  /home/matthew/Desktop/KJR/lib/lwjgl/lwjgl-stb-natives-macos.jar
7fbe80056000-7fbe80057000 r--s 00030000 103:02 13119996                  /home/matthew/Desktop/KJR/lib/lwjgl/lwjgl-stb-natives-linux.jar
7fbe80057000-7fbe80059000 r--s 00018000 103:02 13119999                  /home/matthew/Desktop/KJR/lib/lwjgl/lwjgl-stb.jar
7fbe80059000-7fbe8005a000 r--s 00029000 103:02 13119994                  /home/matthew/Desktop/KJR/lib/lwjgl/lwjgl-opengl-natives-windows.jar
7fbe8005a000-7fbe80065000 r--s 000d9000 103:02 13119995                  /home/matthew/Desktop/KJR/lib/lwjgl/lwjgl-opengl.jar
7fbe80065000-7fbe80078000 r--s 00345000 103:02 404134                    /usr/lib/jvm/java-8-oracle/jre/lib/resources.jar
7fbe80078000-7fbe8008b000 r--s 000d6000 103:02 404038                    /usr/lib/jvm/java-8-oracle/jre/lib/plugin.jar
7fbe8008b000-7fbe801db000 rw-p 00000000 00:00 0 
7fbe801db000-7fbe803b5000 r--s 03d6f000 103:02 404096                    /usr/lib/jvm/java-8-oracle/jre/lib/rt.jar
7fbe803b5000-7fbe8042b000 rw-p 00000000 00:00 0 
7fbe8042b000-7fbe8042c000 ---p 00000000 00:00 0 
7fbe8042c000-7fbe8052c000 rw-p 00000000 00:00 0 
7fbe8052c000-7fbe8052d000 ---p 00000000 00:00 0 
7fbe8052d000-7fbe8062d000 rw-p 00000000 00:00 0 
7fbe8062d000-7fbe8062e000 ---p 00000000 00:00 0 
7fbe8062e000-7fbe8072e000 rw-p 00000000 00:00 0 
7fbe8072e000-7fbe8072f000 ---p 00000000 00:00 0 
7fbe8072f000-7fbe80883000 rw-p 00000000 00:00 0 
7fbe80883000-7fbe80d64000 ---p 00000000 00:00 0 
7fbe80d64000-7fbe80d8e000 rw-p 00000000 00:00 0 
7fbe80d8e000-7fbe80fff000 ---p 00000000 00:00 0 
7fbe80fff000-7fbe81000000 rw-p 00000000 00:00 0 
7fbe81000000-7fbe81310000 rwxp 00000000 00:00 0 
7fbe81310000-7fbe90000000 ---p 00000000 00:00 0 
7fbe90000000-7fbe90fd5000 rw-p 00000000 00:00 0 
7fbe90fd5000-7fbe94000000 ---p 00000000 00:00 0 
7fbe94000000-7fbe94001000 r--s 00009000 103:02 13119993                  /home/matthew/Desktop/KJR/lib/lwjgl/lwjgl-opengl-natives-macos.jar
7fbe94001000-7fbe94002000 r--s 00012000 103:02 13119992                  /home/matthew/Desktop/KJR/lib/lwjgl/lwjgl-opengl-natives-linux.jar
7fbe94002000-7fbe94003000 r--s 0013f000 103:02 13119990                  /home/matthew/Desktop/KJR/lib/lwjgl/lwjgl-openal-natives-windows.jar
7fbe94003000-7fbe94004000 r--s 00080000 103:02 13119989                  /home/matthew/Desktop/KJR/lib/lwjgl/lwjgl-openal-natives-macos.jar
7fbe94004000-7fbe94005000 r--s 00090000 103:02 13119988                  /home/matthew/Desktop/KJR/lib/lwjgl/lwjgl-openal-natives-linux.jar
7fbe94005000-7fbe94007000 r--s 00012000 103:02 13119991                  /home/matthew/Desktop/KJR/lib/lwjgl/lwjgl-openal.jar
7fbe94007000-7fbe94008000 r--s 0003e000 103:02 13119987                  /home/matthew/Desktop/KJR/lib/lwjgl/lwjgl-natives-windows.jar
7fbe94008000-7fbe94009000 r--s 00009000 103:02 13119986                  /home/matthew/Desktop/KJR/lib/lwjgl/lwjgl-natives-macos.jar
7fbe94009000-7fbe9400a000 r--s 00015000 103:02 13119985                  /home/matthew/Desktop/KJR/lib/lwjgl/lwjgl-natives-linux.jar
7fbe9400a000-7fbe9400b000 r--s 00040000 103:02 13119982                  /home/matthew/Desktop/KJR/lib/lwjgl/lwjgl-glfw-natives-windows.jar
7fbe9400b000-7fbe9400f000 r--s 00019000 103:02 13119984                  /home/matthew/Desktop/KJR/lib/lwjgl/lwjgl-glfw.jar
7fbe9400f000-7fbe94010000 ---p 00000000 00:00 0 
7fbe94010000-7fbe94110000 rw-p 00000000 00:00 0 
7fbe94110000-7fbe94111000 ---p 00000000 00:00 0 
7fbe94111000-7fbe94265000 rw-p 00000000 00:00 0 
7fbe94265000-7fbe94747000 ---p 00000000 00:00 0 
7fbe94747000-7fbe94754000 rw-p 00000000 00:00 0 
7fbe94754000-7fbe94b07000 ---p 00000000 00:00 0 
7fbe94b07000-7fbe94b22000 r-xp 00000000 103:02 404309                    /usr/lib/jvm/java-8-oracle/jre/lib/amd64/libzip.so
7fbe94b22000-7fbe94d21000 ---p 0001b000 103:02 404309                    /usr/lib/jvm/java-8-oracle/jre/lib/amd64/libzip.so
7fbe94d21000-7fbe94d22000 r--p 0001a000 103:02 404309                    /usr/lib/jvm/java-8-oracle/jre/lib/amd64/libzip.so
7fbe94d22000-7fbe94d23000 rw-p 0001b000 103:02 404309                    /usr/lib/jvm/java-8-oracle/jre/lib/amd64/libzip.so
7fbe94d23000-7fbe94d2e000 r-xp 00000000 103:02 6689534                   /lib/x86_64-linux-gnu/libnss_files-2.27.so
7fbe94d2e000-7fbe94f2d000 ---p 0000b000 103:02 6689534                   /lib/x86_64-linux-gnu/libnss_files-2.27.so
7fbe94f2d000-7fbe94f2e000 r--p 0000a000 103:02 6689534                   /lib/x86_64-linux-gnu/libnss_files-2.27.so
7fbe94f2e000-7fbe94f2f000 rw-p 0000b000 103:02 6689534                   /lib/x86_64-linux-gnu/libnss_files-2.27.so
7fbe94f2f000-7fbe94f35000 rw-p 00000000 00:00 0 
7fbe94f35000-7fbe94f4c000 r-xp 00000000 103:02 6689528                   /lib/x86_64-linux-gnu/libnsl-2.27.so
7fbe94f4c000-7fbe9514b000 ---p 00017000 103:02 6689528                   /lib/x86_64-linux-gnu/libnsl-2.27.so
7fbe9514b000-7fbe9514c000 r--p 00016000 103:02 6689528                   /lib/x86_64-linux-gnu/libnsl-2.27.so
7fbe9514c000-7fbe9514d000 rw-p 00017000 103:02 6689528                   /lib/x86_64-linux-gnu/libnsl-2.27.so
7fbe9514d000-7fbe9514f000 rw-p 00000000 00:00 0 
7fbe9514f000-7fbe9515a000 r-xp 00000000 103:02 6689545                   /lib/x86_64-linux-gnu/libnss_nis-2.27.so
7fbe9515a000-7fbe95359000 ---p 0000b000 103:02 6689545                   /lib/x86_64-linux-gnu/libnss_nis-2.27.so
7fbe95359000-7fbe9535a000 r--p 0000a000 103:02 6689545                   /lib/x86_64-linux-gnu/libnss_nis-2.27.so
7fbe9535a000-7fbe9535b000 rw-p 0000b000 103:02 6689545                   /lib/x86_64-linux-gnu/libnss_nis-2.27.so
7fbe9535b000-7fbe95363000 r-xp 00000000 103:02 6689530                   /lib/x86_64-linux-gnu/libnss_compat-2.27.so
7fbe95363000-7fbe95563000 ---p 00008000 103:02 6689530                   /lib/x86_64-linux-gnu/libnss_compat-2.27.so
7fbe95563000-7fbe95564000 r--p 00008000 103:02 6689530                   /lib/x86_64-linux-gnu/libnss_compat-2.27.so
7fbe95564000-7fbe95565000 rw-p 00009000 103:02 6689530                   /lib/x86_64-linux-gnu/libnss_compat-2.27.so
7fbe95565000-7fbe9556f000 r-xp 00000000 103:02 404318                    /usr/lib/jvm/java-8-oracle/jre/lib/amd64/libinstrument.so
7fbe9556f000-7fbe9576e000 ---p 0000a000 103:02 404318                    /usr/lib/jvm/java-8-oracle/jre/lib/amd64/libinstrument.so
7fbe9576e000-7fbe9576f000 r--p 00009000 103:02 404318                    /usr/lib/jvm/java-8-oracle/jre/lib/amd64/libinstrument.so
7fbe9576f000-7fbe95770000 rw-p 0000a000 103:02 404318                    /usr/lib/jvm/java-8-oracle/jre/lib/amd64/libinstrument.so
7fbe95770000-7fbe9579c000 r-xp 00000000 103:02 404303                    /usr/lib/jvm/java-8-oracle/jre/lib/amd64/libjava.so
7fbe9579c000-7fbe9599c000 ---p 0002c000 103:02 404303                    /usr/lib/jvm/java-8-oracle/jre/lib/amd64/libjava.so
7fbe9599c000-7fbe9599d000 r--p 0002c000 103:02 404303                    /usr/lib/jvm/java-8-oracle/jre/lib/amd64/libjava.so
7fbe9599d000-7fbe9599f000 rw-p 0002d000 103:02 404303                    /usr/lib/jvm/java-8-oracle/jre/lib/amd64/libjava.so
7fbe9599f000-7fbe959ac000 r-xp 00000000 103:02 404308                    /usr/lib/jvm/java-8-oracle/jre/lib/amd64/libverify.so
7fbe959ac000-7fbe95bab000 ---p 0000d000 103:02 404308                    /usr/lib/jvm/java-8-oracle/jre/lib/amd64/libverify.so
7fbe95bab000-7fbe95bad000 r--p 0000c000 103:02 404308                    /usr/lib/jvm/java-8-oracle/jre/lib/amd64/libverify.so
7fbe95bad000-7fbe95bae000 rw-p 0000e000 103:02 404308                    /usr/lib/jvm/java-8-oracle/jre/lib/amd64/libverify.so
7fbe95bae000-7fbe95bb5000 r-xp 00000000 103:02 6689585                   /lib/x86_64-linux-gnu/librt-2.27.so
7fbe95bb5000-7fbe95db4000 ---p 00007000 103:02 6689585                   /lib/x86_64-linux-gnu/librt-2.27.so
7fbe95db4000-7fbe95db5000 r--p 00006000 103:02 6689585                   /lib/x86_64-linux-gnu/librt-2.27.so
7fbe95db5000-7fbe95db6000 rw-p 00007000 103:02 6689585                   /lib/x86_64-linux-gnu/librt-2.27.so
7fbe95db6000-7fbe95f53000 r-xp 00000000 103:02 6689507                   /lib/x86_64-linux-gnu/libm-2.27.so
7fbe95f53000-7fbe96152000 ---p 0019d000 103:02 6689507                   /lib/x86_64-linux-gnu/libm-2.27.so
7fbe96152000-7fbe96153000 r--p 0019c000 103:02 6689507                   /lib/x86_64-linux-gnu/libm-2.27.so
7fbe96153000-7fbe96154000 rw-p 0019d000 103:02 6689507                   /lib/x86_64-linux-gnu/libm-2.27.so
7fbe96154000-7fbe96e3c000 r-xp 00000000 103:02 404285                    /usr/lib/jvm/java-8-oracle/jre/lib/amd64/server/libjvm.so
7fbe96e3c000-7fbe9703b000 ---p 00ce8000 103:02 404285                    /usr/lib/jvm/java-8-oracle/jre/lib/amd64/server/libjvm.so
7fbe9703b000-7fbe970d1000 r--p 00ce7000 103:02 404285                    /usr/lib/jvm/java-8-oracle/jre/lib/amd64/server/libjvm.so
7fbe970d1000-7fbe97102000 rw-p 00d7d000 103:02 404285                    /usr/lib/jvm/java-8-oracle/jre/lib/amd64/server/libjvm.so
7fbe97102000-7fbe9713d000 rw-p 00000000 00:00 0 
7fbe9713d000-7fbe97324000 r-xp 00000000 103:02 6689444                   /lib/x86_64-linux-gnu/libc-2.27.so
7fbe97324000-7fbe97524000 ---p 001e7000 103:02 6689444                   /lib/x86_64-linux-gnu/libc-2.27.so
7fbe97524000-7fbe97528000 r--p 001e7000 103:02 6689444                   /lib/x86_64-linux-gnu/libc-2.27.so
7fbe97528000-7fbe9752a000 rw-p 001eb000 103:02 6689444                   /lib/x86_64-linux-gnu/libc-2.27.so
7fbe9752a000-7fbe9752e000 rw-p 00000000 00:00 0 
7fbe9752e000-7fbe97531000 r-xp 00000000 103:02 6689467                   /lib/x86_64-linux-gnu/libdl-2.27.so
7fbe97531000-7fbe97730000 ---p 00003000 103:02 6689467                   /lib/x86_64-linux-gnu/libdl-2.27.so
7fbe97730000-7fbe97731000 r--p 00002000 103:02 6689467                   /lib/x86_64-linux-gnu/libdl-2.27.so
7fbe97731000-7fbe97732000 rw-p 00003000 103:02 6689467                   /lib/x86_64-linux-gnu/libdl-2.27.so
7fbe97732000-7fbe97749000 r-xp 00000000 103:02 403958                    /usr/lib/jvm/java-8-oracle/lib/amd64/jli/libjli.so
7fbe97749000-7fbe97948000 ---p 00017000 103:02 403958                    /usr/lib/jvm/java-8-oracle/lib/amd64/jli/libjli.so
7fbe97948000-7fbe97949000 r--p 00016000 103:02 403958                    /usr/lib/jvm/java-8-oracle/lib/amd64/jli/libjli.so
7fbe97949000-7fbe9794a000 rw-p 00017000 103:02 403958                    /usr/lib/jvm/java-8-oracle/lib/amd64/jli/libjli.so
7fbe9794a000-7fbe97964000 r-xp 00000000 103:02 6689577                   /lib/x86_64-linux-gnu/libpthread-2.27.so
7fbe97964000-7fbe97b63000 ---p 0001a000 103:02 6689577                   /lib/x86_64-linux-gnu/libpthread-2.27.so
7fbe97b63000-7fbe97b64000 r--p 00019000 103:02 6689577                   /lib/x86_64-linux-gnu/libpthread-2.27.so
7fbe97b64000-7fbe97b65000 rw-p 0001a000 103:02 6689577                   /lib/x86_64-linux-gnu/libpthread-2.27.so
7fbe97b65000-7fbe97b69000 rw-p 00000000 00:00 0 
7fbe97b69000-7fbe97b90000 r-xp 00000000 103:02 6689416                   /lib/x86_64-linux-gnu/ld-2.27.so
7fbe97b90000-7fbe97b91000 r--s 0000f000 103:02 13119981                  /home/matthew/Desktop/KJR/lib/lwjgl/lwjgl-glfw-natives-macos.jar
7fbe97b91000-7fbe97b92000 r--s 00026000 103:02 13119980                  /home/matthew/Desktop/KJR/lib/lwjgl/lwjgl-glfw-natives-linux.jar
7fbe97b92000-7fbe97b93000 r--s 00484000 103:02 13119978                  /home/matthew/Desktop/KJR/lib/lwjgl/lwjgl-assimp-natives-windows.jar
7fbe97b93000-7fbe97b94000 r--s 002eb000 103:02 13119977                  /home/matthew/Desktop/KJR/lib/lwjgl/lwjgl-assimp-natives-macos.jar
7fbe97b94000-7fbe97b96000 r--s 003f1000 103:02 13119975                  /home/matthew/Desktop/KJR/lib/lwjgl/lwjgl-assimp-natives-linux.jar
7fbe97b96000-7fbe97b99000 r--s 00030000 103:02 13119979                  /home/matthew/Desktop/KJR/lib/lwjgl/lwjgl-assimp.jar
7fbe97b99000-7fbe97b9e000 r--s 00049000 103:02 13120000                  /home/matthew/Desktop/KJR/lib/lwjgl/lwjgl.jar
7fbe97b9e000-7fbe97b9f000 r--s 00000000 103:02 404020                    /usr/lib/jvm/java-8-oracle/jre/lib/management-agent.jar
7fbe97b9f000-7fbe97ba3000 r--s 000a1000 103:02 404153                    /usr/lib/jvm/java-8-oracle/jre/lib/jsse.jar
7fbe97ba3000-7fbe97ba8000 r--s 00084000 103:02 404013                    /usr/lib/jvm/java-8-oracle/jre/lib/jfr.jar
7fbe97ba8000-7fbe97bc3000 r--s 0020c000 103:02 404014                    /usr/lib/jvm/java-8-oracle/jre/lib/deploy.jar
7fbe97bc3000-7fbe97c6d000 rw-p 00000000 00:00 0 
7fbe97c6d000-7fbe97c6e000 ---p 00000000 00:00 0 
7fbe97c6e000-7fbe97c71000 ---p 00000000 00:00 0 
7fbe97c71000-7fbe97d72000 rw-p 00000000 00:00 0 
7fbe97d72000-7fbe97d74000 r--s 00007000 103:02 404331                    /usr/lib/jvm/java-8-oracle/jre/lib/jfxswt.jar
7fbe97d74000-7fbe97d77000 r--s 0001a000 103:02 404329                    /usr/lib/jvm/java-8-oracle/jre/lib/jce.jar
7fbe97d77000-7fbe97d81000 r--s 0006e000 103:02 404023                    /usr/lib/jvm/java-8-oracle/jre/lib/javaws.jar
7fbe97d81000-7fbe97d86000 r--s 002f9000 103:02 404094                    /usr/lib/jvm/java-8-oracle/jre/lib/charsets.jar
7fbe97d86000-7fbe97d8e000 rw-s 00000000 103:02 11407700                  /tmp/hsperfdata_matthew/19826
7fbe97d8e000-7fbe97d8f000 rw-p 00000000 00:00 0 
7fbe97d8f000-7fbe97d90000 r--p 00000000 00:00 0 
7fbe97d90000-7fbe97d91000 r--p 00027000 103:02 6689416                   /lib/x86_64-linux-gnu/ld-2.27.so
7fbe97d91000-7fbe97d92000 rw-p 00028000 103:02 6689416                   /lib/x86_64-linux-gnu/ld-2.27.so
7fbe97d92000-7fbe97d93000 rw-p 00000000 00:00 0 
7ffe88170000-7ffe88192000 rw-p 00000000 00:00 0                          [stack]
7ffe881a0000-7ffe881a3000 r--p 00000000 00:00 0                          [vvar]
7ffe881a3000-7ffe881a5000 r-xp 00000000 00:00 0                          [vdso]
ffffffffff600000-ffffffffff601000 r-xp 00000000 00:00 0                  [vsyscall]

VM Arguments:
jvm_args: -Dvisualvm.id=8001696767527 -javaagent:/home/matthew/Desktop/Intellij/lib/idea_rt.jar=34405:/home/matthew/Desktop/Intellij/bin -Dfile.encoding=UTF-8 
java_command: Main
java_class_path (initial): /usr/lib/jvm/java-8-oracle/jre/lib/charsets.jar:/usr/lib/jvm/java-8-oracle/jre/lib/deploy.jar:/usr/lib/jvm/java-8-oracle/jre/lib/ext/cldrdata.jar:/usr/lib/jvm/java-8-oracle/jre/lib/ext/dnsns.jar:/usr/lib/jvm/java-8-oracle/jre/lib/ext/jaccess.jar:/usr/lib/jvm/java-8-oracle/jre/lib/ext/jfxrt.jar:/usr/lib/jvm/java-8-oracle/jre/lib/ext/localedata.jar:/usr/lib/jvm/java-8-oracle/jre/lib/ext/nashorn.jar:/usr/lib/jvm/java-8-oracle/jre/lib/ext/sunec.jar:/usr/lib/jvm/java-8-oracle/jre/lib/ext/sunjce_provider.jar:/usr/lib/jvm/java-8-oracle/jre/lib/ext/sunpkcs11.jar:/usr/lib/jvm/java-8-oracle/jre/lib/ext/zipfs.jar:/usr/lib/jvm/java-8-oracle/jre/lib/javaws.jar:/usr/lib/jvm/java-8-oracle/jre/lib/jce.jar:/usr/lib/jvm/java-8-oracle/jre/lib/jfr.jar:/usr/lib/jvm/java-8-oracle/jre/lib/jfxswt.jar:/usr/lib/jvm/java-8-oracle/jre/lib/jsse.jar:/usr/lib/jvm/java-8-oracle/jre/lib/management-agent.jar:/usr/lib/jvm/java-8-oracle/jre/lib/plugin.jar:/usr/lib/jvm/java-8-oracle/jre/lib/resources.jar:/usr/lib/jvm/java-8-oracle/jre/lib/rt.jar:/home/matthew/Desktop/KJR/out/production/KJR:/home/matthew/Desktop/KJR/lib/lwjgl/lwjgl.jar:/home/matthew/Desktop/KJR/lib/lwjgl/lwjgl-assimp.jar:/home/matthew/Desktop/KJR/lib/lwjgl/lwjgl-assimp-natives-linux.jar:/home/matthew/Desktop/KJR/lib/lwjgl/lwjgl-assimp-natives-macos.jar:/home/matthew/Desktop/KJR/lib/lwjgl/lwjgl-assimp-natives-windows.jar:/home/matthew/Desktop/KJR/lib/lwjgl/lwjgl-glfw.jar:/home/matthew/Desktop/KJR/lib/lwjgl/lwjgl-glfw-natives-linux.jar:/home/matthew/Desktop/KJR/lib/lwjgl/lwjgl-glfw-natives-macos.jar:/home/matthew/Desktop/KJR/lib/lwjgl/lwjgl-glfw-natives-windows.jar:/home/matthew/Desktop/KJR/lib/lwjgl/lwjgl-natives-linux.jar:/home/matthew/Desktop/KJR/lib/lwjgl/lwjgl-natives-macos.jar:/home/matthew/Desktop/KJR/lib/lwjgl/lwjgl-natives-windows.jar:/home/matthew/Desktop/KJR/lib/lwjgl/lwjgl-openal.jar:/home/matthew/Desktop/KJR/lib/lwjgl/lwjgl-openal-natives-linux.jar:/home/matthew/Desktop/KJR/lib/lwjgl/lwjgl-openal-
Launcher Type: SUN_STANDARD

Environment Variables:
JAVA_HOME=/usr/lib/jvm/java-8-oracle
PATH=/usr/local/sbin:/usr/local/bin:/usr/sbin:/usr/bin:/sbin:/bin:/usr/games:/usr/local/games:/snap/bin:/usr/lib/jvm/java-8-oracle/bin:/usr/lib/jvm/java-8-oracle/db/bin:/usr/lib/jvm/java-8-oracle/jre/bin
USERNAME=matthew
SHELL=/bin/bash
DISPLAY=:1

Signal Handlers:
SIGSEGV: [libjvm.so+0xad3e60], sa_mask[0]=11111111011111111101111111111110, sa_flags=SA_RESTART|SA_SIGINFO
SIGBUS: [libjvm.so+0xad3e60], sa_mask[0]=11111111011111111101111111111110, sa_flags=SA_RESTART|SA_SIGINFO
SIGFPE: [libjvm.so+0x90b880], sa_mask[0]=11111111011111111101111111111110, sa_flags=SA_RESTART|SA_SIGINFO
SIGPIPE: [libjvm.so+0x90b880], sa_mask[0]=11111111011111111101111111111110, sa_flags=SA_RESTART|SA_SIGINFO
SIGXFSZ: [libjvm.so+0x90b880], sa_mask[0]=11111111011111111101111111111110, sa_flags=SA_RESTART|SA_SIGINFO
SIGILL: [libjvm.so+0x90b880], sa_mask[0]=11111111011111111101111111111110, sa_flags=SA_RESTART|SA_SIGINFO
SIGUSR1: SIG_DFL, sa_mask[0]=00000000000000000000000000000000, sa_flags=none
SIGUSR2: [libjvm.so+0x90b750], sa_mask[0]=00100000000000000000000000000000, sa_flags=SA_RESTART|SA_SIGINFO
SIGHUP: [libjvm.so+0x90bd70], sa_mask[0]=11111111011111111101111111111110, sa_flags=SA_RESTART|SA_SIGINFO
SIGINT: [libjvm.so+0x90bd70], sa_mask[0]=11111111011111111101111111111110, sa_flags=SA_RESTART|SA_SIGINFO
SIGTERM: [libjvm.so+0x90bd70], sa_mask[0]=11111111011111111101111111111110, sa_flags=SA_RESTART|SA_SIGINFO
SIGQUIT: [libjvm.so+0x90bd70], sa_mask[0]=11111111011111111101111111111110, sa_flags=SA_RESTART|SA_SIGINFO


---------------  S Y S T E M  ---------------

OS:DISTRIB_ID=Ubuntu
DISTRIB_RELEASE=18.04
DISTRIB_CODENAME=bionic
DISTRIB_DESCRIPTION="Ubuntu 18.04.2 LTS"

uname:Linux 4.15.0-45-generic #48-Ubuntu SMP Tue Jan 29 16:28:13 UTC 2019 x86_64
libc:glibc 2.27 NPTL 2.27 
rlimit: STACK 8192k, CORE 0k, NPROC 63568, NOFILE 1048576, AS infinity
load average:0.64 0.89 1.14

/proc/meminfo:
MemTotal:       16383468 kB
MemFree:         6851800 kB
MemAvailable:    9963140 kB
Buffers:          128876 kB
Cached:          3301320 kB
SwapCached:            0 kB
Active:          6680664 kB
Inactive:        2299552 kB
Active(anon):    5425636 kB
Inactive(anon):   259772 kB
Active(file):    1255028 kB
Inactive(file):  2039780 kB
Unevictable:          16 kB
Mlocked:              16 kB
SwapTotal:       2097148 kB
SwapFree:        2097148 kB
Dirty:               536 kB
Writeback:             0 kB
AnonPages:       5550172 kB
Mapped:           973824 kB
Shmem:            277444 kB
Slab:             231720 kB
SReclaimable:     146524 kB
SUnreclaim:        85196 kB
KernelStack:       19088 kB
PageTables:        71660 kB
NFS_Unstable:          0 kB
Bounce:                0 kB
WritebackTmp:          0 kB
CommitLimit:    10288880 kB
Committed_AS:   13772532 kB
VmallocTotal:   34359738367 kB
VmallocUsed:           0 kB
VmallocChunk:          0 kB
HardwareCorrupted:     0 kB
AnonHugePages:         0 kB
ShmemHugePages:        0 kB
ShmemPmdMapped:        0 kB
CmaTotal:              0 kB
CmaFree:               0 kB
HugePages_Total:       0
HugePages_Free:        0
HugePages_Rsvd:        0
HugePages_Surp:        0
Hugepagesize:       2048 kB
DirectMap4k:      425004 kB
DirectMap2M:    10020864 kB
DirectMap1G:     6291456 kB

container (cgroup) information:
container_type: cgroupv1
cpu_cpuset_cpus: 0-5
cpu_memory_nodes: 0
active_processor_count: 6
cpu_quota: -1
cpu_period: 100000
cpu_shares: -1
memory_limit_in_bytes: -1
memory_and_swap_limit_in_bytes: -2
memory_soft_limit_in_bytes: -1
memory_usage_in_bytes: 9196371968
memory_max_usage_in_bytes: 0


CPU:total 6 (initial active 6) (6 cores per cpu, 1 threads per core) family 6 model 158 stepping 10, cmov, cx8, fxsr, mmx, sse, sse2, sse3, ssse3, sse4.1, sse4.2, popcnt, avx, avx2, aes, clmul, erms, 3dnowpref, lzcnt, tsc, tscinvbit, bmi1, bmi2, adx

/proc/cpuinfo:
processor	: 0
vendor_id	: GenuineIntel
cpu family	: 6
model		: 158
model name	: Intel(R) Core(TM) i5-8400 CPU @ 2.80GHz
stepping	: 10
microcode	: 0x96
cpu MHz		: 3800.111
cache size	: 9216 KB
physical id	: 0
siblings	: 6
core id		: 0
cpu cores	: 6
apicid		: 0
initial apicid	: 0
fpu		: yes
fpu_exception	: yes
cpuid level	: 22
wp		: yes
flags		: fpu vme de pse tsc msr pae mce cx8 apic sep mtrr pge mca cmov pat pse36 clflush dts acpi mmx fxsr sse sse2 ss ht tm pbe syscall nx pdpe1gb rdtscp lm constant_tsc art arch_perfmon pebs bts rep_good nopl xtopology nonstop_tsc cpuid aperfmperf tsc_known_freq pni pclmulqdq dtes64 monitor ds_cpl vmx est tm2 ssse3 sdbg fma cx16 xtpr pdcm pcid sse4_1 sse4_2 x2apic movbe popcnt tsc_deadline_timer aes xsave avx f16c rdrand lahf_lm abm 3dnowprefetch cpuid_fault invpcid_single pti ssbd ibrs ibpb stibp tpr_shadow vnmi flexpriority ept vpid fsgsbase tsc_adjust bmi1 avx2 smep bmi2 erms invpcid mpx rdseed adx smap clflushopt intel_pt xsaveopt xsavec xgetbv1 xsaves dtherm ida arat pln pts hwp hwp_notify hwp_act_window hwp_epp flush_l1d
bugs		: cpu_meltdown spectre_v1 spectre_v2 spec_store_bypass l1tf
bogomips	: 5616.00
clflush size	: 64
cache_alignment	: 64
address sizes	: 39 bits physical, 48 bits virtual
power management:

processor	: 1
vendor_id	: GenuineIntel
cpu family	: 6
model		: 158
model name	: Intel(R) Core(TM) i5-8400 CPU @ 2.80GHz
stepping	: 10
microcode	: 0x96
cpu MHz		: 3800.000
cache size	: 9216 KB
physical id	: 0
siblings	: 6
core id		: 1
cpu cores	: 6
apicid		: 2
initial apicid	: 2
fpu		: yes
fpu_exception	: yes
cpuid level	: 22
wp		: yes
flags		: fpu vme de pse tsc msr pae mce cx8 apic sep mtrr pge mca cmov pat pse36 clflush dts acpi mmx fxsr sse sse2 ss ht tm pbe syscall nx pdpe1gb rdtscp lm constant_tsc art arch_perfmon pebs bts rep_good nopl xtopology nonstop_tsc cpuid aperfmperf tsc_known_freq pni pclmulqdq dtes64 monitor ds_cpl vmx est tm2 ssse3 sdbg fma cx16 xtpr pdcm pcid sse4_1 sse4_2 x2apic movbe popcnt tsc_deadline_timer aes xsave avx f16c rdrand lahf_lm abm 3dnowprefetch cpuid_fault invpcid_single pti ssbd ibrs ibpb stibp tpr_shadow vnmi flexpriority ept vpid fsgsbase tsc_adjust bmi1 avx2 smep bmi2 erms invpcid mpx rdseed adx smap clflushopt intel_pt xsaveopt xsavec xgetbv1 xsaves dtherm ida arat pln pts hwp hwp_notify hwp_act_window hwp_epp flush_l1d
bugs		: cpu_meltdown spectre_v1 spectre_v2 spec_store_bypass l1tf
bogomips	: 5616.00
clflush size	: 64
cache_alignment	: 64
address sizes	: 39 bits physical, 48 bits virtual
power management:

processor	: 2
vendor_id	: GenuineIntel
cpu family	: 6
model		: 158
model name	: Intel(R) Core(TM) i5-8400 CPU @ 2.80GHz
stepping	: 10
microcode	: 0x96
cpu MHz		: 3800.157
cache size	: 9216 KB
physical id	: 0
siblings	: 6
core id		: 2
cpu cores	: 6
apicid		: 4
initial apicid	: 4
fpu		: yes
fpu_exception	: yes
cpuid level	: 22
wp		: yes
flags		: fpu vme de pse tsc msr pae mce cx8 apic sep mtrr pge mca cmov pat pse36 clflush dts acpi mmx fxsr sse sse2 ss ht tm pbe syscall nx pdpe1gb rdtscp lm constant_tsc art arch_perfmon pebs bts rep_good nopl xtopology nonstop_tsc cpuid aperfmperf tsc_known_freq pni pclmulqdq dtes64 monitor ds_cpl vmx est tm2 ssse3 sdbg fma cx16 xtpr pdcm pcid sse4_1 sse4_2 x2apic movbe popcnt tsc_deadline_timer aes xsave avx f16c rdrand lahf_lm abm 3dnowprefetch cpuid_fault invpcid_single pti ssbd ibrs ibpb stibp tpr_shadow vnmi flexpriority ept vpid fsgsbase tsc_adjust bmi1 avx2 smep bmi2 erms invpcid mpx rdseed adx smap clflushopt intel_pt xsaveopt xsavec xgetbv1 xsaves dtherm ida arat pln pts hwp hwp_notify hwp_act_window hwp_epp flush_l1d
bugs		: cpu_meltdown spectre_v1 spectre_v2 spec_store_bypass l1tf
bogomips	: 5616.00
clflush size	: 64
cache_alignment	: 64
address sizes	: 39 bits physical, 48 bits virtual
power management:

processor	: 3
vendor_id	: GenuineIntel
cpu family	: 6
model		: 158
model name	: Intel(R) Core(TM) i5-8400 CPU @ 2.80GHz
stepping	: 10
microcode	: 0x96
cpu MHz		: 3800.075
cache size	: 9216 KB
physical id	: 0
siblings	: 6
core id		: 3
cpu cores	: 6
apicid		: 6
initial apicid	: 6
fpu		: yes
fpu_exception	: yes
cpuid level	: 22
wp		: yes
flags		: fpu vme de pse tsc msr pae mce cx8 apic sep mtrr pge mca cmov pat pse36 clflush dts acpi mmx fxsr sse sse2 ss ht tm pbe syscall nx pdpe1gb rdtscp lm constant_tsc art arch_perfmon pebs bts rep_good nopl xtopology nonstop_tsc cpuid aperfmperf tsc_known_freq pni pclmulqdq dtes64 monitor ds_cpl vmx est tm2 ssse3 sdbg fma cx16 xtpr pdcm pcid sse4_1 sse4_2 x2apic movbe popcnt tsc_deadline_timer aes xsave avx f16c rdrand lahf_lm abm 3dnowprefetch cpuid_fault invpcid_single pti ssbd ibrs ibpb stibp tpr_shadow vnmi flexpriority ept vpid fsgsbase tsc_adjust bmi1 avx2 smep bmi2 erms invpcid mpx rdseed adx smap clflushopt intel_pt xsaveopt xsavec xgetbv1 xsaves dtherm ida arat pln pts hwp hwp_notify hwp_act_window hwp_epp flush_l1d
bugs		: cpu_meltdown spectre_v1 spectre_v2 spec_store_bypass l1tf
bogomips	: 5616.00
clflush size	: 64
cache_alignment	: 64
address sizes	: 39 bits physical, 48 bits virtual
power management:

processor	: 4
vendor_id	: GenuineIntel
cpu family	: 6
model		: 158
model name	: Intel(R) Core(TM) i5-8400 CPU @ 2.80GHz
stepping	: 10
microcode	: 0x96
cpu MHz		: 3799.956
cache size	: 9216 KB
physical id	: 0
siblings	: 6
core id		: 4
cpu cores	: 6
apicid		: 8
initial apicid	: 8
fpu		: yes
fpu_exception	: yes
cpuid level	: 22
wp		: yes
flags		: fpu vme de pse tsc msr pae mce cx8 apic sep mtrr pge mca cmov pat pse36 clflush dts acpi mmx fxsr sse sse2 ss ht tm pbe syscall nx pdpe1gb rdtscp lm constant_tsc art arch_perfmon pebs bts rep_good nopl xtopology nonstop_tsc cpuid aperfmperf tsc_known_freq pni pclmulqdq dtes64 monitor ds_cpl vmx est tm2 ssse3 sdbg fma cx16 xtpr pdcm pcid sse4_1 sse4_2 x2apic movbe popcnt tsc_deadline_timer aes xsave avx f16c rdrand lahf_lm abm 3dnowprefetch cpuid_fault invpcid_single pti ssbd ibrs ibpb stibp tpr_shadow vnmi flexpriority ept vpid fsgsbase tsc_adjust bmi1 avx2 smep bmi2 erms invpcid mpx rdseed adx smap clflushopt intel_pt xsaveopt xsavec xgetbv1 xsaves dtherm ida arat pln pts hwp hwp_notify hwp_act_window hwp_epp flush_l1d
bugs		: cpu_meltdown spectre_v1 spectre_v2 spec_store_bypass l1tf
bogomips	: 5616.00
clflush size	: 64
cache_alignment	: 64
address sizes	: 39 bits physical, 48 bits virtual
power management:

processor	: 5
vendor_id	: GenuineIntel
cpu family	: 6
model		: 158
model name	: Intel(R) Core(TM) i5-8400 CPU @ 2.80GHz
stepping	: 10
microcode	: 0x96
cpu MHz		: 3800.043
cache size	: 9216 KB
physical id	: 0
siblings	: 6
core id		: 5
cpu cores	: 6
apicid		: 10
initial apicid	: 10
fpu		: yes
fpu_exception	: yes
cpuid level	: 22
wp		: yes
flags		: fpu vme de pse tsc msr pae mce cx8 apic sep mtrr pge mca cmov pat pse36 clflush dts acpi mmx fxsr sse sse2 ss ht tm pbe syscall nx pdpe1gb rdtscp lm constant_tsc art arch_perfmon pebs bts rep_good nopl xtopology nonstop_tsc cpuid aperfmperf tsc_known_freq pni pclmulqdq dtes64 monitor ds_cpl vmx est tm2 ssse3 sdbg fma cx16 xtpr pdcm pcid sse4_1 sse4_2 x2apic movbe popcnt tsc_deadline_timer aes xsave avx f16c rdrand lahf_lm abm 3dnowprefetch cpuid_fault invpcid_single pti ssbd ibrs ibpb stibp tpr_shadow vnmi flexpriority ept vpid fsgsbase tsc_adjust bmi1 avx2 smep bmi2 erms invpcid mpx rdseed adx smap clflushopt intel_pt xsaveopt xsavec xgetbv1 xsaves dtherm ida arat pln pts hwp hwp_notify hwp_act_window hwp_epp flush_l1d
bugs		: cpu_meltdown spectre_v1 spectre_v2 spec_store_bypass l1tf
bogomips	: 5616.00
clflush size	: 64
cache_alignment	: 64
address sizes	: 39 bits physical, 48 bits virtual
power management:



Memory: 4k page, physical 16383468k(6851676k free), swap 2097148k(2097148k free)

vm_info: Java HotSpot(TM) 64-Bit Server VM (25.201-b09) for linux-amd64 JRE (1.8.0_201-b09), built on Dec 15 2018 11:35:59 by "java_re" with gcc 7.3.0

time: Mon Feb 25 23:24:30 2019
timezone: PST
elapsed time: 1 seconds (0d 0h 0m 1s)

